<?xml version="1.0" encoding="utf-8"?><testsuites name="pytest tests"><testsuite name="pytest" errors="0" failures="0" skipped="1" tests="380" time="105.633" timestamp="2026-08-30T19:35:06.640166+08:00" hostname="DESKTOP-A0OTR0G"><testcase classname="tests.test_adapters_v2" name="test_crypto_fixture_adapters_cover_required_events_and_replay_l2[binance-binance_adapter-binance-3330859181cb817bcc90c347982bb4b90a085fa4db9fca225259cdfd8ff9139c]" time="0.008" /><testcase classname="tests.test_adapters_v2" name="test_crypto_fixture_adapters_cover_required_events_and_replay_l2[okx-okx_adapter-okx-7f371cef6144aafc191d055b4500f3ef6a38df65349c72f3b9dd418f156e9d00]" time="0.007" /><testcase classname="tests.test_adapters_v2" name="test_binance_and_okx_map_to_same_stable_instrument_ids" time="0.007" /><testcase classname="tests.test_adapters_v2" name="test_crypto_fixtures_enter_normalized_layer_without_quarantine" time="0.964" /><testcase classname="tests.test_adapters_v2" name="test_domestic_neutral_fixture_is_explicitly_not_market_data_certified" time="0.004" /><testcase classname="tests.test_adapters_v2" name="test_domestic_neutral_adapter_rejects_market_certification_claim" time="0.001" /><testcase classname="tests.test_adapters_v2" name="test_provider_sequence_gap_is_rejected_before_v2_emission" time="0.002" /><testcase classname="tests.test_adapters_v2" name="test_binance_update_range_and_okx_trade_side_are_strict" time="0.002" /><testcase classname="tests.test_adapters_v2" name="test_book_sequence_state_rolls_back_after_snapshot_and_delta_conversion_failure" time="0.002" /><testcase classname="tests.test_adapters_v2" name="test_okx_legacy_fixture_crc32_fails_closed_and_corrected_messages_are_retryable" time="0.002" /><testcase classname="tests.test_adapters_v2" name="test_okx_current_checksum_zero_and_equal_sequence_heartbeat_contract" time="0.002" /><testcase classname="tests.test_adapters_v2" name="test_okx_maintenance_reset_poison_survives_transaction_until_fresh_snapshot" time="0.003" /><testcase classname="tests.test_adapters_v2" name="test_fixture_index_hashes_are_exact" time="0.001" /><testcase classname="tests.test_adapters_v2" name="test_adapter_context_time_and_sequence_primitives_fail_closed" time="0.004" /><testcase classname="tests.test_adapters_v2" name="test_adapter_constructors_and_unknown_message_kinds_are_strict" time="0.005" /><testcase classname="tests.test_benchmark_capture_v2" name="test_dense_burst_fixture_has_frozen_depth_and_expected_row_density" time="0.007" /><testcase classname="tests.test_benchmark_capture_v2" name="test_sparse_fixture_is_retained_and_fixture_guards_fail_closed" time="0.004" /><testcase classname="tests.test_benchmark_capture_v2" name="test_epoch_group_is_fail_closed_and_preserves_per_journal_counts" time="0.005" /><testcase classname="tests.test_benchmark_capture_v2" name="test_epoch_executor_and_journal_decode_negative_branches" time="0.016" /><testcase classname="tests.test_benchmark_capture_v2" name="test_provider_batching_executor_propagates_results_and_failures" time="0.002" /><testcase classname="tests.test_benchmark_capture_v2" name="test_benchmark_timing_excludes_only_post_report_worker_teardown" time="0.002" /><testcase classname="tests.test_benchmark_normalized_l2" name="test_synthetic_l2_fixture_is_sequential_and_schema_valid" time="0.002" /><testcase classname="tests.test_benchmark_normalized_l2" name="test_small_benchmark_proves_end_to_end_determinism" time="0.864" /><testcase classname="tests.test_capture_v2_collector_cli_transport" name="test_full_eight_stream_bounded_probe_archives_and_normalizes" time="7.292" /><testcase classname="tests.test_capture_v2_collector_cli_transport" name="test_preflight_same_physical_volume_pauses_without_network" time="0.023" /><testcase classname="tests.test_capture_v2_collector_cli_transport" name="test_connect_failures_use_bounded_retry_and_end_paused" time="0.159" /><testcase classname="tests.test_capture_v2_collector_cli_transport" name="test_archive_failure_pauses_stream_and_is_not_silently_counted" time="0.340" /><testcase classname="tests.test_capture_v2_collector_cli_transport" name="test_cli_config_rejects_credentials_unknowns_and_defaults_to_safe_preflight" time="0.049" /><testcase classname="tests.test_capture_v2_collector_cli_transport" name="test_cli_run_requires_confirmation_and_probe_bound" time="0.010" /><testcase classname="tests.test_capture_v2_collector_cli_transport" name="test_cli_nested_guards_custom_streams_and_success_modes" time="0.036" /><testcase classname="tests.test_capture_v2_collector_cli_transport" name="test_runner_fail_closed_internal_guards_and_raw_metadata" time="0.122" /><testcase classname="tests.test_capture_v2_collector_cli_transport" name="test_unverified_archive_receipt_pauses_before_lineage" time="0.032" /><testcase classname="tests.test_capture_v2_collector_cli_transport" name="test_urllib_http_client_preserves_bytes_tls_and_errors" time="0.009" /><testcase classname="tests.test_capture_v2_collector_cli_transport" name="test_websocket_transport_wrapper_bytes_text_timeout_and_tls" time="0.056" /><testcase classname="tests.test_capture_v2_models_storage" name="test_default_scope_is_exact_sorted_and_credential_free" time="0.002" /><testcase classname="tests.test_capture_v2_models_storage" name="test_scope_config_stream_and_retry_guards" time="0.007" /><testcase classname="tests.test_capture_v2_models_storage" name="test_symbol_mapping_resolution_is_effective_and_point_in_time" time="0.002" /><testcase classname="tests.test_capture_v2_models_storage" name="test_raw_frame_round_trip_and_monotonic_clock" time="0.002" /><testcase classname="tests.test_capture_v2_models_storage" name="test_state_machine_audits_legal_illegal_and_sink_failure" time="0.002" /><testcase classname="tests.test_capture_v2_models_storage" name="test_storage_preflight_requires_distinct_physical_capacity_and_existing_paths" time="0.011" /><testcase classname="tests.test_capture_v2_models_storage" name="test_archive_preflight_segment_rotation_restore_and_no_cleanup" time="0.214" /><testcase classname="tests.test_capture_v2_models_storage" name="test_segment_time_rotation_identity_order_and_capacity_fail_closed" time="0.075" /><testcase classname="tests.test_capture_v2_models_storage" name="test_archive_missing_restore_and_hash_failure_pause" time="0.178" /><testcase classname="tests.test_capture_v2_models_storage" name="test_storage_negative_capacity_rotation_and_immutable_paths" time="0.101" /><testcase classname="tests.test_capture_v2_models_storage" name="test_archive_preflight_mismatch_and_raw_segment_line_fail_closed" time="0.100" /><testcase classname="tests.test_capture_v2_models_storage" name="test_physical_volume_probe_failures_and_symlink_are_fail_closed" time="0.007" /><testcase classname="tests.test_capture_v2_remediation" name="test_durable_audit_commits_before_state_and_reloads" time="0.058" /><testcase classname="tests.test_capture_v2_remediation" name="test_illegal_transition_is_durable_and_failed_illegal_audit_is_not_counted" time="0.050" /><testcase classname="tests.test_capture_v2_remediation" name="test_default_hot_path_amortizes_tree_capacity_and_fsync_probes" time="0.054" /><testcase classname="tests.test_capture_v2_remediation" name="test_normalized_append_uses_bounded_fsync_batches" time="0.033" /><testcase classname="tests.test_capture_v2_remediation" name="test_normalized_finalize_publish_failure_retains_journal_and_retries" time="0.438" /><testcase classname="tests.test_capture_v2_remediation" name="test_normalized_crash_after_publish_reconciles_prepared_transaction" time="0.658" /><testcase classname="tests.test_capture_v2_remediation" name="test_reconciliation_binds_aborts_to_their_prepared_attempt" time="0.675" /><testcase classname="tests.test_capture_v2_remediation" name="test_pending_transaction_rejects_mutation_and_malformed_time" time="0.362" /><testcase classname="tests.test_capture_v2_remediation" name="test_epoch_recovery_rejects_reparse_journal_parent" time="0.160" /><testcase classname="tests.test_capture_v2_remediation" name="test_epoch_creation_rejects_real_windows_junction" time="0.022" /><testcase classname="tests.test_capture_v2_remediation" name="test_epoch_journal_helpers_and_reconcile_shapes_fail_closed" time="0.025" /><testcase classname="tests.test_capture_v2_remediation" name="test_normalized_receipt_failure_abort_failure_and_process_recovery" time="0.815" /><testcase classname="tests.test_capture_v2_remediation" name="test_frozen_scope_rejects_fake_duplicate_crosswire_and_wrong_domains" time="0.002" /><testcase classname="tests.test_capture_v2_remediation" name="test_atomic_immutable_publish_is_thread_and_process_race_safe" time="0.942" /><testcase classname="tests.test_capture_v2_remediation" name="test_archive_rejects_identity_change_and_reparse_final_parent" time="0.127" /><testcase classname="tests.test_capture_v2_remediation" name="test_probe_budget_covers_okx_control_frames_without_snapshot" time="0.431" /><testcase classname="tests.test_capture_v2_remediation" name="test_cancel_flushes_archives_aborts_and_persists_paused" time="0.385" /><testcase classname="tests.test_capture_v2_remediation" name="test_coordinator_cancels_peer_streams_and_still_persists_eight_failures" time="1.041" /><testcase classname="tests.test_capture_v2_remediation" name="test_preflight_report_uses_honest_zero_audit_and_report_publish_fails_closed" time="0.028" /><testcase classname="tests.test_capture_v2_remediation" name="test_storage_guard_path_audit_and_incremental_negative_branches" time="0.028" /><testcase classname="tests.test_capture_v2_remediation" name="test_storage_ack_reload_identity_and_restore_parent_fail_closed" time="0.072" /><testcase classname="tests.test_capture_v2_remediation" name="test_epoch_recovery_and_abort_negative_branches" time="0.606" /><testcase classname="tests.test_capture_v2_remediation" name="test_coordinator_blocks_network_when_epoch_reconciliation_fails" time="0.063" /><testcase classname="tests.test_capture_v2_remediation" name="test_coordinator_reports_reconciled_epoch_before_network" time="7.356" /><testcase classname="tests.test_capture_v2_remediation" name="test_collector_deadline_malformed_snapshot_and_internal_guards" time="0.132" /><testcase classname="tests.test_capture_v2_remediation" name="test_runner_audit_failure_and_coordinator_run_preflight_failure" time="0.103" /><testcase classname="tests.test_capture_v2_remediation" name="test_coordinator_unhandled_stream_exception_and_outer_cancel_still_report_eight" time="0.808" /><testcase classname="tests.test_capture_v2_remediation" name="test_epoch_recovery_rejects_each_prepared_identity_field[state-changes0]" time="0.189" /><testcase classname="tests.test_capture_v2_remediation" name="test_epoch_recovery_rejects_each_prepared_identity_field[epoch-changes1]" time="0.193" /><testcase classname="tests.test_capture_v2_remediation" name="test_epoch_recovery_rejects_each_prepared_identity_field[stream-changes2]" time="0.210" /><testcase classname="tests.test_capture_v2_remediation" name="test_epoch_recovery_rejects_each_prepared_identity_field[provider-changes3]" time="0.218" /><testcase classname="tests.test_capture_v2_remediation" name="test_epoch_recovery_rejects_each_prepared_identity_field[venue-changes4]" time="0.235" /><testcase classname="tests.test_capture_v2_remediation" name="test_epoch_recovery_rejects_each_prepared_identity_field[policy-changes5]" time="0.196" /><testcase classname="tests.test_capture_v2_remediation" name="test_epoch_recovery_rejects_each_prepared_identity_field[attempt-changes6]" time="0.222" /><testcase classname="tests.test_capture_v2_remediation" name="test_epoch_recovery_rejects_each_committed_identity_field[state-changes0]" time="0.424" /><testcase classname="tests.test_capture_v2_remediation" name="test_epoch_recovery_rejects_each_committed_identity_field[epoch-changes1]" time="0.420" /><testcase classname="tests.test_capture_v2_remediation" name="test_epoch_recovery_rejects_each_committed_identity_field[stream-changes2]" time="0.414" /><testcase classname="tests.test_capture_v2_remediation" name="test_epoch_recovery_rejects_each_committed_identity_field[prepared-changes3]" time="0.426" /><testcase classname="tests.test_capture_v2_remediation" name="test_epoch_recovery_rejects_each_explicit_abort_identity_field[state-changes0]" time="0.076" /><testcase classname="tests.test_capture_v2_remediation" name="test_epoch_recovery_rejects_each_explicit_abort_identity_field[epoch-changes1]" time="0.086" /><testcase classname="tests.test_capture_v2_remediation" name="test_epoch_recovery_rejects_each_explicit_abort_identity_field[stream-changes2]" time="0.068" /><testcase classname="tests.test_capture_v2_remediation" name="test_epoch_recovery_rejects_each_explicit_abort_identity_field[prepared-changes3]" time="0.067" /><testcase classname="tests.test_capture_v2_remediation" name="test_epoch_recovery_rejects_failure_lineage_reference_and_filename" time="0.752" /><testcase classname="tests.test_capture_v2_remediation" name="test_epoch_legacy_failure_and_pending_manifest_negative_paths" time="1.067" /><testcase classname="tests.test_capture_v2_remediation" name="test_epoch_recovery_rejects_identity_part_count_open_part_and_bad_flush" time="0.781" /><testcase classname="tests.test_capture_v2_remediation" name="test_epoch_receipt_reload_mismatch_is_audited_and_retryable" time="0.401" /><testcase classname="tests.test_capture_v2_remediation" name="test_epoch_abort_publish_failure_keeps_retryable_open_state" time="0.038" /><testcase classname="tests.test_capture_v2_remediation" name="test_runner_prepaused_retry_success_and_binance_multiframe_bridge" time="2.455" /><testcase classname="tests.test_capture_v2_remediation" name="test_cancellation_during_retry_backoff_still_persists_terminal_report" time="0.150" /><testcase classname="tests.test_capture_v2_synchronizers_epoch" name="test_binance_futures_snapshot_bridge_pu_chain_and_absent_delete_audit" time="0.002" /><testcase classname="tests.test_capture_v2_synchronizers_epoch" name="test_binance_spot_continuity_snapshot_lag_and_usdm_pu_fail_closed" time="0.004" /><testcase classname="tests.test_capture_v2_synchronizers_epoch" name="test_binance_snapshot_malformed_and_crossed[payload0-snapshot is malformed]" time="0.002" /><testcase classname="tests.test_capture_v2_synchronizers_epoch" name="test_binance_snapshot_malformed_and_crossed[payload1-crossed]" time="0.001" /><testcase classname="tests.test_capture_v2_synchronizers_epoch" name="test_binance_unexpected_messages_ranges_mapping_and_update_before_snapshot" time="0.002" /><testcase classname="tests.test_capture_v2_synchronizers_epoch" name="test_okx_snapshot_heartbeat_updates_deprecated_checksum_and_maintenance_reset" time="0.002" /><testcase classname="tests.test_capture_v2_synchronizers_epoch" name="test_okx_gap_heartbeat_levels_errors_and_envelope_guards" time="0.003" /><testcase classname="tests.test_capture_v2_synchronizers_epoch" name="test_binance_wire_and_book_negative_branches_are_fail_closed" time="0.007" /><testcase classname="tests.test_capture_v2_synchronizers_epoch" name="test_mapping_disagreement_and_okx_non_object_item_require_resync" time="0.003" /><testcase classname="tests.test_capture_v2_synchronizers_epoch" name="test_sequence_normalizer_no_change_branch_is_strict" time="0.001" /><testcase classname="tests.test_capture_v2_synchronizers_epoch" name="test_normalized_epoch_journal_publishes_complete_raw_lineage" time="0.437" /><testcase classname="tests.test_capture_v2_synchronizers_epoch" name="test_epoch_empty_abort_duplicate_lineage_and_missing_raw_are_visible" time="0.225" /><testcase classname="tests.test_capture_v2_synchronizers_epoch" name="test_epoch_configuration_closed_abort_and_part_integrity_guards" time="0.112" /><testcase classname="tests.test_catalog" name="test_catalog_register_and_list" time="0.030" /><testcase classname="tests.test_catalog_factors" name="test_catalog_registers_quant_factors_stack" time="0.003" /><testcase classname="tests.test_catalog_factors" name="test_qdk_catalog_list_shows_factors_version" time="0.006" /><testcase classname="tests.test_curated" name="test_session_bar_aggregation_is_deterministic_and_session_anchored" time="0.004" /><testcase classname="tests.test_curated" name="test_session_bar_refuses_missing_or_future_session_start" time="0.002" /><testcase classname="tests.test_curated" name="test_curated_revision_is_immutable_and_lineage_changes_snapshot" time="2.363" /><testcase classname="tests.test_curated" name="test_curated_partition_mutation_is_detected" time="0.711" /><testcase classname="tests.test_curated" name="test_curated_reader_rejects_dataset_and_snapshot_path_traversal" time="0.003" /><testcase classname="tests.test_data_lake" name="test_raw_bytes_are_immutable_idempotent_and_conflict_on_key_reuse" time="0.127" /><testcase classname="tests.test_data_lake" name="test_raw_mutation_is_detected" time="0.089" /><testcase classname="tests.test_data_lake" name="test_raw_request_metadata_must_be_canonical_json" time="0.003" /><testcase classname="tests.test_data_lake" name="test_capacity_policy_stops_with_explicit_alert" time="0.001" /><testcase classname="tests.test_data_lake" name="test_cleanup_requires_verified_archive_restore_and_explicit_confirmation" time="0.182" /><testcase classname="tests.test_data_lake" name="test_normalized_partitions_quarantine_bad_stream_and_pin_duckdb_snapshot" time="0.743" /><testcase classname="tests.test_data_lake" name="test_normalized_partition_mutation_fails_hash_validation" time="0.236" /><testcase classname="tests.test_data_lake" name="test_normalized_l2_cross_is_quarantined_before_research_layer" time="0.147" /><testcase classname="tests.test_data_lake" name="test_normalized_l2_checkpoint_mismatch_is_quarantined" time="0.120" /><testcase classname="tests.test_data_lake" name="test_provider_mismatch_and_non_finite_payload_are_quarantine_evidence" time="0.119" /><testcase classname="tests.test_integrity_branch_gates" name="test_legacy_mapping_writer_rejects_untrusted_duplicate_and_cross_provider_raw" time="0.068" /><testcase classname="tests.test_integrity_branch_gates" name="test_normalized_manifest_defense_branches[&lt;lambda&gt;-False-identity mismatch]" time="0.232" /><testcase classname="tests.test_integrity_branch_gates" name="test_normalized_manifest_defense_branches[&lt;lambda&gt;-True-Raw source]" time="0.222" /><testcase classname="tests.test_integrity_branch_gates" name="test_normalized_manifest_defense_branches[&lt;lambda&gt;-True-duplicate partition]" time="0.249" /><testcase classname="tests.test_integrity_branch_gates" name="test_normalized_manifest_defense_branches[&lt;lambda&gt;-True-provider/venue]" time="0.220" /><testcase classname="tests.test_integrity_branch_gates" name="test_normalized_manifest_defense_branches[&lt;lambda&gt;-True-event/schema]" time="0.225" /><testcase classname="tests.test_integrity_branch_gates" name="test_normalized_manifest_defense_branches[&lt;lambda&gt;-True-path metadata]" time="0.236" /><testcase classname="tests.test_integrity_branch_gates" name="test_normalized_manifest_defense_branches[&lt;lambda&gt;-True-row count]" time="0.248" /><testcase classname="tests.test_integrity_branch_gates" name="test_normalized_manifest_defense_branches[&lt;lambda&gt;-True-logical content]" time="0.251" /><testcase classname="tests.test_integrity_branch_gates" name="test_normalized_manifest_defense_branches[&lt;lambda&gt;-False-total row]" time="0.240" /><testcase classname="tests.test_integrity_branch_gates" name="test_normalized_manifest_defense_branches[&lt;lambda&gt;-True-event claims]" time="0.247" /><testcase classname="tests.test_integrity_branch_gates" name="test_normalized_file_shape_and_private_guard_branches" time="0.465" /><testcase classname="tests.test_integrity_branch_gates" name="test_atomic_staging_and_missing_claim_slow_path_guards" time="0.049" /><testcase classname="tests.test_integrity_branch_gates" name="test_normalized_claim_schema_and_manifest_file_shape" time="0.480" /><testcase classname="tests.test_integrity_branch_gates" name="test_legacy_normalized_manifest_remains_strictly_verifiable[&lt;lambda&gt;-False-identity mismatch]" time="0.184" /><testcase classname="tests.test_integrity_branch_gates" name="test_legacy_normalized_manifest_remains_strictly_verifiable[&lt;lambda&gt;-True-Raw source]" time="0.165" /><testcase classname="tests.test_integrity_branch_gates" name="test_legacy_normalized_manifest_remains_strictly_verifiable[&lt;lambda&gt;-True-duplicate partition]" time="0.186" /><testcase classname="tests.test_integrity_branch_gates" name="test_legacy_normalized_manifest_remains_strictly_verifiable[&lt;lambda&gt;-True-provider/venue]" time="0.177" /><testcase classname="tests.test_integrity_branch_gates" name="test_legacy_normalized_manifest_remains_strictly_verifiable[&lt;lambda&gt;-True-event/schema]" time="0.183" /><testcase classname="tests.test_integrity_branch_gates" name="test_legacy_normalized_manifest_remains_strictly_verifiable[&lt;lambda&gt;-True-path metadata]" time="0.178" /><testcase classname="tests.test_integrity_branch_gates" name="test_legacy_normalized_manifest_remains_strictly_verifiable[&lt;lambda&gt;-True-row count]" time="0.178" /><testcase classname="tests.test_integrity_branch_gates" name="test_legacy_normalized_manifest_remains_strictly_verifiable[&lt;lambda&gt;-True-logical content]" time="0.183" /><testcase classname="tests.test_integrity_branch_gates" name="test_legacy_normalized_manifest_remains_strictly_verifiable[&lt;lambda&gt;-False-total row]" time="0.179" /><testcase classname="tests.test_integrity_branch_gates" name="test_legacy_normalized_manifest_remains_strictly_verifiable[&lt;lambda&gt;-True-event claims]" time="0.183" /><testcase classname="tests.test_integrity_branch_gates" name="test_legacy_claim_recovery_conflict_and_file_shape_are_fail_closed" time="0.512" /><testcase classname="tests.test_integrity_branch_gates" name="test_legacy_snapshot_rejects_unexpected_file" time="0.177" /><testcase classname="tests.test_integrity_branch_gates" name="test_raw_path_staging_and_archive_negative_guards" time="0.093" /><testcase classname="tests.test_integrity_branch_gates" name="test_cleanup_audit_and_legacy_claim_malformed_evidence_fail_closed" time="0.440" /><testcase classname="tests.test_integrity_branch_gates" name="test_curated_manifest_defense_branches[&lt;lambda&gt;-False-identity mismatch]" time="0.628" /><testcase classname="tests.test_integrity_branch_gates" name="test_curated_manifest_defense_branches[&lt;lambda&gt;-True-lineage]" time="0.618" /><testcase classname="tests.test_integrity_branch_gates" name="test_curated_manifest_defense_branches[&lt;lambda&gt;-True-lineage hash]" time="0.690" /><testcase classname="tests.test_integrity_branch_gates" name="test_curated_manifest_defense_branches[&lt;lambda&gt;-True-duplicate partition]" time="0.698" /><testcase classname="tests.test_integrity_branch_gates" name="test_curated_manifest_defense_branches[&lt;lambda&gt;-True-frozen Bar schema]" time="0.693" /><testcase classname="tests.test_integrity_branch_gates" name="test_curated_manifest_defense_branches[&lt;lambda&gt;-True-path metadata]" time="0.695" /><testcase classname="tests.test_integrity_branch_gates" name="test_curated_manifest_defense_branches[&lt;lambda&gt;-True-row count]" time="0.705" /><testcase classname="tests.test_integrity_branch_gates" name="test_curated_manifest_defense_branches[&lt;lambda&gt;-True-logical content]" time="0.708" /><testcase classname="tests.test_integrity_branch_gates" name="test_curated_manifest_defense_branches[&lt;lambda&gt;-False-row count]" time="0.682" /><testcase classname="tests.test_integrity_branch_gates" name="test_curated_manifest_file_and_extra_file_guards" time="1.319" /><testcase classname="tests.test_integrity_branch_gates" name="test_l2_reconstructed_empty_level_guard" time="0.001" /><testcase classname="tests.test_l2_replay" name="test_snapshot_delta_replay_and_checkpoint_hash_are_deterministic" time="0.007" /><testcase classname="tests.test_l2_replay" name="test_gap_duplicate_and_out_of_order_are_rejected[events0-gap, duplicate, or out-of-order]" time="0.003" /><testcase classname="tests.test_l2_replay" name="test_gap_duplicate_and_out_of_order_are_rejected[events1-Duplicate event_id]" time="0.002" /><testcase classname="tests.test_l2_replay" name="test_gap_duplicate_and_out_of_order_are_rejected[events2-gap, duplicate, or out-of-order]" time="0.002" /><testcase classname="tests.test_l2_replay" name="test_crossed_delta_is_transactional_and_does_not_pollute_state" time="0.002" /><testcase classname="tests.test_l2_replay" name="test_atomic_multi_level_group_matches_serial_golden_and_checks_book_once" time="0.004" /><testcase classname="tests.test_l2_replay" name="test_atomic_multi_level_group_allows_transient_cross_but_commits_valid_final_book" time="0.002" /><testcase classname="tests.test_l2_replay" name="test_atomic_multi_level_group_rejects_bad_row_and_rolls_back[&lt;lambda&gt;-gap, duplicate]" time="0.002" /><testcase classname="tests.test_l2_replay" name="test_atomic_multi_level_group_rejects_bad_row_and_rolls_back[&lt;lambda&gt;-strictly advance]" time="0.002" /><testcase classname="tests.test_l2_replay" name="test_atomic_multi_level_group_rejects_bad_row_and_rolls_back[&lt;lambda&gt;-Unsupported L2 side]" time="0.002" /><testcase classname="tests.test_l2_replay" name="test_atomic_multi_level_group_rejects_bad_row_and_rolls_back[&lt;lambda&gt;-Unsupported L2 action]" time="0.002" /><testcase classname="tests.test_l2_replay" name="test_atomic_multi_level_group_rejects_bad_row_and_rolls_back[&lt;lambda&gt;-price must be positive]" time="0.002" /><testcase classname="tests.test_l2_replay" name="test_atomic_multi_level_group_rejects_bad_row_and_rolls_back[&lt;lambda&gt;-price scale changed]" time="0.002" /><testcase classname="tests.test_l2_replay" name="test_atomic_multi_level_group_rejects_bad_row_and_rolls_back[&lt;lambda&gt;-non-negative]" time="0.002" /><testcase classname="tests.test_l2_replay" name="test_atomic_multi_level_group_rejects_bad_row_and_rolls_back[&lt;lambda&gt;-outside0]" time="0.002" /><testcase classname="tests.test_l2_replay" name="test_atomic_multi_level_group_rejects_bad_row_and_rolls_back[&lt;lambda&gt;-outside1]" time="0.002" /><testcase classname="tests.test_l2_replay" name="test_atomic_multi_level_group_rejects_bad_row_and_rolls_back[&lt;lambda&gt;-delete delta quantity]" time="0.002" /><testcase classname="tests.test_l2_replay" name="test_atomic_multi_level_group_rejects_bad_row_and_rolls_back[&lt;lambda&gt;-upsert delta quantity]" time="0.002" /><testcase classname="tests.test_l2_replay" name="test_atomic_multi_level_group_rejects_bad_row_and_rolls_back[&lt;lambda&gt;-absent price level]" time="0.002" /><testcase classname="tests.test_l2_replay" name="test_atomic_multi_level_group_rejects_bad_row_and_rolls_back[&lt;lambda&gt;-locked or crossed]" time="0.002" /><testcase classname="tests.test_l2_replay" name="test_atomic_multi_level_group_defensive_entry_guards_preserve_state" time="0.003" /><testcase classname="tests.test_l2_replay" name="test_delete_absent_level_and_price_scale_change_are_rejected" time="0.002" /><testcase classname="tests.test_l2_replay" name="test_checkpoint_mismatch_and_missing_checkpoint_fail" time="0.004" /><testcase classname="tests.test_l2_replay" name="test_snapshot_duplicate_price_and_cross_are_rejected_by_frozen_contract" time="0.002" /><testcase classname="tests.test_l2_replay" name="test_resync_snapshot_cannot_switch_stream_identity" time="0.002" /><testcase classname="tests.test_l2_replay" name="test_uninitialized_unsupported_and_non_snapshot_entry_fail_closed" time="0.002" /><testcase classname="tests.test_l2_replay" name="test_snapshot_and_delta_time_and_sequence_must_strictly_advance" time="0.004" /><testcase classname="tests.test_l2_replay" name="test_validated_snapshot_and_batch_guards_preserve_state" time="0.003" /><testcase classname="tests.test_l2_replay" name="test_private_validated_dispatch_and_uniform_batch_fail_closed" time="0.001" /><testcase classname="tests.test_m2_audit_regressions" name="test_windows_illegal_colon_is_rejected_and_atomic_publish_is_retryable" time="0.127" /><testcase classname="tests.test_m2_audit_regressions" name="test_preexisting_half_object_is_quarantined_without_blocking_retry" time="0.143" /><testcase classname="tests.test_m2_audit_regressions" name="test_manifest_anchor_detects_coordinated_retention_and_collection_mutation" time="0.087" /><testcase classname="tests.test_m2_audit_regressions" name="test_raw_write_read_and_cleanup_reject_junction_escape" time="0.118" /><testcase classname="tests.test_m2_audit_regressions" name="test_raw_write_rejects_symbolic_link_escape" time="0.000"><skipped type="pytest.skip" message="POSIX symbolic-link regression">H:\Documents\ChatGPT\temp\puresaber-quant-platform\.worktrees\quant-data-kit-m7\tests\test_m2_audit_regressions.py:209: POSIX symbolic-link regression</skipped></testcase><testcase classname="tests.test_m2_audit_regressions" name="test_cleanup_rejects_fabricated_missing_and_remote_archives" time="0.120" /><testcase classname="tests.test_m2_audit_regressions" name="test_normalized_requires_existing_unmodified_raw_reference" time="0.079" /><testcase classname="tests.test_m2_audit_regressions" name="test_global_event_id_duplicates_across_streams_are_all_quarantined" time="0.140" /><testcase classname="tests.test_m2_audit_regressions" name="test_arrow_canonical_timestamp_and_physical_snapshot_binding" time="0.609" /><testcase classname="tests.test_m2_audit_regressions" name="test_duckdb_blocks_direct_cte_and_parameterized_external_reads" time="0.460" /><testcase classname="tests.test_m2_audit_regressions" name="test_curated_rejects_fake_lineage_and_binds_physical_content" time="0.748" /><testcase classname="tests.test_m2_audit_regressions" name="test_normalized_and_curated_writers_apply_capacity_gate" time="0.541" /><testcase classname="tests.test_m2_coverage_gates" name="test_schema_negative_branch_matrix[puresaber.quote-event-bid_price.scale-3]" time="0.001" /><testcase classname="tests.test_m2_coverage_gates" name="test_schema_negative_branch_matrix[puresaber.quote-event-bid_price.units-10002]" time="0.001" /><testcase classname="tests.test_m2_coverage_gates" name="test_schema_negative_branch_matrix[puresaber.quote-event-bid_quantity.units--1]" time="0.001" /><testcase classname="tests.test_m2_coverage_gates" name="test_schema_negative_branch_matrix[puresaber.bar-event-bar_end-2026-01-02T01:00:00Z]" time="0.001" /><testcase classname="tests.test_m2_coverage_gates" name="test_schema_negative_branch_matrix[puresaber.bar-event-event_time-2026-01-02T01:00:59Z]" time="0.001" /><testcase classname="tests.test_m2_coverage_gates" name="test_schema_negative_branch_matrix[puresaber.bar-event-close_price.scale-3]" time="0.001" /><testcase classname="tests.test_m2_coverage_gates" name="test_schema_negative_branch_matrix[puresaber.bar-event-high_price.units-9995]" time="0.002" /><testcase classname="tests.test_m2_coverage_gates" name="test_schema_negative_branch_matrix[puresaber.bar-event-low_price.units-10006]" time="0.002" /><testcase classname="tests.test_m2_coverage_gates" name="test_schema_negative_branch_matrix[puresaber.bar-event-volume.units--1]" time="0.002" /><testcase classname="tests.test_m2_coverage_gates" name="test_schema_negative_branch_matrix[puresaber.book-snapshot-event-asks.0.price.scale-3]" time="0.001" /><testcase classname="tests.test_m2_coverage_gates" name="test_schema_negative_branch_matrix[puresaber.book-snapshot-event-bids.0.quantity.units--1]" time="0.001" /><testcase classname="tests.test_m2_coverage_gates" name="test_schema_negative_branch_matrix[puresaber.book-snapshot-event-bids.0.price.units-10001]" time="0.002" /><testcase classname="tests.test_m2_coverage_gates" name="test_schema_negative_branch_matrix[puresaber.book-delta-event-previous_sequence-5]" time="0.001" /><testcase classname="tests.test_m2_coverage_gates" name="test_schema_negative_branch_matrix[puresaber.book-delta-event-quantity.units-0]" time="0.001" /><testcase classname="tests.test_m2_coverage_gates" name="test_schema_negative_branch_matrix[puresaber.funding-rate-event-rate-nan]" time="0.001" /><testcase classname="tests.test_m2_coverage_gates" name="test_schema_negative_branch_matrix[puresaber.funding-rate-event-interval_end-2026-01-02T00:00:00Z]" time="0.001" /><testcase classname="tests.test_m2_coverage_gates" name="test_schema_negative_branch_matrix[puresaber.corporate-action-event-cash_amount-None]" time="0.001" /><testcase classname="tests.test_m2_coverage_gates" name="test_schema_negative_branch_matrix[puresaber.corporate-action-event-cash_amount.units--1]" time="0.001" /><testcase classname="tests.test_m2_coverage_gates" name="test_schema_negative_branch_matrix[puresaber.corporate-action-event-currency-]" time="0.001" /><testcase classname="tests.test_m2_coverage_gates" name="test_schema_negative_branch_matrix[puresaber.instrument-spec-price_tick.units-0]" time="0.001" /><testcase classname="tests.test_m2_coverage_gates" name="test_schema_negative_branch_matrix[puresaber.instrument-spec-effective_to-2025-12-31T00:00:00Z]" time="0.001" /><testcase classname="tests.test_m2_coverage_gates" name="test_schema_negative_branch_matrix[puresaber.instrument-spec-superseded_at-2025-11-30T00:00:00Z]" time="0.001" /><testcase classname="tests.test_m2_coverage_gates" name="test_schema_negative_branch_matrix[puresaber.symbol-mapping-effective_to-2025-12-31T00:00:00Z]" time="0.001" /><testcase classname="tests.test_m2_coverage_gates" name="test_schema_negative_branch_matrix[puresaber.trading-session-closes_at-2026-01-02T00:00:00Z]" time="0.002" /><testcase classname="tests.test_m2_coverage_gates" name="test_schema_delete_delta_corporate_ratio_and_registry_fail_closed" time="0.006" /><testcase classname="tests.test_m2_coverage_gates" name="test_data_lake_guard_branches_are_explicit" time="0.009" /><testcase classname="tests.test_m2_coverage_gates" name="test_atomic_metadata_and_raw_staging_recovery_are_retryable" time="0.164" /><testcase classname="tests.test_m2_coverage_gates" name="test_raw_manifest_fields_are_independently_anchored[schema_version-1.0.0-schema/layer]" time="0.079" /><testcase classname="tests.test_m2_coverage_gates" name="test_raw_manifest_fields_are_independently_anchored[data_path-other.bin-data_path]" time="0.088" /><testcase classname="tests.test_m2_coverage_gates" name="test_raw_manifest_fields_are_independently_anchored[request-value2-request hash]" time="0.072" /><testcase classname="tests.test_m2_coverage_gates" name="test_raw_manifest_fields_are_independently_anchored[hot_retention_days-31-retention metadata]" time="0.089" /><testcase classname="tests.test_m2_coverage_gates" name="test_raw_directory_claim_and_cleanup_state_guards" time="0.232" /><testcase classname="tests.test_m2_coverage_gates" name="test_quarantine_published_batch_is_fully_verified[records]" time="0.055" /><testcase classname="tests.test_m2_coverage_gates" name="test_quarantine_published_batch_is_fully_verified[manifest-json]" time="0.046" /><testcase classname="tests.test_m2_coverage_gates" name="test_quarantine_published_batch_is_fully_verified[manifest]" time="0.046" /><testcase classname="tests.test_m2_coverage_gates" name="test_quarantine_published_batch_is_fully_verified[extra]" time="0.049" /><testcase classname="tests.test_m2_coverage_gates" name="test_empty_quarantine_and_unknown_event_helpers_are_closed" time="0.005" /><testcase classname="tests.test_m2_coverage_gates" name="test_process_lock_platform_dispatch_and_timeout_are_explicit" time="0.025" /><testcase classname="tests.test_m2_coverage_gates" name="test_raw_claim_cleanup_and_deleting_state_tampering_fail_closed" time="0.131" /><testcase classname="tests.test_m2_coverage_gates" name="test_normalized_admission_and_snapshot_metadata_guards" time="0.297" /><testcase classname="tests.test_m2_coverage_gates" name="test_curated_writer_and_reader_negative_guards" time="0.685" /><testcase classname="tests.test_m2_coverage_gates" name="test_curated_manifest_and_revision_tampering_are_rejected" time="0.726" /><testcase classname="tests.test_m2_integration" name="test_public_m2_api_and_version_are_exposed" time="0.002" /><testcase classname="tests.test_m2_integration" name="test_build_and_runtime_versions_share_one_authoritative_source" time="0.001" /><testcase classname="tests.test_m2_integration" name="test_raw_to_normalized_duckdb_l2_curated_chain_is_replayable" time="2.448" /><testcase classname="tests.test_m2_integration" name="test_domestic_fixture_chain_remains_fixture_only" time="0.236" /><testcase classname="tests.test_m2_process_integrity" name="test_raw_key_lock_is_process_safe[True]" time="1.000" /><testcase classname="tests.test_m2_process_integrity" name="test_raw_key_lock_is_process_safe[False]" time="0.988" /><testcase classname="tests.test_m2_process_integrity" name="test_raw_key_claim_survives_corruption_and_hard_exit_staging" time="1.022" /><testcase classname="tests.test_m2_process_integrity" name="test_raw_key_claim_is_source_global_across_collection_dates" time="0.101" /><testcase classname="tests.test_m2_process_integrity" name="test_cleanup_failure_is_visible_and_retry_resumes[payload.bin]" time="0.160" /><testcase classname="tests.test_m2_process_integrity" name="test_cleanup_failure_is_visible_and_retry_resumes[manifest.json]" time="0.156" /><testcase classname="tests.test_m2_process_integrity" name="test_cleanup_same_key_is_process_idempotent" time="1.041" /><testcase classname="tests.test_m2_process_integrity" name="test_quarantine_failure_and_process_concurrency_are_retryable" time="1.010" /><testcase classname="tests.test_m2_process_integrity" name="test_adapter_batch_transaction_rolls_back_final_validation_failure[binance]" time="0.009" /><testcase classname="tests.test_m2_process_integrity" name="test_adapter_batch_transaction_rolls_back_final_validation_failure[okx]" time="0.008" /><testcase classname="tests.test_m2_process_integrity" name="test_adapter_batch_transaction_rolls_back_final_validation_failure[cn_neutral]" time="0.003" /><testcase classname="tests.test_m2_process_integrity" name="test_event_claim_reuse_conflict_tamper_and_publish_retry" time="1.326" /><testcase classname="tests.test_m2_process_integrity" name="test_event_claim_and_curated_revision_are_process_safe" time="2.458" /><testcase classname="tests.test_m2_process_integrity" name="test_deleted_event_claim_recovers_from_snapshot_and_preserves_binding" time="1.096" /><testcase classname="tests.test_m2_process_integrity" name="test_deleted_event_claim_recovery_is_process_safe" time="3.046" /><testcase classname="tests.test_m2_process_integrity" name="test_deleted_curated_revision_recovers_and_preserves_binding" time="2.052" /><testcase classname="tests.test_m2_process_integrity" name="test_deleted_curated_revision_recovery_is_process_safe" time="2.663" /><testcase classname="tests.test_normalized_v3" name="test_small_golden_legacy_and_v3_have_identical_logical_events_and_claims" time="2.869" /><testcase classname="tests.test_normalized_v3" name="test_native_writer_validator_matches_frozen_validator_for_l2_edges" time="0.004" /><testcase classname="tests.test_normalized_v3" name="test_v3_manifest_is_compact_and_does_not_create_per_event_json" time="0.294" /><testcase classname="tests.test_normalized_v3" name="test_missing_claim_index_recovers_but_tampering_fails_closed" time="0.487" /><testcase classname="tests.test_normalized_v3" name="test_streaming_writer_applies_capacity_gate_before_partition_write" time="0.071" /><testcase classname="tests.test_normalized_v3" name="test_arrow_batches_preserve_events_claims_and_l2_state_across_entrypoints" time="1.086" /><testcase classname="tests.test_normalized_v3" name="test_record_batch_reader_is_a_supported_strict_input" time="0.233" /><testcase classname="tests.test_normalized_v3" name="test_encoded_dense_group_is_atomic_across_input_batch_boundary" time="0.238" /><testcase classname="tests.test_normalized_v3" name="test_arrow_snapshot_identity_is_independent_of_input_batch_boundaries" time="2.065" /><testcase classname="tests.test_normalized_v3" name="test_arrow_schema_pit_sequence_and_duplicate_fail_closed" time="0.415" /><testcase classname="tests.test_normalized_v3" name="test_arrow_l2_cross_delete_heartbeat_and_reset_are_explicitly_rejected" time="0.376" /><testcase classname="tests.test_normalized_v3" name="test_arrow_claim_conflict_capacity_and_nonmonotonic_order_fail_closed" time="0.642" /><testcase classname="tests.test_normalized_v3" name="test_arrow_float_schema_preserves_frozen_claims_and_logical_rows" time="0.642" /><testcase classname="tests.test_normalized_v3" name="test_mapping_and_arrow_sort_chronologically_across_fractional_second_boundary" time="0.612" /><testcase classname="tests.test_normalized_v3" name="test_event_claim_sequence_supports_sequence_indexing_and_reverse_slices" time="0.399" /><testcase classname="tests.test_normalized_v3" name="test_arrow_snapshot_publish_failure_rolls_back_claim_index_and_retries" time="0.502" /><testcase classname="tests.test_normalized_v3_failures" name="test_native_l2_validator_exercises_failure_semantics[snapshot-path0-2026-01-01T23:59:59Z-received_at]" time="0.002" /><testcase classname="tests.test_normalized_v3_failures" name="test_native_l2_validator_exercises_failure_semantics[snapshot-path1-2026-01-01T23:59:59Z-available_at]" time="0.002" /><testcase classname="tests.test_normalized_v3_failures" name="test_native_l2_validator_exercises_failure_semantics[snapshot-path2-3-one scale]" time="0.001" /><testcase classname="tests.test_normalized_v3_failures" name="test_native_l2_validator_exercises_failure_semantics[snapshot-path3-0-price must be positive]" time="0.001" /><testcase classname="tests.test_normalized_v3_failures" name="test_native_l2_validator_exercises_failure_semantics[snapshot-path4--1-quantity must be non-negative]" time="0.001" /><testcase classname="tests.test_normalized_v3_failures" name="test_native_l2_validator_exercises_failure_semantics[snapshot-path5-100050-bids must be strictly]" time="0.001" /><testcase classname="tests.test_normalized_v3_failures" name="test_native_l2_validator_exercises_failure_semantics[snapshot-path6-100050-asks must be strictly]" time="0.001" /><testcase classname="tests.test_normalized_v3_failures" name="test_native_l2_validator_exercises_failure_semantics[&lt;lambda&gt;-path7-0-price must be positive]" time="0.001" /><testcase classname="tests.test_normalized_v3_failures" name="test_native_l2_validator_exercises_failure_semantics[&lt;lambda&gt;-path8-1-delete delta quantity]" time="0.001" /><testcase classname="tests.test_normalized_v3_failures" name="test_native_l2_validator_exercises_failure_semantics[&lt;lambda&gt;-path9-0-upsert delta quantity]" time="0.001" /><testcase classname="tests.test_normalized_v3_failures" name="test_input_spool_fallback_and_malformed_records_are_explicit" time="0.006" /><testcase classname="tests.test_normalized_v3_failures" name="test_digest_and_staging_corruption_guards" time="0.027" /><testcase classname="tests.test_normalized_v3_failures" name="test_claim_index_manifest_tampering_fails_closed[anchor]" time="0.282" /><testcase classname="tests.test_normalized_v3_failures" name="test_claim_index_manifest_tampering_fails_closed[identity]" time="0.270" /><testcase classname="tests.test_normalized_v3_failures" name="test_claim_index_manifest_tampering_fails_closed[unsafe]" time="0.284" /><testcase classname="tests.test_normalized_v3_failures" name="test_claim_index_manifest_tampering_fails_closed[duplicate]" time="0.270" /><testcase classname="tests.test_normalized_v3_failures" name="test_claim_index_manifest_tampering_fails_closed[unreadable]" time="0.273" /><testcase classname="tests.test_normalized_v3_failures" name="test_claim_index_schema_logical_shape_and_missing_manifest_paths" time="1.244" /><testcase classname="tests.test_normalized_v3_failures" name="test_v3_claim_conflicts_include_historical_legacy_snapshots" time="0.845" /><testcase classname="tests.test_normalized_v3_failures" name="test_arrow_vector_delta_constraints_fail_closed[side-side-values0-side is invalid]" time="0.096" /><testcase classname="tests.test_normalized_v3_failures" name="test_arrow_vector_delta_constraints_fail_closed[action-action-values1-action is invalid]" time="0.091" /><testcase classname="tests.test_normalized_v3_failures" name="test_arrow_vector_delta_constraints_fail_closed[price-zero-price-values2-price must be positive]" time="0.088" /><testcase classname="tests.test_normalized_v3_failures" name="test_arrow_vector_delta_constraints_fail_closed[quantity-negative-quantity-values3-quantity must be non-negative]" time="0.095" /><testcase classname="tests.test_normalized_v3_failures" name="test_arrow_vector_delta_constraints_fail_closed[price-scale-negative-price-values4-scale is negative]" time="0.100" /><testcase classname="tests.test_normalized_v3_failures" name="test_arrow_vector_delta_constraints_fail_closed[quantity-scale-large-quantity-values5-scale exceeds 18]" time="0.099" /><testcase classname="tests.test_normalized_v3_failures" name="test_arrow_vector_delta_constraints_fail_closed[previous-negative-previous_sequence-values6-previous_sequence must be non-negative]" time="0.088" /><testcase classname="tests.test_normalized_v3_failures" name="test_arrow_vector_delta_constraints_fail_closed[previous-equal-previous_sequence-values7-previous_sequence must precede sequence]" time="0.099" /><testcase classname="tests.test_normalized_v3_failures" name="test_arrow_vector_action_quantity_contract[delete-positive-delete-1-action and quantity disagree]" time="0.090" /><testcase classname="tests.test_normalized_v3_failures" name="test_arrow_vector_action_quantity_contract[upsert-zero-upsert-0-action and quantity disagree]" time="0.089" /><testcase classname="tests.test_normalized_v3_failures" name="test_arrow_common_null_empty_precision_source_and_sequence_guards" time="0.461" /><testcase classname="tests.test_normalized_v3_failures" name="test_arrow_input_reference_and_empty_batch_contracts" time="0.116" /><testcase classname="tests.test_normalized_v3_failures" name="test_encoded_group_batch_coalescer_preserves_order_and_atomic_boundaries" time="0.003" /><testcase classname="tests.test_normalized_v3_failures" name="test_encoded_group_layout_and_concat_helpers_fail_closed" time="0.002" /><testcase classname="tests.test_normalized_v3_failures" name="test_encoded_group_checkpoint_and_time_fallbacks_remain_strict" time="0.828" /><testcase classname="tests.test_normalized_v3_failures" name="test_encoded_atomic_group_negative_gates_publish_nothing[previous-gap-&lt;lambda&gt;-previous_sequence]" time="0.104" /><testcase classname="tests.test_normalized_v3_failures" name="test_encoded_atomic_group_negative_gates_publish_nothing[negative-quantity-&lt;lambda&gt;-non-negative]" time="0.101" /><testcase classname="tests.test_normalized_v3_failures" name="test_encoded_atomic_group_negative_gates_publish_nothing[price-scale-&lt;lambda&gt;-price scale changed]" time="0.098" /><testcase classname="tests.test_normalized_v3_failures" name="test_encoded_atomic_group_negative_gates_publish_nothing[pit-&lt;lambda&gt;-received_at must not be earlier]" time="0.083" /><testcase classname="tests.test_normalized_v3_failures" name="test_encoded_atomic_group_negative_gates_publish_nothing[final-cross-&lt;lambda&gt;-locked or crossed]" time="0.105" /><testcase classname="tests.test_normalized_v3_failures" name="test_encoded_atomic_group_duplicate_claim_is_not_bypassed" time="0.133" /><testcase classname="tests.test_normalized_v3_failures" name="test_mixed_l2_batch_uses_serial_semantics_and_checkpoint_contracts" time="0.516" /><testcase classname="tests.test_normalized_v3_failures" name="test_mapping_missing_expected_l2_stream_fails_instead_of_silently_passing" time="0.094" /><testcase classname="tests.test_normalized_v3_failures" name="test_arrow_batches_reject_cross_batch_partition_time_regression" time="0.087" /><testcase classname="tests.test_normalized_v3_failures" name="test_mapping_unsorted_partition_is_sorted_without_changing_events" time="0.336" /><testcase classname="tests.test_normalized_v3_failures" name="test_arrow_datetime_input_and_capacity_recheck_path" time="0.228" /><testcase classname="tests.test_normalized_v3_failures" name="test_arrow_common_datetime_is_utc_and_partition_digest_is_strict" time="0.222" /><testcase classname="tests.test_normalized_v3_failures" name="test_arrow_conversion_digest_and_type_helpers_cover_nested_contracts" time="0.001" /><testcase classname="tests.test_normalized_v3_failures" name="test_partition_buffers_reject_internal_schema_and_sort_corruption" time="0.016" /><testcase classname="tests.test_normalized_v3_failures" name="test_partition_scans_and_empty_claim_helpers_are_defensive" time="0.231" /><testcase classname="tests.test_normalized_v3_failures" name="test_arrow_uniform_final_checkpoint_and_idempotent_snapshot_publish" time="0.652" /><testcase classname="tests.test_normalized_v3_failures" name="test_arrow_existing_snapshot_collision_is_visible" time="0.390" /><testcase classname="tests.test_normalized_v3_failures" name="test_v3_snapshot_manifest_malformed_and_unknown_hash_fail_closed" time="0.489" /><testcase classname="tests.test_normalized_v3_failures" name="test_mapping_invalid_stream_capacity_and_claim_count_faults" time="0.520" /><testcase classname="tests.test_normalized_v3_failures" name="test_strict_claim_count_fault_does_not_publish" time="0.102" /><testcase classname="tests.test_normalized_v3_failures" name="test_arrow_uniformity_fixed_point_null_and_missing_event_type_guards" time="0.276" /><testcase classname="tests.test_normalized_v3_failures" name="test_duplicate_spool_ignores_non_string_ids_and_finds_repeats" time="0.003" /><testcase classname="tests.test_normalized_v3_failures" name="test_mapping_duplicate_exclusion_cannot_publish_a_gapped_l2_stream" time="0.269" /><testcase classname="tests.test_normalized_v3_failures" name="test_duplicate_exclusion_revalidation_rechecks_expected_l2_streams" time="0.004" /><testcase classname="tests.test_panel" name="test_merge_earnings_to_panel" time="0.015" /><testcase classname="tests.test_panel" name="test_merge_northbound_to_panel" time="0.004" /><testcase classname="tests.test_panel" name="test_add_industry_relative_strength" time="0.009" /><testcase classname="tests.test_providers_alt" name="test_fetch_earnings_forecast_mock" time="0.010" /><testcase classname="tests.test_providers_alt" name="test_fetch_northbound_mock" time="0.004" /><testcase classname="tests.test_providers_alt" name="test_fetch_industry_returns_mock" time="0.004" /><testcase classname="tests.test_providers_prices" name="test_fetch_daily_prices_mock" time="0.003" /><testcase classname="tests.test_snapshots" name="test_snapshot_is_content_addressed_and_idempotent" time="0.026" /><testcase classname="tests.test_snapshots" name="test_snapshot_detects_mutation" time="0.020" /><testcase classname="tests.test_storage" name="test_validate_price_frame_ok" time="0.005" /><testcase classname="tests.test_storage" name="test_validate_price_frame_missing_column" time="0.001" /><testcase classname="tests.test_storage" name="test_cache_covers_range" time="0.001" /><testcase classname="tests.test_storage" name="test_save_manifest" time="0.007" /><testcase classname="tests.test_storage" name="test_should_refresh_cache" time="0.010" /><testcase classname="tests.test_temporal" name="test_point_in_time_join_uses_availability_not_event_date" time="0.008" /><testcase classname="tests.test_temporal" name="test_audit_rejects_future_data" time="0.002" /><testcase classname="tests.test_temporal" name="test_apply_symbol_lifecycle_keeps_delisted_history" time="0.006" /><testcase classname="tests.test_universe" name="test_historical_universe_refuses_survivorship_fallback" time="0.002" /><testcase classname="tests.test_universe" name="test_historical_universe_allows_explicit_current_fallback" time="0.002" /><testcase classname="tests.test_v2_contract_branches" name="test_market_event_base_and_simple_event_negative_contracts" time="0.003" /><testcase classname="tests.test_v2_contract_branches" name="test_bar_contract_rejects_each_structural_violation" time="0.003" /><testcase classname="tests.test_v2_contract_branches" name="test_book_snapshot_and_delta_negative_contracts" time="0.004" /><testcase classname="tests.test_v2_contract_branches" name="test_funding_corporate_action_status_and_payload_branches" time="0.004" /><testcase classname="tests.test_v2_contract_branches" name="test_reference_contract_negative_branches_and_serializers" time="0.005" /><testcase classname="tests.test_v2_contracts" name="test_fixed_point_is_exact_and_utc_is_strict" time="0.002" /><testcase classname="tests.test_v2_contracts" name="test_instrument_spec_matches_json_and_arrow_contracts" time="0.001" /><testcase classname="tests.test_v2_contracts" name="test_market_clock_uses_explicit_trading_day" time="0.001" /><testcase classname="tests.test_v2_contracts" name="test_trade_and_quote_events_enforce_causal_time" time="0.002" /><testcase classname="tests.test_v2_contracts" name="test_l2_snapshot_and_delta_are_strictly_sequenced" time="0.002" /><testcase classname="tests.test_v2_contracts" name="test_public_json_validation_enforces_event_semantics" time="0.001" /><testcase classname="tests.test_v2_contracts" name="test_public_stream_validation_rejects_duplicate_and_out_of_order_records" time="0.004" /><testcase classname="tests.test_v2_contracts" name="test_stream_validation_connects_l2_snapshot_to_first_delta" time="0.002" /><testcase classname="tests.test_v2_contracts" name="test_reference_json_validation_matches_dataclass_semantics" time="0.002" /><testcase classname="tests.test_v2_contracts" name="test_all_event_arrow_schemas_require_sequence_and_l2_lists_require_items" time="0.001" /><testcase classname="tests.test_v2_contracts" name="test_asset_specific_events_match_registered_schemas" time="0.001" /><testcase classname="tests.test_v2_contracts" name="test_bitemporal_join_never_uses_future_knowledge" time="0.008" /><testcase classname="tests.test_v2_contracts" name="test_all_frozen_v2_golden_records_match_json_and_arrow_field_contracts" time="0.004" /></testsuite></testsuites>