{"meta": {"format": 3, "version": "7.16.0", "timestamp": "2026-08-29T08:15:17.663164", "branch_coverage": true, "show_contexts": false}, "files": {"src\\quant_data_kit\\__init__.py": {"executed_lines": [3, 5, 14, 15, 22, 42, 51, 52, 59, 60, 77, 82, 90, 91, 103, 104, 110, 112], "summary": {"covered_lines": 18, "num_statements": 18, "percent_covered": 100.0, "percent_covered_display": "100", "missing_lines": 0, "excluded_lines": 0, "percent_statements_covered": 100.0, "percent_statements_covered_display": "100", "num_branches": 0, "num_partial_branches": 0, "covered_branches": 0, "missing_branches": 0, "percent_branches_covered": 100.0, "percent_branches_covered_display": "100"}, "missing_lines": [], "excluded_lines": [], "executed_branches": [], "missing_branches": [], "functions": {"": {"executed_lines": [3, 5, 14, 15, 22, 42, 51, 52, 59, 60, 77, 82, 90, 91, 103, 104, 110, 112], "summary": {"covered_lines": 18, "num_statements": 18, "percent_covered": 100.0, "percent_covered_display": "100", "missing_lines": 0, "excluded_lines": 0, "percent_statements_covered": 100.0, "percent_statements_covered_display": "100", "num_branches": 0, "num_partial_branches": 0, "covered_branches": 0, "missing_branches": 0, "percent_branches_covered": 100.0, "percent_branches_covered_display": "100"}, "missing_lines": [], "excluded_lines": [], "start_line": 1, "executed_branches": [], "missing_branches": []}}, "classes": {"": {"executed_lines": [3, 5, 14, 15, 22, 42, 51, 52, 59, 60, 77, 82, 90, 91, 103, 104, 110, 112], "summary": {"covered_lines": 18, "num_statements": 18, "percent_covered": 100.0, "percent_covered_display": "100", "missing_lines": 0, "excluded_lines": 0, "percent_statements_covered": 100.0, "percent_statements_covered_display": "100", "num_branches": 0, "num_partial_branches": 0, "covered_branches": 0, "missing_branches": 0, "percent_branches_covered": 100.0, "percent_branches_covered_display": "100"}, "missing_lines": [], "excluded_lines": [], "start_line": 1, "executed_branches": [], "missing_branches": []}}}, "src\\quant_data_kit\\adapters_v2\\__init__.py": {"executed_lines": [3, 10, 11, 12, 14], "summary": {"covered_lines": 5, "num_statements": 5, "percent_covered": 100.0, "percent_covered_display": "100", "missing_lines": 0, "excluded_lines": 0, "percent_statements_covered": 100.0, "percent_statements_covered_display": "100", "num_branches": 0, "num_partial_branches": 0, "covered_branches": 0, "missing_branches": 0, "percent_branches_covered": 100.0, "percent_branches_covered_display": "100"}, "missing_lines": [], "excluded_lines": [], "executed_branches": [], "missing_branches": [], "functions": {"": {"executed_lines": [3, 10, 11, 12, 14], "summary": {"covered_lines": 5, "num_statements": 5, "percent_covered": 100.0, "percent_covered_display": "100", "missing_lines": 0, "excluded_lines": 0, "percent_statements_covered": 100.0, "percent_statements_covered_display": "100", "num_branches": 0, "num_partial_branches": 0, "covered_branches": 0, "missing_branches": 0, "percent_branches_covered": 100.0, "percent_branches_covered_display": "100"}, "missing_lines": [], "excluded_lines": [], "start_line": 1, "executed_branches": [], "missing_branches": []}}, "classes": {"": {"executed_lines": [3, 10, 11, 12, 14], "summary": {"covered_lines": 5, "num_statements": 5, "percent_covered": 100.0, "percent_covered_display": "100", "missing_lines": 0, "excluded_lines": 0, "percent_statements_covered": 100.0, "percent_statements_covered_display": "100", "num_branches": 0, "num_partial_branches": 0, "covered_branches": 0, "missing_branches": 0, "percent_branches_covered": 100.0, "percent_branches_covered_display": "100"}, "missing_lines": [], "excluded_lines": [], "start_line": 1, "executed_branches": [], "missing_branches": []}}}, "src\\quant_data_kit\\adapters_v2\\base.py": {"executed_lines": [3, 5, 6, 7, 8, 9, 10, 12, 13, 14, 16, 19, 20, 21, 22, 23, 26, 27, 28, 29, 30, 31, 33, 34, 35, 36, 37, 41, 42, 43, 44, 48, 49, 56, 57, 58, 59, 60, 61, 62, 63, 66, 67, 68, 69, 70, 71, 72, 73, 76, 77, 78, 79, 80, 81, 84, 95, 96, 97, 98, 99, 112, 115, 116, 117, 119, 120, 122, 123, 124, 125, 126, 127, 128, 129, 131, 132, 133, 134, 135, 136, 137, 138, 140, 148, 149, 150, 151, 156, 157, 158, 159, 160, 161, 162, 163, 164, 165, 166, 167, 168, 171, 175, 176, 177, 178], "summary": {"covered_lines": 106, "num_statements": 108, "percent_covered": 96.92307692307692, "percent_covered_display": "97", "missing_lines": 2, "excluded_lines": 6, "percent_statements_covered": 98.14814814814815, "percent_statements_covered_display": "98", "num_branches": 22, "num_partial_branches": 2, "covered_branches": 20, "missing_branches": 2, "percent_branches_covered": 90.9090909090909, "percent_branches_covered_display": "91"}, "missing_lines": [45, 152], "excluded_lines": [50, 51, 52, 53, 54, 55], "executed_branches": [[43, 44], [57, 58], [57, 59], [71, 72], [71, 73], [95, 96], [95, 97], [97, 98], [97, 99], [133, 134], [133, 135], [148, 149], [148, 150], [151, 156], [156, 157], [156, 158], [158, 159], [158, 160], [162, 163], [162, 166]], "missing_branches": [[43, 45], [151, 152]], "functions": {"AdapterContext.instrument": {"executed_lines": [34, 35, 36, 37], "summary": {"covered_lines": 4, "num_statements": 4, "percent_covered": 100.0, "percent_covered_display": "100", "missing_lines": 0, "excluded_lines": 0, "percent_statements_covered": 100.0, "percent_statements_covered_display": "100", "num_branches": 0, "num_partial_branches": 0, "covered_branches": 0, "missing_branches": 0, "percent_branches_covered": 100.0, "percent_branches_covered_display": "100"}, "missing_lines": [], "excluded_lines": [], "start_line": 33, "executed_branches": [], "missing_branches": []}, "AdapterContext.session_id": {"executed_lines": [42, 43, 44], "summary": {"covered_lines": 3, "num_statements": 4, "percent_covered": 66.66666666666667, "percent_covered_display": "67", "missing_lines": 1, "excluded_lines": 0, "percent_statements_covered": 75.0, "percent_statements_covered_display": "75", "num_branches": 2, "num_partial_branches": 1, "covered_branches": 1, "missing_branches": 1, "percent_branches_covered": 50.0, "percent_branches_covered_display": "50"}, "missing_lines": [45], "excluded_lines": [], "start_line": 41, "executed_branches": [[43, 44]], "missing_branches": [[43, 45]]}, "ProviderAdapter.transaction": {"executed_lines": [], "summary": {"covered_lines": 0, "num_statements": 0, "percent_covered": 100.0, "percent_covered_display": "100", "missing_lines": 0, "excluded_lines": 1, "percent_statements_covered": 100.0, "percent_statements_covered_display": "100", "num_branches": 0, "num_partial_branches": 0, "covered_branches": 0, "missing_branches": 0, "percent_branches_covered": 100.0, "percent_branches_covered_display": "100"}, "missing_lines": [], "excluded_lines": [51], "start_line": 51, "executed_branches": [], "missing_branches": []}, "ProviderAdapter.adapt": {"executed_lines": [], "summary": {"covered_lines": 0, "num_statements": 0, "percent_covered": 100.0, "percent_covered_display": "100", "missing_lines": 0, "excluded_lines": 1, "percent_statements_covered": 100.0, "percent_statements_covered_display": "100", "num_branches": 0, "num_partial_branches": 0, "covered_branches": 0, "missing_branches": 0, "percent_branches_covered": 100.0, "percent_branches_covered_display": "100"}, "missing_lines": [], "excluded_lines": [53], "start_line": 53, "executed_branches": [], "missing_branches": []}, "utc_from_milliseconds": {"executed_lines": [57, 58, 59, 60, 61, 62, 63], "summary": {"covered_lines": 7, "num_statements": 7, "percent_covered": 100.0, "percent_covered_display": "100", "missing_lines": 0, "excluded_lines": 0, "percent_statements_covered": 100.0, "percent_statements_covered_display": "100", "num_branches": 2, "num_partial_branches": 0, "covered_branches": 2, "missing_branches": 0, "percent_branches_covered": 100.0, "percent_branches_covered_display": "100"}, "missing_lines": [], "excluded_lines": [], "start_line": 56, "executed_branches": [[57, 58], [57, 59]], "missing_branches": []}, "utc_from_text": {"executed_lines": [67, 68, 69, 70, 71, 72, 73], "summary": {"covered_lines": 7, "num_statements": 7, "percent_covered": 100.0, "percent_covered_display": "100", "missing_lines": 0, "excluded_lines": 0, "percent_statements_covered": 100.0, "percent_statements_covered_display": "100", "num_branches": 2, "num_partial_branches": 0, "covered_branches": 2, "missing_branches": 0, "percent_branches_covered": 100.0, "percent_branches_covered_display": "100"}, "missing_lines": [], "excluded_lines": [], "start_line": 66, "executed_branches": [[71, 72], [71, 73]], "missing_branches": []}, "fixed": {"executed_lines": [77, 78, 79, 80, 81], "summary": {"covered_lines": 5, "num_statements": 5, "percent_covered": 100.0, "percent_covered_display": "100", "missing_lines": 0, "excluded_lines": 0, "percent_statements_covered": 100.0, "percent_statements_covered_display": "100", "num_branches": 0, "num_partial_branches": 0, "covered_branches": 0, "missing_branches": 0, "percent_branches_covered": 100.0, "percent_branches_covered_display": "100"}, "missing_lines": [], "excluded_lines": [], "start_line": 76, "executed_branches": [], "missing_branches": []}, "event_identity": {"executed_lines": [95, 96, 97, 98, 99], "summary": {"covered_lines": 5, "num_statements": 5, "percent_covered": 100.0, "percent_covered_display": "100", "missing_lines": 0, "excluded_lines": 0, "percent_statements_covered": 100.0, "percent_statements_covered_display": "100", "num_branches": 4, "num_partial_branches": 0, "covered_branches": 4, "missing_branches": 0, "percent_branches_covered": 100.0, "percent_branches_covered_display": "100"}, "missing_lines": [], "excluded_lines": [], "start_line": 84, "executed_branches": [[95, 96], [95, 97], [97, 98], [97, 99]], "missing_branches": []}, "BookSequenceNormalizer.__init__": {"executed_lines": [116, 117], "summary": {"covered_lines": 2, "num_statements": 2, "percent_covered": 100.0, "percent_covered_display": "100", "missing_lines": 0, "excluded_lines": 0, "percent_statements_covered": 100.0, "percent_statements_covered_display": "100", "num_branches": 0, "num_partial_branches": 0, "covered_branches": 0, "missing_branches": 0, "percent_branches_covered": 100.0, "percent_branches_covered_display": "100"}, "missing_lines": [], "excluded_lines": [], "start_line": 115, "executed_branches": [], "missing_branches": []}, "BookSequenceNormalizer.transaction": {"executed_lines": [122, 123, 124, 125, 126, 127, 128, 129], "summary": {"covered_lines": 8, "num_statements": 8, "percent_covered": 100.0, "percent_covered_display": "100", "missing_lines": 0, "excluded_lines": 0, "percent_statements_covered": 100.0, "percent_statements_covered_display": "100", "num_branches": 0, "num_partial_branches": 0, "covered_branches": 0, "missing_branches": 0, "percent_branches_covered": 100.0, "percent_branches_covered_display": "100"}, "missing_lines": [], "excluded_lines": [], "start_line": 120, "executed_branches": [], "missing_branches": []}, "BookSequenceNormalizer.snapshot": {"executed_lines": [132, 133, 134, 135, 136, 137, 138], "summary": {"covered_lines": 7, "num_statements": 7, "percent_covered": 100.0, "percent_covered_display": "100", "missing_lines": 0, "excluded_lines": 0, "percent_statements_covered": 100.0, "percent_statements_covered_display": "100", "num_branches": 2, "num_partial_branches": 0, "covered_branches": 2, "missing_branches": 0, "percent_branches_covered": 100.0, "percent_branches_covered_display": "100"}, "missing_lines": [], "excluded_lines": [], "start_line": 131, "executed_branches": [[133, 134], [133, 135]], "missing_branches": []}, "BookSequenceNormalizer.delta": {"executed_lines": [148, 149, 150, 151, 156, 157, 158, 159, 160, 161, 162, 163, 164, 165, 166, 167, 168], "summary": {"covered_lines": 17, "num_statements": 18, "percent_covered": 92.85714285714286, "percent_covered_display": "93", "missing_lines": 1, "excluded_lines": 0, "percent_statements_covered": 94.44444444444444, "percent_statements_covered_display": "94", "num_branches": 10, "num_partial_branches": 1, "covered_branches": 9, "missing_branches": 1, "percent_branches_covered": 90.0, "percent_branches_covered_display": "90"}, "missing_lines": [152], "excluded_lines": [], "start_line": 140, "executed_branches": [[148, 149], [148, 150], [151, 156], [156, 157], [156, 158], [158, 159], [158, 160], [162, 163], [162, 166]], "missing_branches": [[151, 152]]}, "adapt_fixture_messages": {"executed_lines": [175, 176, 177, 178], "summary": {"covered_lines": 4, "num_statements": 4, "percent_covered": 100.0, "percent_covered_display": "100", "missing_lines": 0, "excluded_lines": 0, "percent_statements_covered": 100.0, "percent_statements_covered_display": "100", "num_branches": 0, "num_partial_branches": 0, "covered_branches": 0, "missing_branches": 0, "percent_branches_covered": 100.0, "percent_branches_covered_display": "100"}, "missing_lines": [], "excluded_lines": [], "start_line": 171, "executed_branches": [], "missing_branches": []}, "": {"executed_lines": [3, 5, 6, 7, 8, 9, 10, 12, 13, 14, 16, 19, 20, 21, 22, 23, 26, 27, 28, 29, 30, 31, 33, 41, 48, 49, 56, 66, 76, 84, 112, 115, 119, 120, 131, 140, 171], "summary": {"covered_lines": 37, "num_statements": 37, "percent_covered": 100.0, "percent_covered_display": "100", "missing_lines": 0, "excluded_lines": 4, "percent_statements_covered": 100.0, "percent_statements_covered_display": "100", "num_branches": 0, "num_partial_branches": 0, "covered_branches": 0, "missing_branches": 0, "percent_branches_covered": 100.0, "percent_branches_covered_display": "100"}, "missing_lines": [], "excluded_lines": [50, 52, 54, 55], "start_line": 1, "executed_branches": [], "missing_branches": []}}, "classes": {"AdapterInstrument": {"executed_lines": [], "summary": {"covered_lines": 0, "num_statements": 0, "percent_covered": 100.0, "percent_covered_display": "100", "missing_lines": 0, "excluded_lines": 0, "percent_statements_covered": 100.0, "percent_statements_covered_display": "100", "num_branches": 0, "num_partial_branches": 0, "covered_branches": 0, "missing_branches": 0, "percent_branches_covered": 100.0, "percent_branches_covered_display": "100"}, "missing_lines": [], "excluded_lines": [], "start_line": 20, "executed_branches": [], "missing_branches": []}, "AdapterContext": {"executed_lines": [34, 35, 36, 37, 42, 43, 44], "summary": {"covered_lines": 7, "num_statements": 8, "percent_covered": 80.0, "percent_covered_display": "80", "missing_lines": 1, "excluded_lines": 0, "percent_statements_covered": 87.5, "percent_statements_covered_display": "88", "num_branches": 2, "num_partial_branches": 1, "covered_branches": 1, "missing_branches": 1, "percent_branches_covered": 50.0, "percent_branches_covered_display": "50"}, "missing_lines": [45], "excluded_lines": [], "start_line": 27, "executed_branches": [[43, 44]], "missing_branches": [[43, 45]]}, "ProviderAdapter": {"executed_lines": [], "summary": {"covered_lines": 0, "num_statements": 0, "percent_covered": 100.0, "percent_covered_display": "100", "missing_lines": 0, "excluded_lines": 2, "percent_statements_covered": 100.0, "percent_statements_covered_display": "100", "num_branches": 0, "num_partial_branches": 0, "covered_branches": 0, "missing_branches": 0, "percent_branches_covered": 100.0, "percent_branches_covered_display": "100"}, "missing_lines": [], "excluded_lines": [51, 53], "start_line": 48, "executed_branches": [], "missing_branches": []}, "BookSequenceNormalizer": {"executed_lines": [116, 117, 122, 123, 124, 125, 126, 127, 128, 129, 132, 133, 134, 135, 136, 137, 138, 148, 149, 150, 151, 156, 157, 158, 159, 160, 161, 162, 163, 164, 165, 166, 167, 168], "summary": {"covered_lines": 34, "num_statements": 35, "percent_covered": 95.74468085106383, "percent_covered_display": "96", "missing_lines": 1, "excluded_lines": 0, "percent_statements_covered": 97.14285714285714, "percent_statements_covered_display": "97", "num_branches": 12, "num_partial_branches": 1, "covered_branches": 11, "missing_branches": 1, "percent_branches_covered": 91.66666666666667, "percent_branches_covered_display": "92"}, "missing_lines": [152], "excluded_lines": [], "start_line": 112, "executed_branches": [[133, 134], [133, 135], [148, 149], [148, 150], [151, 156], [156, 157], [156, 158], [158, 159], [158, 160], [162, 163], [162, 166]], "missing_branches": [[151, 152]]}, "": {"executed_lines": [3, 5, 6, 7, 8, 9, 10, 12, 13, 14, 16, 19, 20, 21, 22, 23, 26, 27, 28, 29, 30, 31, 33, 41, 48, 49, 56, 57, 58, 59, 60, 61, 62, 63, 66, 67, 68, 69, 70, 71, 72, 73, 76, 77, 78, 79, 80, 81, 84, 95, 96, 97, 98, 99, 112, 115, 119, 120, 131, 140, 171, 175, 176, 177, 178], "summary": {"covered_lines": 65, "num_statements": 65, "percent_covered": 100.0, "percent_covered_display": "100", "missing_lines": 0, "excluded_lines": 4, "percent_statements_covered": 100.0, "percent_statements_covered_display": "100", "num_branches": 8, "num_partial_branches": 0, "covered_branches": 8, "missing_branches": 0, "percent_branches_covered": 100.0, "percent_branches_covered_display": "100"}, "missing_lines": [], "excluded_lines": [50, 52, 54, 55], "start_line": 1, "executed_branches": [[57, 58], [57, 59], [71, 72], [71, 73], [95, 96], [95, 97], [97, 98], [97, 99]], "missing_branches": []}}}, "src\\quant_data_kit\\adapters_v2\\binance.py": {"executed_lines": [3, 5, 6, 7, 9, 16, 17, 32, 33, 34, 39, 40, 41, 42, 43, 45, 46, 47, 48, 50, 51, 52, 53, 54, 55, 58, 59, 61, 62, 75, 76, 77, 91, 92, 93, 94, 95, 96, 120, 121, 122, 123, 124, 125, 126, 127, 130, 133, 139, 140, 143, 144, 145, 160, 161, 162, 163, 176, 177, 178, 189, 190], "summary": {"covered_lines": 62, "num_statements": 63, "percent_covered": 97.59036144578313, "percent_covered_display": "98", "missing_lines": 1, "excluded_lines": 0, "percent_statements_covered": 98.41269841269842, "percent_statements_covered_display": "98", "num_branches": 20, "num_partial_branches": 1, "covered_branches": 19, "missing_branches": 1, "percent_branches_covered": 95.0, "percent_branches_covered_display": "95"}, "missing_lines": [60], "excluded_lines": [], "executed_branches": [[40, 41], [40, 42], [58, 59], [58, 76], [59, 61], [76, 77], [76, 92], [92, 93], [92, 121], [121, 122], [121, 162], [126, 127], [126, 130], [140, 143], [140, 161], [162, 163], [162, 177], [177, 178], [177, 190]], "missing_branches": [[59, 60]], "functions": {"BinanceFixtureAdapter.__init__": {"executed_lines": [40, 41, 42, 43], "summary": {"covered_lines": 4, "num_statements": 4, "percent_covered": 100.0, "percent_covered_display": "100", "missing_lines": 0, "excluded_lines": 0, "percent_statements_covered": 100.0, "percent_statements_covered_display": "100", "num_branches": 2, "num_partial_branches": 0, "covered_branches": 2, "missing_branches": 0, "percent_branches_covered": 100.0, "percent_branches_covered_display": "100"}, "missing_lines": [], "excluded_lines": [], "start_line": 39, "executed_branches": [[40, 41], [40, 42]], "missing_branches": []}, "BinanceFixtureAdapter.transaction": {"executed_lines": [47, 48], "summary": {"covered_lines": 2, "num_statements": 2, "percent_covered": 100.0, "percent_covered_display": "100", "missing_lines": 0, "excluded_lines": 0, "percent_statements_covered": 100.0, "percent_statements_covered_display": "100", "num_branches": 0, "num_partial_branches": 0, "covered_branches": 0, "missing_branches": 0, "percent_branches_covered": 100.0, "percent_branches_covered_display": "100"}, "missing_lines": [], "excluded_lines": [], "start_line": 46, "executed_branches": [], "missing_branches": []}, "BinanceFixtureAdapter.adapt": {"executed_lines": [51, 52, 53, 54, 55, 58, 59, 61, 62, 75, 76, 77, 91, 92, 93, 94, 95, 96, 120, 121, 122, 123, 124, 125, 126, 127, 130, 133, 139, 140, 143, 144, 145, 160, 161, 162, 163, 176, 177, 178, 189, 190], "summary": {"covered_lines": 42, "num_statements": 43, "percent_covered": 96.72131147540983, "percent_covered_display": "97", "missing_lines": 1, "excluded_lines": 0, "percent_statements_covered": 97.67441860465117, "percent_statements_covered_display": "98", "num_branches": 18, "num_partial_branches": 1, "covered_branches": 17, "missing_branches": 1, "percent_branches_covered": 94.44444444444444, "percent_branches_covered_display": "94"}, "missing_lines": [60], "excluded_lines": [], "start_line": 50, "executed_branches": [[58, 59], [58, 76], [59, 61], [76, 77], [76, 92], [92, 93], [92, 121], [121, 122], [121, 162], [126, 127], [126, 130], [140, 143], [140, 161], [162, 163], [162, 177], [177, 178], [177, 190]], "missing_branches": [[59, 60]]}, "": {"executed_lines": [3, 5, 6, 7, 9, 16, 17, 32, 33, 34, 39, 45, 46, 50], "summary": {"covered_lines": 14, "num_statements": 14, "percent_covered": 100.0, "percent_covered_display": "100", "missing_lines": 0, "excluded_lines": 0, "percent_statements_covered": 100.0, "percent_statements_covered_display": "100", "num_branches": 0, "num_partial_branches": 0, "covered_branches": 0, "missing_branches": 0, "percent_branches_covered": 100.0, "percent_branches_covered_display": "100"}, "missing_lines": [], "excluded_lines": [], "start_line": 1, "executed_branches": [], "missing_branches": []}}, "classes": {"BinanceFixtureAdapter": {"executed_lines": [40, 41, 42, 43, 47, 48, 51, 52, 53, 54, 55, 58, 59, 61, 62, 75, 76, 77, 91, 92, 93, 94, 95, 96, 120, 121, 122, 123, 124, 125, 126, 127, 130, 133, 139, 140, 143, 144, 145, 160, 161, 162, 163, 176, 177, 178, 189, 190], "summary": {"covered_lines": 48, "num_statements": 49, "percent_covered": 97.10144927536231, "percent_covered_display": "97", "missing_lines": 1, "excluded_lines": 0, "percent_statements_covered": 97.95918367346938, "percent_statements_covered_display": "98", "num_branches": 20, "num_partial_branches": 1, "covered_branches": 19, "missing_branches": 1, "percent_branches_covered": 95.0, "percent_branches_covered_display": "95"}, "missing_lines": [60], "excluded_lines": [], "start_line": 32, "executed_branches": [[40, 41], [40, 42], [58, 59], [58, 76], [59, 61], [76, 77], [76, 92], [92, 93], [92, 121], [121, 122], [121, 162], [126, 127], [126, 130], [140, 143], [140, 161], [162, 163], [162, 177], [177, 178], [177, 190]], "missing_branches": [[59, 60]]}, "": {"executed_lines": [3, 5, 6, 7, 9, 16, 17, 32, 33, 34, 39, 45, 46, 50], "summary": {"covered_lines": 14, "num_statements": 14, "percent_covered": 100.0, "percent_covered_display": "100", "missing_lines": 0, "excluded_lines": 0, "percent_statements_covered": 100.0, "percent_statements_covered_display": "100", "num_branches": 0, "num_partial_branches": 0, "covered_branches": 0, "missing_branches": 0, "percent_branches_covered": 100.0, "percent_branches_covered_display": "100"}, "missing_lines": [], "excluded_lines": [], "start_line": 1, "executed_branches": [], "missing_branches": []}}}, "src\\quant_data_kit\\adapters_v2\\cn_neutral.py": {"executed_lines": [3, 5, 6, 7, 8, 10, 17, 18, 28, 29, 31, 32, 33, 34, 35, 37, 38, 39, 40, 42, 43, 44, 45, 46, 47, 48, 49, 50, 51, 52, 53, 54, 55, 56, 70, 71, 72, 73, 74, 80, 81, 84, 85, 105, 106, 107, 109, 110, 111], "summary": {"covered_lines": 49, "num_statements": 49, "percent_covered": 100.0, "percent_covered_display": "100", "missing_lines": 0, "excluded_lines": 0, "percent_statements_covered": 100.0, "percent_statements_covered_display": "100", "num_branches": 10, "num_partial_branches": 0, "covered_branches": 10, "missing_branches": 0, "percent_branches_covered": 100.0, "percent_branches_covered_display": "100"}, "missing_lines": [], "excluded_lines": [], "executed_branches": [[32, 33], [32, 34], [43, 44], [43, 45], [52, 53], [52, 71], [71, 72], [71, 107], [81, 84], [81, 106]], "missing_branches": [], "functions": {"CNNeutralFixtureAdapter.__init__": {"executed_lines": [32, 33, 34, 35], "summary": {"covered_lines": 4, "num_statements": 4, "percent_covered": 100.0, "percent_covered_display": "100", "missing_lines": 0, "excluded_lines": 0, "percent_statements_covered": 100.0, "percent_statements_covered_display": "100", "num_branches": 2, "num_partial_branches": 0, "covered_branches": 2, "missing_branches": 0, "percent_branches_covered": 100.0, "percent_branches_covered_display": "100"}, "missing_lines": [], "excluded_lines": [], "start_line": 31, "executed_branches": [[32, 33], [32, 34]], "missing_branches": []}, "CNNeutralFixtureAdapter.transaction": {"executed_lines": [39, 40], "summary": {"covered_lines": 2, "num_statements": 2, "percent_covered": 100.0, "percent_covered_display": "100", "missing_lines": 0, "excluded_lines": 0, "percent_statements_covered": 100.0, "percent_statements_covered_display": "100", "num_branches": 0, "num_partial_branches": 0, "covered_branches": 0, "missing_branches": 0, "percent_branches_covered": 100.0, "percent_branches_covered_display": "100"}, "missing_lines": [], "excluded_lines": [], "start_line": 38, "executed_branches": [], "missing_branches": []}, "CNNeutralFixtureAdapter.adapt": {"executed_lines": [43, 44, 45, 46, 47, 48, 49, 50, 51, 52, 53, 54, 55, 56, 70, 71, 72, 73, 74, 80, 81, 84, 85, 105, 106, 107], "summary": {"covered_lines": 26, "num_statements": 26, "percent_covered": 100.0, "percent_covered_display": "100", "missing_lines": 0, "excluded_lines": 0, "percent_statements_covered": 100.0, "percent_statements_covered_display": "100", "num_branches": 8, "num_partial_branches": 0, "covered_branches": 8, "missing_branches": 0, "percent_branches_covered": 100.0, "percent_branches_covered_display": "100"}, "missing_lines": [], "excluded_lines": [], "start_line": 42, "executed_branches": [[43, 44], [43, 45], [52, 53], [52, 71], [71, 72], [71, 107], [81, 84], [81, 106]], "missing_branches": []}, "CNNeutralFixtureAdapter._level": {"executed_lines": [111], "summary": {"covered_lines": 1, "num_statements": 1, "percent_covered": 100.0, "percent_covered_display": "100", "missing_lines": 0, "excluded_lines": 0, "percent_statements_covered": 100.0, "percent_statements_covered_display": "100", "num_branches": 0, "num_partial_branches": 0, "covered_branches": 0, "missing_branches": 0, "percent_branches_covered": 100.0, "percent_branches_covered_display": "100"}, "missing_lines": [], "excluded_lines": [], "start_line": 110, "executed_branches": [], "missing_branches": []}, "": {"executed_lines": [3, 5, 6, 7, 8, 10, 17, 18, 28, 29, 31, 37, 38, 42, 109, 110], "summary": {"covered_lines": 16, "num_statements": 16, "percent_covered": 100.0, "percent_covered_display": "100", "missing_lines": 0, "excluded_lines": 0, "percent_statements_covered": 100.0, "percent_statements_covered_display": "100", "num_branches": 0, "num_partial_branches": 0, "covered_branches": 0, "missing_branches": 0, "percent_branches_covered": 100.0, "percent_branches_covered_display": "100"}, "missing_lines": [], "excluded_lines": [], "start_line": 1, "executed_branches": [], "missing_branches": []}}, "classes": {"CNNeutralFixtureAdapter": {"executed_lines": [32, 33, 34, 35, 39, 40, 43, 44, 45, 46, 47, 48, 49, 50, 51, 52, 53, 54, 55, 56, 70, 71, 72, 73, 74, 80, 81, 84, 85, 105, 106, 107, 111], "summary": {"covered_lines": 33, "num_statements": 33, "percent_covered": 100.0, "percent_covered_display": "100", "missing_lines": 0, "excluded_lines": 0, "percent_statements_covered": 100.0, "percent_statements_covered_display": "100", "num_branches": 10, "num_partial_branches": 0, "covered_branches": 10, "missing_branches": 0, "percent_branches_covered": 100.0, "percent_branches_covered_display": "100"}, "missing_lines": [], "excluded_lines": [], "start_line": 28, "executed_branches": [[32, 33], [32, 34], [43, 44], [43, 45], [52, 53], [52, 71], [71, 72], [71, 107], [81, 84], [81, 106]], "missing_branches": []}, "": {"executed_lines": [3, 5, 6, 7, 8, 10, 17, 18, 28, 29, 31, 37, 38, 42, 109, 110], "summary": {"covered_lines": 16, "num_statements": 16, "percent_covered": 100.0, "percent_covered_display": "100", "missing_lines": 0, "excluded_lines": 0, "percent_statements_covered": 100.0, "percent_statements_covered_display": "100", "num_branches": 0, "num_partial_branches": 0, "covered_branches": 0, "missing_branches": 0, "percent_branches_covered": 100.0, "percent_branches_covered_display": "100"}, "missing_lines": [], "excluded_lines": [], "start_line": 1, "executed_branches": [], "missing_branches": []}}}, "src\\quant_data_kit\\adapters_v2\\okx.py": {"executed_lines": [3, 5, 6, 7, 8, 9, 10, 12, 19, 20, 35, 36, 37, 39, 40, 41, 42, 43, 44, 46, 47, 48, 49, 50, 51, 52, 53, 54, 56, 57, 58, 59, 60, 61, 62, 63, 64, 66, 67, 69, 70, 71, 72, 74, 75, 76, 77, 78, 79, 80, 81, 82, 83, 84, 86, 87, 94, 95, 96, 97, 98, 99, 100, 102, 103, 104, 107, 108, 109, 111, 112, 113, 114, 115, 116, 119, 120, 121, 122, 137, 138, 139, 153, 154, 155, 156, 157, 158, 159, 160, 176, 177, 178, 179, 181, 182, 185, 191, 192, 195, 196, 211, 212, 213, 214, 227, 228, 229, 240, 241, 243, 244, 245, 246], "summary": {"covered_lines": 114, "num_statements": 117, "percent_covered": 95.54140127388536, "percent_covered_display": "96", "missing_lines": 3, "excluded_lines": 0, "percent_statements_covered": 97.43589743589743, "percent_statements_covered_display": "97", "num_branches": 40, "num_partial_branches": 4, "covered_branches": 36, "missing_branches": 4, "percent_branches_covered": 90.0, "percent_branches_covered_display": "90"}, "missing_lines": [101, 105, 180], "excluded_lines": [], "executed_branches": [[40, 41], [40, 42], [63, 64], [63, 66], [79, 80], [79, 84], [80, 81], [82, 79], [82, 83], [94, 95], [94, 97], [97, 98], [97, 108], [100, 102], [102, 97], [102, 103], [104, 107], [108, -86], [108, 109], [119, 120], [119, 138], [120, 121], [120, 122], [138, 139], [138, 154], [154, 155], [154, 177], [177, 178], [177, 213], [179, 181], [192, 195], [192, 212], [213, 214], [213, 228], [228, 229], [228, 241]], "missing_branches": [[80, 82], [100, 101], [104, 105], [179, 180]], "functions": {"OKXFixtureAdapter.__init__": {"executed_lines": [40, 41, 42, 43, 44], "summary": {"covered_lines": 5, "num_statements": 5, "percent_covered": 100.0, "percent_covered_display": "100", "missing_lines": 0, "excluded_lines": 0, "percent_statements_covered": 100.0, "percent_statements_covered_display": "100", "num_branches": 2, "num_partial_branches": 0, "covered_branches": 2, "missing_branches": 0, "percent_branches_covered": 100.0, "percent_branches_covered_display": "100"}, "missing_lines": [], "excluded_lines": [], "start_line": 39, "executed_branches": [[40, 41], [40, 42]], "missing_branches": []}, "OKXFixtureAdapter.transaction": {"executed_lines": [48, 49, 50, 51, 52, 53, 54], "summary": {"covered_lines": 7, "num_statements": 7, "percent_covered": 100.0, "percent_covered_display": "100", "missing_lines": 0, "excluded_lines": 0, "percent_statements_covered": 100.0, "percent_statements_covered_display": "100", "num_branches": 0, "num_partial_branches": 0, "covered_branches": 0, "missing_branches": 0, "percent_branches_covered": 100.0, "percent_branches_covered_display": "100"}, "missing_lines": [], "excluded_lines": [], "start_line": 47, "executed_branches": [], "missing_branches": []}, "OKXFixtureAdapter._book_transaction": {"executed_lines": [58, 59, 60, 61, 62, 63, 64, 66, 67], "summary": {"covered_lines": 9, "num_statements": 9, "percent_covered": 100.0, "percent_covered_display": "100", "missing_lines": 0, "excluded_lines": 0, "percent_statements_covered": 100.0, "percent_statements_covered_display": "100", "num_branches": 2, "num_partial_branches": 0, "covered_branches": 2, "missing_branches": 0, "percent_branches_covered": 100.0, "percent_branches_covered_display": "100"}, "missing_lines": [], "excluded_lines": [], "start_line": 57, "executed_branches": [[63, 64], [63, 66]], "missing_branches": []}, "OKXFixtureAdapter._signed_crc32": {"executed_lines": [71, 72], "summary": {"covered_lines": 2, "num_statements": 2, "percent_covered": 100.0, "percent_covered_display": "100", "missing_lines": 0, "excluded_lines": 0, "percent_statements_covered": 100.0, "percent_statements_covered_display": "100", "num_branches": 0, "num_partial_branches": 0, "covered_branches": 0, "missing_branches": 0, "percent_branches_covered": 100.0, "percent_branches_covered_display": "100"}, "missing_lines": [], "excluded_lines": [], "start_line": 70, "executed_branches": [], "missing_branches": []}, "OKXFixtureAdapter._checksum": {"executed_lines": [76, 77, 78, 79, 80, 81, 82, 83, 84], "summary": {"covered_lines": 9, "num_statements": 9, "percent_covered": 93.33333333333333, "percent_covered_display": "93", "missing_lines": 0, "excluded_lines": 0, "percent_statements_covered": 100.0, "percent_statements_covered_display": "100", "num_branches": 6, "num_partial_branches": 1, "covered_branches": 5, "missing_branches": 1, "percent_branches_covered": 83.33333333333333, "percent_branches_covered_display": "83"}, "missing_lines": [], "excluded_lines": [], "start_line": 75, "executed_branches": [[79, 80], [79, 84], [80, 81], [82, 79], [82, 83]], "missing_branches": [[80, 82]]}, "OKXFixtureAdapter._apply_book_message": {"executed_lines": [94, 95, 96, 97, 98, 99, 100, 102, 103, 104, 107, 108, 109], "summary": {"covered_lines": 13, "num_statements": 15, "percent_covered": 85.18518518518519, "percent_covered_display": "85", "missing_lines": 2, "excluded_lines": 0, "percent_statements_covered": 86.66666666666667, "percent_statements_covered_display": "87", "num_branches": 12, "num_partial_branches": 2, "covered_branches": 10, "missing_branches": 2, "percent_branches_covered": 83.33333333333333, "percent_branches_covered_display": "83"}, "missing_lines": [101, 105], "excluded_lines": [], "start_line": 87, "executed_branches": [[94, 95], [94, 97], [97, 98], [97, 108], [100, 102], [102, 97], [102, 103], [104, 107], [108, -86], [108, 109]], "missing_branches": [[100, 101], [104, 105]]}, "OKXFixtureAdapter.adapt": {"executed_lines": [112, 113, 114, 115, 116, 119, 120, 121, 122, 137, 138, 139, 153, 154, 155, 156, 157, 158, 159, 160, 176, 177, 178, 179, 181, 182, 185, 191, 192, 195, 196, 211, 212, 213, 214, 227, 228, 229, 240, 241], "summary": {"covered_lines": 40, "num_statements": 41, "percent_covered": 96.61016949152543, "percent_covered_display": "97", "missing_lines": 1, "excluded_lines": 0, "percent_statements_covered": 97.5609756097561, "percent_statements_covered_display": "98", "num_branches": 18, "num_partial_branches": 1, "covered_branches": 17, "missing_branches": 1, "percent_branches_covered": 94.44444444444444, "percent_branches_covered_display": "94"}, "missing_lines": [180], "excluded_lines": [], "start_line": 111, "executed_branches": [[119, 120], [119, 138], [120, 121], [120, 122], [138, 139], [138, 154], [154, 155], [154, 177], [177, 178], [177, 213], [179, 181], [192, 195], [192, 212], [213, 214], [213, 228], [228, 229], [228, 241]], "missing_branches": [[179, 180]]}, "OKXFixtureAdapter._book_level": {"executed_lines": [245, 246], "summary": {"covered_lines": 2, "num_statements": 2, "percent_covered": 100.0, "percent_covered_display": "100", "missing_lines": 0, "excluded_lines": 0, "percent_statements_covered": 100.0, "percent_statements_covered_display": "100", "num_branches": 0, "num_partial_branches": 0, "covered_branches": 0, "missing_branches": 0, "percent_branches_covered": 100.0, "percent_branches_covered_display": "100"}, "missing_lines": [], "excluded_lines": [], "start_line": 244, "executed_branches": [], "missing_branches": []}, "": {"executed_lines": [3, 5, 6, 7, 8, 9, 10, 12, 19, 20, 35, 36, 37, 39, 46, 47, 56, 57, 69, 70, 74, 75, 86, 87, 111, 243, 244], "summary": {"covered_lines": 27, "num_statements": 27, "percent_covered": 100.0, "percent_covered_display": "100", "missing_lines": 0, "excluded_lines": 0, "percent_statements_covered": 100.0, "percent_statements_covered_display": "100", "num_branches": 0, "num_partial_branches": 0, "covered_branches": 0, "missing_branches": 0, "percent_branches_covered": 100.0, "percent_branches_covered_display": "100"}, "missing_lines": [], "excluded_lines": [], "start_line": 1, "executed_branches": [], "missing_branches": []}}, "classes": {"OKXFixtureAdapter": {"executed_lines": [40, 41, 42, 43, 44, 48, 49, 50, 51, 52, 53, 54, 58, 59, 60, 61, 62, 63, 64, 66, 67, 71, 72, 76, 77, 78, 79, 80, 81, 82, 83, 84, 94, 95, 96, 97, 98, 99, 100, 102, 103, 104, 107, 108, 109, 112, 113, 114, 115, 116, 119, 120, 121, 122, 137, 138, 139, 153, 154, 155, 156, 157, 158, 159, 160, 176, 177, 178, 179, 181, 182, 185, 191, 192, 195, 196, 211, 212, 213, 214, 227, 228, 229, 240, 241, 245, 246], "summary": {"covered_lines": 87, "num_statements": 90, "percent_covered": 94.61538461538461, "percent_covered_display": "95", "missing_lines": 3, "excluded_lines": 0, "percent_statements_covered": 96.66666666666667, "percent_statements_covered_display": "97", "num_branches": 40, "num_partial_branches": 4, "covered_branches": 36, "missing_branches": 4, "percent_branches_covered": 90.0, "percent_branches_covered_display": "90"}, "missing_lines": [101, 105, 180], "excluded_lines": [], "start_line": 35, "executed_branches": [[40, 41], [40, 42], [63, 64], [63, 66], [79, 80], [79, 84], [80, 81], [82, 79], [82, 83], [94, 95], [94, 97], [97, 98], [97, 108], [100, 102], [102, 97], [102, 103], [104, 107], [108, -86], [108, 109], [119, 120], [119, 138], [120, 121], [120, 122], [138, 139], [138, 154], [154, 155], [154, 177], [177, 178], [177, 213], [179, 181], [192, 195], [192, 212], [213, 214], [213, 228], [228, 229], [228, 241]], "missing_branches": [[80, 82], [100, 101], [104, 105], [179, 180]]}, "": {"executed_lines": [3, 5, 6, 7, 8, 9, 10, 12, 19, 20, 35, 36, 37, 39, 46, 47, 56, 57, 69, 70, 74, 75, 86, 87, 111, 243, 244], "summary": {"covered_lines": 27, "num_statements": 27, "percent_covered": 100.0, "percent_covered_display": "100", "missing_lines": 0, "excluded_lines": 0, "percent_statements_covered": 100.0, "percent_statements_covered_display": "100", "num_branches": 0, "num_partial_branches": 0, "covered_branches": 0, "missing_branches": 0, "percent_branches_covered": 100.0, "percent_branches_covered_display": "100"}, "missing_lines": [], "excluded_lines": [], "start_line": 1, "executed_branches": [], "missing_branches": []}}}, "src\\quant_data_kit\\calendar.py": {"executed_lines": [3, 5, 8, 20, 30], "summary": {"covered_lines": 5, "num_statements": 20, "percent_covered": 20.833333333333332, "percent_covered_display": "21", "missing_lines": 15, "excluded_lines": 0, "percent_statements_covered": 25.0, "percent_statements_covered_display": "25", "num_branches": 4, "num_partial_branches": 0, "covered_branches": 0, "missing_branches": 4, "percent_branches_covered": 0.0, "percent_branches_covered_display": "0"}, "missing_lines": [12, 13, 14, 15, 16, 17, 22, 24, 25, 26, 27, 31, 32, 33, 34], "excluded_lines": [], "executed_branches": [], "missing_branches": [[14, 15], [14, 16], [32, 33], [32, 34]], "functions": {"trading_days_between": {"executed_lines": [], "summary": {"covered_lines": 0, "num_statements": 6, "percent_covered": 0.0, "percent_covered_display": "0", "missing_lines": 6, "excluded_lines": 0, "percent_statements_covered": 0.0, "percent_statements_covered_display": "0", "num_branches": 2, "num_partial_branches": 0, "covered_branches": 0, "missing_branches": 2, "percent_branches_covered": 0.0, "percent_branches_covered_display": "0"}, "missing_lines": [12, 13, 14, 15, 16, 17], "excluded_lines": [], "start_line": 8, "executed_branches": [], "missing_branches": [[14, 15], [14, 16]]}, "load_sse_trade_dates": {"executed_lines": [], "summary": {"covered_lines": 0, "num_statements": 5, "percent_covered": 0.0, "percent_covered_display": "0", "missing_lines": 5, "excluded_lines": 0, "percent_statements_covered": 0.0, "percent_statements_covered_display": "0", "num_branches": 0, "num_partial_branches": 0, "covered_branches": 0, "missing_branches": 0, "percent_branches_covered": 100.0, "percent_branches_covered_display": "100"}, "missing_lines": [22, 24, 25, 26, 27], "excluded_lines": [], "start_line": 20, "executed_branches": [], "missing_branches": []}, "is_trading_day": {"executed_lines": [], "summary": {"covered_lines": 0, "num_statements": 4, "percent_covered": 0.0, "percent_covered_display": "0", "missing_lines": 4, "excluded_lines": 0, "percent_statements_covered": 0.0, "percent_statements_covered_display": "0", "num_branches": 2, "num_partial_branches": 0, "covered_branches": 0, "missing_branches": 2, "percent_branches_covered": 0.0, "percent_branches_covered_display": "0"}, "missing_lines": [31, 32, 33, 34], "excluded_lines": [], "start_line": 30, "executed_branches": [], "missing_branches": [[32, 33], [32, 34]]}, "": {"executed_lines": [3, 5, 8, 20, 30], "summary": {"covered_lines": 5, "num_statements": 5, "percent_covered": 100.0, "percent_covered_display": "100", "missing_lines": 0, "excluded_lines": 0, "percent_statements_covered": 100.0, "percent_statements_covered_display": "100", "num_branches": 0, "num_partial_branches": 0, "covered_branches": 0, "missing_branches": 0, "percent_branches_covered": 100.0, "percent_branches_covered_display": "100"}, "missing_lines": [], "excluded_lines": [], "start_line": 1, "executed_branches": [], "missing_branches": []}}, "classes": {"": {"executed_lines": [3, 5, 8, 20, 30], "summary": {"covered_lines": 5, "num_statements": 20, "percent_covered": 20.833333333333332, "percent_covered_display": "21", "missing_lines": 15, "excluded_lines": 0, "percent_statements_covered": 25.0, "percent_statements_covered_display": "25", "num_branches": 4, "num_partial_branches": 0, "covered_branches": 0, "missing_branches": 4, "percent_branches_covered": 0.0, "percent_branches_covered_display": "0"}, "missing_lines": [12, 13, 14, 15, 16, 17, 22, 24, 25, 26, 27, 31, 32, 33, 34], "excluded_lines": [], "start_line": 1, "executed_branches": [], "missing_branches": [[14, 15], [14, 16], [32, 33], [32, 34]]}}}, "src\\quant_data_kit\\catalog.py": {"executed_lines": [1, 3, 4, 5, 6, 8, 10, 13, 14, 15, 16, 17, 18, 19, 20, 21, 22, 25, 26, 28, 29, 30, 31, 32, 33, 34, 36, 37, 38, 40, 41, 42, 43, 44, 45, 46, 47, 49, 50, 52, 56, 57, 58, 62, 65, 66, 67, 69, 70, 71, 72, 74, 84, 85, 86, 88, 89, 91], "summary": {"covered_lines": 58, "num_statements": 62, "percent_covered": 93.05555555555556, "percent_covered_display": "93", "missing_lines": 4, "excluded_lines": 0, "percent_statements_covered": 93.54838709677419, "percent_statements_covered_display": "94", "num_branches": 10, "num_partial_branches": 1, "covered_branches": 9, "missing_branches": 1, "percent_branches_covered": 90.0, "percent_branches_covered_display": "90"}, "missing_lines": [53, 54, 92, 93], "excluded_lines": [], "executed_branches": [[31, 32], [31, 36], [42, 43], [42, 46], [43, 42], [43, 44], [46, -40], [46, 47], [70, 71]], "missing_branches": [[70, 74]], "functions": {"DataCatalog.__init__": {"executed_lines": [29, 30, 31, 32, 33, 34, 36, 37, 38], "summary": {"covered_lines": 9, "num_statements": 9, "percent_covered": 100.0, "percent_covered_display": "100", "missing_lines": 0, "excluded_lines": 0, "percent_statements_covered": 100.0, "percent_statements_covered_display": "100", "num_branches": 2, "num_partial_branches": 0, "covered_branches": 2, "missing_branches": 0, "percent_branches_covered": 100.0, "percent_branches_covered_display": "100"}, "missing_lines": [], "excluded_lines": [], "start_line": 28, "executed_branches": [[31, 32], [31, 36]], "missing_branches": []}, "DataCatalog.ensure_default_stack": {"executed_lines": [41, 42, 43, 44, 45, 46, 47], "summary": {"covered_lines": 7, "num_statements": 7, "percent_covered": 100.0, "percent_covered_display": "100", "missing_lines": 0, "excluded_lines": 0, "percent_statements_covered": 100.0, "percent_statements_covered_display": "100", "num_branches": 6, "num_partial_branches": 0, "covered_branches": 6, "missing_branches": 0, "percent_branches_covered": 100.0, "percent_branches_covered_display": "100"}, "missing_lines": [], "excluded_lines": [], "start_line": 40, "executed_branches": [[42, 43], [42, 46], [43, 42], [43, 44], [46, -40], [46, 47]], "missing_branches": []}, "DataCatalog.list_stack_dependencies": {"executed_lines": [50], "summary": {"covered_lines": 1, "num_statements": 1, "percent_covered": 100.0, "percent_covered_display": "100", "missing_lines": 0, "excluded_lines": 0, "percent_statements_covered": 100.0, "percent_statements_covered_display": "100", "num_branches": 0, "num_partial_branches": 0, "covered_branches": 0, "missing_branches": 0, "percent_branches_covered": 100.0, "percent_branches_covered_display": "100"}, "missing_lines": [], "excluded_lines": [], "start_line": 49, "executed_branches": [], "missing_branches": []}, "DataCatalog.register_stack_dependency": {"executed_lines": [], "summary": {"covered_lines": 0, "num_statements": 2, "percent_covered": 0.0, "percent_covered_display": "0", "missing_lines": 2, "excluded_lines": 0, "percent_statements_covered": 0.0, "percent_statements_covered_display": "0", "num_branches": 0, "num_partial_branches": 0, "covered_branches": 0, "missing_branches": 0, "percent_branches_covered": 100.0, "percent_branches_covered_display": "100"}, "missing_lines": [53, 54], "excluded_lines": [], "start_line": 52, "executed_branches": [], "missing_branches": []}, "DataCatalog.save": {"executed_lines": [57, 58], "summary": {"covered_lines": 2, "num_statements": 2, "percent_covered": 100.0, "percent_covered_display": "100", "missing_lines": 0, "excluded_lines": 0, "percent_statements_covered": 100.0, "percent_statements_covered_display": "100", "num_branches": 0, "num_partial_branches": 0, "covered_branches": 0, "missing_branches": 0, "percent_branches_covered": 100.0, "percent_branches_covered_display": "100"}, "missing_lines": [], "excluded_lines": [], "start_line": 56, "executed_branches": [], "missing_branches": []}, "DataCatalog.register": {"executed_lines": [65, 66, 67, 69, 70, 71, 72, 74, 84, 85, 86], "summary": {"covered_lines": 11, "num_statements": 11, "percent_covered": 92.3076923076923, "percent_covered_display": "92", "missing_lines": 0, "excluded_lines": 0, "percent_statements_covered": 100.0, "percent_statements_covered_display": "100", "num_branches": 2, "num_partial_branches": 1, "covered_branches": 1, "missing_branches": 1, "percent_branches_covered": 50.0, "percent_branches_covered_display": "50"}, "missing_lines": [], "excluded_lines": [], "start_line": 62, "executed_branches": [[70, 71]], "missing_branches": [[70, 74]]}, "DataCatalog.list": {"executed_lines": [89], "summary": {"covered_lines": 1, "num_statements": 1, "percent_covered": 100.0, "percent_covered_display": "100", "missing_lines": 0, "excluded_lines": 0, "percent_statements_covered": 100.0, "percent_statements_covered_display": "100", "num_branches": 0, "num_partial_branches": 0, "covered_branches": 0, "missing_branches": 0, "percent_branches_covered": 100.0, "percent_branches_covered_display": "100"}, "missing_lines": [], "excluded_lines": [], "start_line": 88, "executed_branches": [], "missing_branches": []}, "DataCatalog.get": {"executed_lines": [], "summary": {"covered_lines": 0, "num_statements": 2, "percent_covered": 0.0, "percent_covered_display": "0", "missing_lines": 2, "excluded_lines": 0, "percent_statements_covered": 0.0, "percent_statements_covered_display": "0", "num_branches": 0, "num_partial_branches": 0, "covered_branches": 0, "missing_branches": 0, "percent_branches_covered": 100.0, "percent_branches_covered_display": "100"}, "missing_lines": [92, 93], "excluded_lines": [], "start_line": 91, "executed_branches": [], "missing_branches": []}, "": {"executed_lines": [1, 3, 4, 5, 6, 8, 10, 13, 14, 15, 16, 17, 18, 19, 20, 21, 22, 25, 26, 28, 40, 49, 52, 56, 62, 88, 91], "summary": {"covered_lines": 27, "num_statements": 27, "percent_covered": 100.0, "percent_covered_display": "100", "missing_lines": 0, "excluded_lines": 0, "percent_statements_covered": 100.0, "percent_statements_covered_display": "100", "num_branches": 0, "num_partial_branches": 0, "covered_branches": 0, "missing_branches": 0, "percent_branches_covered": 100.0, "percent_branches_covered_display": "100"}, "missing_lines": [], "excluded_lines": [], "start_line": 1, "executed_branches": [], "missing_branches": []}}, "classes": {"DatasetRecord": {"executed_lines": [], "summary": {"covered_lines": 0, "num_statements": 0, "percent_covered": 100.0, "percent_covered_display": "100", "missing_lines": 0, "excluded_lines": 0, "percent_statements_covered": 100.0, "percent_statements_covered_display": "100", "num_branches": 0, "num_partial_branches": 0, "covered_branches": 0, "missing_branches": 0, "percent_branches_covered": 100.0, "percent_branches_covered_display": "100"}, "missing_lines": [], "excluded_lines": [], "start_line": 14, "executed_branches": [], "missing_branches": []}, "DataCatalog": {"executed_lines": [29, 30, 31, 32, 33, 34, 36, 37, 38, 41, 42, 43, 44, 45, 46, 47, 50, 57, 58, 65, 66, 67, 69, 70, 71, 72, 74, 84, 85, 86, 89], "summary": {"covered_lines": 31, "num_statements": 35, "percent_covered": 88.88888888888889, "percent_covered_display": "89", "missing_lines": 4, "excluded_lines": 0, "percent_statements_covered": 88.57142857142857, "percent_statements_covered_display": "89", "num_branches": 10, "num_partial_branches": 1, "covered_branches": 9, "missing_branches": 1, "percent_branches_covered": 90.0, "percent_branches_covered_display": "90"}, "missing_lines": [53, 54, 92, 93], "excluded_lines": [], "start_line": 25, "executed_branches": [[31, 32], [31, 36], [42, 43], [42, 46], [43, 42], [43, 44], [46, -40], [46, 47], [70, 71]], "missing_branches": [[70, 74]]}, "": {"executed_lines": [1, 3, 4, 5, 6, 8, 10, 13, 14, 15, 16, 17, 18, 19, 20, 21, 22, 25, 26, 28, 40, 49, 52, 56, 62, 88, 91], "summary": {"covered_lines": 27, "num_statements": 27, "percent_covered": 100.0, "percent_covered_display": "100", "missing_lines": 0, "excluded_lines": 0, "percent_statements_covered": 100.0, "percent_statements_covered_display": "100", "num_branches": 0, "num_partial_branches": 0, "covered_branches": 0, "missing_branches": 0, "percent_branches_covered": 100.0, "percent_branches_covered_display": "100"}, "missing_lines": [], "excluded_lines": [], "start_line": 1, "executed_branches": [], "missing_branches": []}}}, "src\\quant_data_kit\\cli.py": {"executed_lines": [3, 5, 6, 7, 8, 10, 11, 14, 26, 35, 36, 38, 41, 42, 44, 45, 46, 47, 49, 51, 52, 54, 59, 60, 64, 65, 68], "summary": {"covered_lines": 27, "num_statements": 44, "percent_covered": 60.416666666666664, "percent_covered_display": "60", "missing_lines": 17, "excluded_lines": 0, "percent_statements_covered": 61.36363636363637, "percent_statements_covered_display": "61", "num_branches": 4, "num_partial_branches": 2, "covered_branches": 2, "missing_branches": 2, "percent_branches_covered": 50.0, "percent_branches_covered_display": "50"}, "missing_lines": [15, 18, 19, 20, 21, 22, 23, 27, 28, 29, 30, 31, 32, 55, 56, 57, 69], "excluded_lines": [], "executed_branches": [[54, 59], [68, -1]], "missing_branches": [[54, 55], [68, 69]], "functions": {"main_validate": {"executed_lines": [], "summary": {"covered_lines": 0, "num_statements": 7, "percent_covered": 0.0, "percent_covered_display": "0", "missing_lines": 7, "excluded_lines": 0, "percent_statements_covered": 0.0, "percent_statements_covered_display": "0", "num_branches": 0, "num_partial_branches": 0, "covered_branches": 0, "missing_branches": 0, "percent_branches_covered": 100.0, "percent_branches_covered_display": "100"}, "missing_lines": [15, 18, 19, 20, 21, 22, 23], "excluded_lines": [], "start_line": 14, "executed_branches": [], "missing_branches": []}, "main_manifest": {"executed_lines": [], "summary": {"covered_lines": 0, "num_statements": 6, "percent_covered": 0.0, "percent_covered_display": "0", "missing_lines": 6, "excluded_lines": 0, "percent_statements_covered": 0.0, "percent_statements_covered_display": "0", "num_branches": 0, "num_partial_branches": 0, "covered_branches": 0, "missing_branches": 0, "percent_branches_covered": 100.0, "percent_branches_covered_display": "100"}, "missing_lines": [27, 28, 29, 30, 31, 32], "excluded_lines": [], "start_line": 26, "executed_branches": [], "missing_branches": []}, "main_catalog": {"executed_lines": [36, 38, 41, 42, 44, 45, 46, 47, 49, 51, 52, 54, 59, 60, 64, 65], "summary": {"covered_lines": 16, "num_statements": 19, "percent_covered": 80.95238095238095, "percent_covered_display": "81", "missing_lines": 3, "excluded_lines": 0, "percent_statements_covered": 84.21052631578948, "percent_statements_covered_display": "84", "num_branches": 2, "num_partial_branches": 1, "covered_branches": 1, "missing_branches": 1, "percent_branches_covered": 50.0, "percent_branches_covered_display": "50"}, "missing_lines": [55, 56, 57], "excluded_lines": [], "start_line": 35, "executed_branches": [[54, 59]], "missing_branches": [[54, 55]]}, "": {"executed_lines": [3, 5, 6, 7, 8, 10, 11, 14, 26, 35, 68], "summary": {"covered_lines": 11, "num_statements": 12, "percent_covered": 85.71428571428571, "percent_covered_display": "86", "missing_lines": 1, "excluded_lines": 0, "percent_statements_covered": 91.66666666666667, "percent_statements_covered_display": "92", "num_branches": 2, "num_partial_branches": 1, "covered_branches": 1, "missing_branches": 1, "percent_branches_covered": 50.0, "percent_branches_covered_display": "50"}, "missing_lines": [69], "excluded_lines": [], "start_line": 1, "executed_branches": [[68, -1]], "missing_branches": [[68, 69]]}}, "classes": {"": {"executed_lines": [3, 5, 6, 7, 8, 10, 11, 14, 26, 35, 36, 38, 41, 42, 44, 45, 46, 47, 49, 51, 52, 54, 59, 60, 64, 65, 68], "summary": {"covered_lines": 27, "num_statements": 44, "percent_covered": 60.416666666666664, "percent_covered_display": "60", "missing_lines": 17, "excluded_lines": 0, "percent_statements_covered": 61.36363636363637, "percent_statements_covered_display": "61", "num_branches": 4, "num_partial_branches": 2, "covered_branches": 2, "missing_branches": 2, "percent_branches_covered": 50.0, "percent_branches_covered_display": "50"}, "missing_lines": [15, 18, 19, 20, 21, 22, 23, 27, 28, 29, 30, 31, 32, 55, 56, 57, 69], "excluded_lines": [], "start_line": 1, "executed_branches": [[54, 59], [68, -1]], "missing_branches": [[54, 55], [68, 69]]}}}, "src\\quant_data_kit\\curated.py": {"executed_lines": [3, 5, 6, 7, 8, 9, 10, 11, 12, 13, 14, 15, 16, 18, 19, 21, 32, 33, 34, 35, 45, 51, 52, 53, 54, 55, 56, 57, 58, 59, 62, 63, 64, 65, 66, 67, 68, 69, 70, 71, 72, 73, 74, 77, 78, 87, 88, 91, 92, 93, 94, 95, 96, 99, 100, 101, 102, 103, 104, 106, 107, 108, 111, 112, 113, 114, 127, 128, 131, 132, 133, 134, 135, 138, 139, 144, 145, 146, 149, 150, 153, 154, 157, 158, 161, 170, 171, 172, 173, 174, 175, 176, 177, 178, 179, 180, 181, 182, 183, 184, 185, 186, 193, 195, 196, 199, 200, 201, 202, 203, 204, 205, 209, 213, 219, 220, 240, 241, 242, 243, 244, 247, 248, 249, 250, 251, 252, 255, 256, 259, 262, 271, 283, 284, 291, 292, 295, 299, 300, 301, 302, 303, 304, 305, 311, 318, 319, 321, 322, 323, 325, 331, 332, 333, 334, 335, 336, 337, 342, 346, 349, 357, 358, 359, 360, 361, 362, 363, 364, 365, 370, 375, 381, 382, 388, 391, 392, 393, 394, 399, 402, 413, 414, 415, 416, 417, 418, 419, 423, 424, 425, 426, 427, 428, 429, 431, 432, 437, 438, 439, 440, 441, 447, 448, 449, 453, 454, 457, 458, 459, 460, 461, 472, 473, 476, 484, 485, 486, 499, 503, 511, 524, 525, 526, 527, 528, 529, 536, 547, 554, 555, 556, 557, 558, 563, 568, 569, 570, 571, 572, 573, 579, 580, 581, 585, 586, 590, 591, 592, 600, 601, 602, 603, 604, 605, 606, 607, 608, 609, 610, 611, 612, 616, 617, 618, 619, 621, 622, 623, 625, 626, 627, 628, 629, 630, 631, 632, 633, 634, 635, 636, 637, 640, 641, 642, 643, 648, 652, 655, 656], "summary": {"covered_lines": 290, "num_statements": 296, "percent_covered": 96.96969696969697, "percent_covered_display": "97", "missing_lines": 6, "excluded_lines": 4, "percent_statements_covered": 97.97297297297297, "percent_statements_covered_display": "98", "num_branches": 100, "num_partial_branches": 6, "covered_branches": 94, "missing_branches": 6, "percent_branches_covered": 94.0, "percent_branches_covered_display": "94"}, "missing_lines": [105, 320, 324, 389, 620, 624], "excluded_lines": [47, 48, 49, 50], "executed_branches": [[94, 95], [94, 96], [100, 101], [100, 102], [102, 103], [102, 104], [104, 106], [106, 107], [106, 108], [112, 113], [112, 114], [114, 127], [114, 128], [144, 145], [144, 146], [171, 172], [171, 173], [174, 175], [174, 195], [178, 179], [178, 180], [183, 184], [183, 185], [196, 199], [196, 244], [250, 251], [250, 259], [251, 252], [251, 255], [255, 250], [255, 256], [301, 302], [301, 303], [304, -295], [304, 305], [319, 321], [322, 323], [322, 335], [323, 325], [331, 332], [331, 333], [335, 336], [335, 337], [364, 365], [364, 375], [381, 382], [381, 391], [388, 393], [393, 394], [393, 399], [416, 417], [416, 418], [424, 425], [424, 426], [427, 428], [427, 431], [447, 448], [447, 472], [527, 528], [527, 529], [556, 557], [556, 558], [568, 569], [568, 570], [573, 579], [573, 580], [581, 585], [581, 586], [590, 591], [590, 592], [601, 602], [601, 603], [606, 607], [606, 635], [607, 608], [607, 609], [610, 611], [610, 612], [616, 617], [616, 618], [619, 621], [623, 625], [625, 626], [625, 627], [629, 630], [629, 631], [632, 633], [632, 634], [635, 636], [635, 637], [640, 641], [640, 642], [642, 643], [642, 652]], "missing_branches": [[104, 105], [319, 320], [323, 324], [388, 389], [619, 620], [623, 624]], "functions": {"Curator.curate": {"executed_lines": [], "summary": {"covered_lines": 0, "num_statements": 0, "percent_covered": 100.0, "percent_covered_display": "100", "missing_lines": 0, "excluded_lines": 1, "percent_statements_covered": 100.0, "percent_statements_covered_display": "100", "num_branches": 0, "num_partial_branches": 0, "covered_branches": 0, "missing_branches": 0, "percent_branches_covered": 100.0, "percent_branches_covered_display": "100"}, "missing_lines": [], "excluded_lines": [48], "start_line": 48, "executed_branches": [], "missing_branches": []}, "_canonical": {"executed_lines": [78], "summary": {"covered_lines": 1, "num_statements": 1, "percent_covered": 100.0, "percent_covered_display": "100", "missing_lines": 0, "excluded_lines": 0, "percent_statements_covered": 100.0, "percent_statements_covered_display": "100", "num_branches": 0, "num_partial_branches": 0, "covered_branches": 0, "missing_branches": 0, "percent_branches_covered": 100.0, "percent_branches_covered_display": "100"}, "missing_lines": [], "excluded_lines": [], "start_line": 77, "executed_branches": [], "missing_branches": []}, "_hash_bytes": {"executed_lines": [88], "summary": {"covered_lines": 1, "num_statements": 1, "percent_covered": 100.0, "percent_covered_display": "100", "missing_lines": 0, "excluded_lines": 0, "percent_statements_covered": 100.0, "percent_statements_covered_display": "100", "num_branches": 0, "num_partial_branches": 0, "covered_branches": 0, "missing_branches": 0, "percent_branches_covered": 100.0, "percent_branches_covered_display": "100"}, "missing_lines": [], "excluded_lines": [], "start_line": 87, "executed_branches": [], "missing_branches": []}, "_hash_file": {"executed_lines": [92, 93, 94, 95, 96], "summary": {"covered_lines": 5, "num_statements": 5, "percent_covered": 100.0, "percent_covered_display": "100", "missing_lines": 0, "excluded_lines": 0, "percent_statements_covered": 100.0, "percent_statements_covered_display": "100", "num_branches": 2, "num_partial_branches": 0, "covered_branches": 2, "missing_branches": 0, "percent_branches_covered": 100.0, "percent_branches_covered_display": "100"}, "missing_lines": [], "excluded_lines": [], "start_line": 91, "executed_branches": [[94, 95], [94, 96]], "missing_branches": []}, "_json_value": {"executed_lines": [100, 101, 102, 103, 104, 106, 107, 108], "summary": {"covered_lines": 8, "num_statements": 9, "percent_covered": 88.23529411764706, "percent_covered_display": "88", "missing_lines": 1, "excluded_lines": 0, "percent_statements_covered": 88.88888888888889, "percent_statements_covered_display": "89", "num_branches": 8, "num_partial_branches": 1, "covered_branches": 7, "missing_branches": 1, "percent_branches_covered": 87.5, "percent_branches_covered_display": "88"}, "missing_lines": [105], "excluded_lines": [], "start_line": 99, "executed_branches": [[100, 101], [100, 102], [102, 103], [102, 104], [104, 106], [106, 107], [106, 108]], "missing_branches": [[104, 105]]}, "_dataset_segment": {"executed_lines": [112, 113, 114, 127, 128], "summary": {"covered_lines": 5, "num_statements": 5, "percent_covered": 100.0, "percent_covered_display": "100", "missing_lines": 0, "excluded_lines": 0, "percent_statements_covered": 100.0, "percent_statements_covered_display": "100", "num_branches": 4, "num_partial_branches": 0, "covered_branches": 4, "missing_branches": 0, "percent_branches_covered": 100.0, "percent_branches_covered_display": "100"}, "missing_lines": [], "excluded_lines": [], "start_line": 111, "executed_branches": [[112, 113], [112, 114], [114, 127], [114, 128]], "missing_branches": []}, "_revision_segment": {"executed_lines": [132, 133, 134, 135], "summary": {"covered_lines": 4, "num_statements": 4, "percent_covered": 100.0, "percent_covered_display": "100", "missing_lines": 0, "excluded_lines": 0, "percent_statements_covered": 100.0, "percent_statements_covered_display": "100", "num_branches": 0, "num_partial_branches": 0, "covered_branches": 0, "missing_branches": 0, "percent_branches_covered": 100.0, "percent_branches_covered_display": "100"}, "missing_lines": [], "excluded_lines": [], "start_line": 131, "executed_branches": [], "missing_branches": []}, "_utc": {"executed_lines": [139, 144, 145, 146], "summary": {"covered_lines": 4, "num_statements": 4, "percent_covered": 100.0, "percent_covered_display": "100", "missing_lines": 0, "excluded_lines": 0, "percent_statements_covered": 100.0, "percent_statements_covered_display": "100", "num_branches": 2, "num_partial_branches": 0, "covered_branches": 2, "missing_branches": 0, "percent_branches_covered": 100.0, "percent_branches_covered_display": "100"}, "missing_lines": [], "excluded_lines": [], "start_line": 138, "executed_branches": [[144, 145], [144, 146]], "missing_branches": []}, "_utc_text": {"executed_lines": [150], "summary": {"covered_lines": 1, "num_statements": 1, "percent_covered": 100.0, "percent_covered_display": "100", "missing_lines": 0, "excluded_lines": 0, "percent_statements_covered": 100.0, "percent_statements_covered_display": "100", "num_branches": 0, "num_partial_branches": 0, "covered_branches": 0, "missing_branches": 0, "percent_branches_covered": 100.0, "percent_branches_covered_display": "100"}, "missing_lines": [], "excluded_lines": [], "start_line": 149, "executed_branches": [], "missing_branches": []}, "_fixed_decimal": {"executed_lines": [154], "summary": {"covered_lines": 1, "num_statements": 1, "percent_covered": 100.0, "percent_covered_display": "100", "missing_lines": 0, "excluded_lines": 0, "percent_statements_covered": 100.0, "percent_statements_covered_display": "100", "num_branches": 0, "num_partial_branches": 0, "covered_branches": 0, "missing_branches": 0, "percent_branches_covered": 100.0, "percent_branches_covered_display": "100"}, "missing_lines": [], "excluded_lines": [], "start_line": 153, "executed_branches": [], "missing_branches": []}, "_fixed": {"executed_lines": [158], "summary": {"covered_lines": 1, "num_statements": 1, "percent_covered": 100.0, "percent_covered_display": "100", "missing_lines": 0, "excluded_lines": 0, "percent_statements_covered": 100.0, "percent_statements_covered_display": "100", "num_branches": 0, "num_partial_branches": 0, "covered_branches": 0, "missing_branches": 0, "percent_branches_covered": 100.0, "percent_branches_covered_display": "100"}, "missing_lines": [], "excluded_lines": [], "start_line": 157, "executed_branches": [], "missing_branches": []}, "build_session_bars": {"executed_lines": [170, 171, 172, 173, 174, 175, 176, 177, 178, 179, 180, 181, 182, 183, 184, 185, 186, 193, 195, 196, 199, 200, 201, 202, 203, 204, 205, 209, 213, 219, 220, 240, 241, 242, 243, 244], "summary": {"covered_lines": 36, "num_statements": 36, "percent_covered": 100.0, "percent_covered_display": "100", "missing_lines": 0, "excluded_lines": 0, "percent_statements_covered": 100.0, "percent_statements_covered_display": "100", "num_branches": 10, "num_partial_branches": 0, "covered_branches": 10, "missing_branches": 0, "percent_branches_covered": 100.0, "percent_branches_covered_display": "100"}, "missing_lines": [], "excluded_lines": [], "start_line": 161, "executed_branches": [[171, 172], [171, 173], [174, 175], [174, 195], [178, 179], [178, 180], [183, 184], [183, 185], [196, 199], [196, 244]], "missing_branches": []}, "_arrow_ready_bar": {"executed_lines": [248, 249, 250, 251, 252, 255, 256, 259], "summary": {"covered_lines": 8, "num_statements": 8, "percent_covered": 100.0, "percent_covered_display": "100", "missing_lines": 0, "excluded_lines": 0, "percent_statements_covered": 100.0, "percent_statements_covered_display": "100", "num_branches": 6, "num_partial_branches": 0, "covered_branches": 6, "missing_branches": 0, "percent_branches_covered": 100.0, "percent_branches_covered_display": "100"}, "missing_lines": [], "excluded_lines": [], "start_line": 247, "executed_branches": [[250, 251], [250, 259], [251, 252], [251, 255], [255, 250], [255, 256]], "missing_branches": []}, "_snapshot_identity": {"executed_lines": [271], "summary": {"covered_lines": 1, "num_statements": 1, "percent_covered": 100.0, "percent_covered_display": "100", "missing_lines": 0, "excluded_lines": 0, "percent_statements_covered": 100.0, "percent_statements_covered_display": "100", "num_branches": 0, "num_partial_branches": 0, "covered_branches": 0, "missing_branches": 0, "percent_branches_covered": 100.0, "percent_branches_covered_display": "100"}, "missing_lines": [], "excluded_lines": [], "start_line": 262, "executed_branches": [], "missing_branches": []}, "_revision_record": {"executed_lines": [284, 291, 292], "summary": {"covered_lines": 3, "num_statements": 3, "percent_covered": 100.0, "percent_covered_display": "100", "missing_lines": 0, "excluded_lines": 0, "percent_statements_covered": 100.0, "percent_statements_covered_display": "100", "num_branches": 0, "num_partial_branches": 0, "covered_branches": 0, "missing_branches": 0, "percent_branches_covered": 100.0, "percent_branches_covered_display": "100"}, "missing_lines": [], "excluded_lines": [], "start_line": 283, "executed_branches": [], "missing_branches": []}, "_validate_revision_record": {"executed_lines": [299, 300, 301, 302, 303, 304, 305], "summary": {"covered_lines": 7, "num_statements": 7, "percent_covered": 100.0, "percent_covered_display": "100", "missing_lines": 0, "excluded_lines": 0, "percent_statements_covered": 100.0, "percent_statements_covered_display": "100", "num_branches": 4, "num_partial_branches": 0, "covered_branches": 4, "missing_branches": 0, "percent_branches_covered": 100.0, "percent_branches_covered_display": "100"}, "missing_lines": [], "excluded_lines": [], "start_line": 295, "executed_branches": [[301, 302], [301, 303], [304, -295], [304, 305]], "missing_branches": []}, "_recover_missing_revision": {"executed_lines": [318, 319, 321, 322, 323, 325, 331, 332, 333, 334, 335, 336, 337, 342, 346], "summary": {"covered_lines": 15, "num_statements": 17, "percent_covered": 85.18518518518519, "percent_covered_display": "85", "missing_lines": 2, "excluded_lines": 0, "percent_statements_covered": 88.23529411764706, "percent_statements_covered_display": "88", "num_branches": 10, "num_partial_branches": 2, "covered_branches": 8, "missing_branches": 2, "percent_branches_covered": 80.0, "percent_branches_covered_display": "80"}, "missing_lines": [320, 324], "excluded_lines": [], "start_line": 311, "executed_branches": [[319, 321], [322, 323], [322, 335], [323, 325], [331, 332], [331, 333], [335, 336], [335, 337]], "missing_branches": [[319, 320], [323, 324]]}, "_publish_curated_snapshot": {"executed_lines": [357, 358, 359, 360, 361, 362, 363, 364, 365, 370, 375, 381, 382, 388, 391, 392, 393, 394, 399], "summary": {"covered_lines": 19, "num_statements": 20, "percent_covered": 92.85714285714286, "percent_covered_display": "93", "missing_lines": 1, "excluded_lines": 0, "percent_statements_covered": 95.0, "percent_statements_covered_display": "95", "num_branches": 8, "num_partial_branches": 1, "covered_branches": 7, "missing_branches": 1, "percent_branches_covered": 87.5, "percent_branches_covered_display": "88"}, "missing_lines": [389], "excluded_lines": [], "start_line": 349, "executed_branches": [[364, 365], [364, 375], [381, 382], [381, 391], [388, 393], [393, 394], [393, 399]], "missing_branches": [[388, 389]]}, "_write_curated_bars": {"executed_lines": [413, 414, 415, 416, 417, 418, 419, 423, 424, 425, 426, 427, 428, 429, 431, 432, 437, 438, 439, 440, 441, 447, 448, 449, 453, 454, 457, 458, 459, 460, 461, 472, 473, 476, 484, 485, 486, 499, 503], "summary": {"covered_lines": 39, "num_statements": 39, "percent_covered": 100.0, "percent_covered_display": "100", "missing_lines": 0, "excluded_lines": 0, "percent_statements_covered": 100.0, "percent_statements_covered_display": "100", "num_branches": 8, "num_partial_branches": 0, "covered_branches": 8, "missing_branches": 0, "percent_branches_covered": 100.0, "percent_branches_covered_display": "100"}, "missing_lines": [], "excluded_lines": [], "start_line": 402, "executed_branches": [[416, 417], [416, 418], [424, 425], [424, 426], [427, 428], [427, 431], [447, 448], [447, 472]], "missing_branches": []}, "curate_trade_bars_from_snapshot": {"executed_lines": [524, 525, 526, 527, 528, 529, 536], "summary": {"covered_lines": 7, "num_statements": 7, "percent_covered": 100.0, "percent_covered_display": "100", "missing_lines": 0, "excluded_lines": 0, "percent_statements_covered": 100.0, "percent_statements_covered_display": "100", "num_branches": 2, "num_partial_branches": 0, "covered_branches": 2, "missing_branches": 0, "percent_branches_covered": 100.0, "percent_branches_covered_display": "100"}, "missing_lines": [], "excluded_lines": [], "start_line": 511, "executed_branches": [[527, 528], [527, 529]], "missing_branches": []}, "_load_curated_snapshot": {"executed_lines": [554, 555, 556, 557, 558, 563, 568, 569, 570, 571, 572, 573, 579, 580, 581, 585, 586, 590, 591, 592, 600, 601, 602, 603, 604, 605, 606, 607, 608, 609, 610, 611, 612, 616, 617, 618, 619, 621, 622, 623, 625, 626, 627, 628, 629, 630, 631, 632, 633, 634, 635, 636, 637, 640, 641, 642, 643, 648, 652], "summary": {"covered_lines": 59, "num_statements": 61, "percent_covered": 95.87628865979381, "percent_covered_display": "96", "missing_lines": 2, "excluded_lines": 0, "percent_statements_covered": 96.72131147540983, "percent_statements_covered_display": "97", "num_branches": 36, "num_partial_branches": 2, "covered_branches": 34, "missing_branches": 2, "percent_branches_covered": 94.44444444444444, "percent_branches_covered_display": "94"}, "missing_lines": [620, 624], "excluded_lines": [], "start_line": 547, "executed_branches": [[556, 557], [556, 558], [568, 569], [568, 570], [573, 579], [573, 580], [581, 585], [581, 586], [590, 591], [590, 592], [601, 602], [601, 603], [606, 607], [606, 635], [607, 608], [607, 609], [610, 611], [610, 612], [616, 617], [616, 618], [619, 621], [623, 625], [625, 626], [625, 627], [629, 630], [629, 631], [632, 633], [632, 634], [635, 636], [635, 637], [640, 641], [640, 642], [642, 643], [642, 652]], "missing_branches": [[619, 620], [623, 624]]}, "load_curated_snapshot": {"executed_lines": [656], "summary": {"covered_lines": 1, "num_statements": 1, "percent_covered": 100.0, "percent_covered_display": "100", "missing_lines": 0, "excluded_lines": 0, "percent_statements_covered": 100.0, "percent_statements_covered_display": "100", "num_branches": 0, "num_partial_branches": 0, "covered_branches": 0, "missing_branches": 0, "percent_branches_covered": 100.0, "percent_branches_covered_display": "100"}, "missing_lines": [], "excluded_lines": [], "start_line": 655, "executed_branches": [], "missing_branches": []}, "": {"executed_lines": [3, 5, 6, 7, 8, 9, 10, 11, 12, 13, 14, 15, 16, 18, 19, 21, 32, 33, 34, 35, 45, 51, 52, 53, 54, 55, 56, 57, 58, 59, 62, 63, 64, 65, 66, 67, 68, 69, 70, 71, 72, 73, 74, 77, 87, 91, 99, 111, 131, 138, 149, 153, 157, 161, 247, 262, 283, 295, 311, 349, 402, 511, 547, 655], "summary": {"covered_lines": 64, "num_statements": 64, "percent_covered": 100.0, "percent_covered_display": "100", "missing_lines": 0, "excluded_lines": 3, "percent_statements_covered": 100.0, "percent_statements_covered_display": "100", "num_branches": 0, "num_partial_branches": 0, "covered_branches": 0, "missing_branches": 0, "percent_branches_covered": 100.0, "percent_branches_covered_display": "100"}, "missing_lines": [], "excluded_lines": [47, 49, 50], "start_line": 1, "executed_branches": [], "missing_branches": []}}, "classes": {"Curator": {"executed_lines": [], "summary": {"covered_lines": 0, "num_statements": 0, "percent_covered": 100.0, "percent_covered_display": "100", "missing_lines": 0, "excluded_lines": 1, "percent_statements_covered": 100.0, "percent_statements_covered_display": "100", "num_branches": 0, "num_partial_branches": 0, "covered_branches": 0, "missing_branches": 0, "percent_branches_covered": 100.0, "percent_branches_covered_display": "100"}, "missing_lines": [], "excluded_lines": [48], "start_line": 45, "executed_branches": [], "missing_branches": []}, "CuratedPartition": {"executed_lines": [], "summary": {"covered_lines": 0, "num_statements": 0, "percent_covered": 100.0, "percent_covered_display": "100", "missing_lines": 0, "excluded_lines": 0, "percent_statements_covered": 100.0, "percent_statements_covered_display": "100", "num_branches": 0, "num_partial_branches": 0, "covered_branches": 0, "missing_branches": 0, "percent_branches_covered": 100.0, "percent_branches_covered_display": "100"}, "missing_lines": [], "excluded_lines": [], "start_line": 52, "executed_branches": [], "missing_branches": []}, "CuratedSnapshot": {"executed_lines": [], "summary": {"covered_lines": 0, "num_statements": 0, "percent_covered": 100.0, "percent_covered_display": "100", "missing_lines": 0, "excluded_lines": 0, "percent_statements_covered": 100.0, "percent_statements_covered_display": "100", "num_branches": 0, "num_partial_branches": 0, "covered_branches": 0, "missing_branches": 0, "percent_branches_covered": 100.0, "percent_branches_covered_display": "100"}, "missing_lines": [], "excluded_lines": [], "start_line": 63, "executed_branches": [], "missing_branches": []}, "": {"executed_lines": [3, 5, 6, 7, 8, 9, 10, 11, 12, 13, 14, 15, 16, 18, 19, 21, 32, 33, 34, 35, 45, 51, 52, 53, 54, 55, 56, 57, 58, 59, 62, 63, 64, 65, 66, 67, 68, 69, 70, 71, 72, 73, 74, 77, 78, 87, 88, 91, 92, 93, 94, 95, 96, 99, 100, 101, 102, 103, 104, 106, 107, 108, 111, 112, 113, 114, 127, 128, 131, 132, 133, 134, 135, 138, 139, 144, 145, 146, 149, 150, 153, 154, 157, 158, 161, 170, 171, 172, 173, 174, 175, 176, 177, 178, 179, 180, 181, 182, 183, 184, 185, 186, 193, 195, 196, 199, 200, 201, 202, 203, 204, 205, 209, 213, 219, 220, 240, 241, 242, 243, 244, 247, 248, 249, 250, 251, 252, 255, 256, 259, 262, 271, 283, 284, 291, 292, 295, 299, 300, 301, 302, 303, 304, 305, 311, 318, 319, 321, 322, 323, 325, 331, 332, 333, 334, 335, 336, 337, 342, 346, 349, 357, 358, 359, 360, 361, 362, 363, 364, 365, 370, 375, 381, 382, 388, 391, 392, 393, 394, 399, 402, 413, 414, 415, 416, 417, 418, 419, 423, 424, 425, 426, 427, 428, 429, 431, 432, 437, 438, 439, 440, 441, 447, 448, 449, 453, 454, 457, 458, 459, 460, 461, 472, 473, 476, 484, 485, 486, 499, 503, 511, 524, 525, 526, 527, 528, 529, 536, 547, 554, 555, 556, 557, 558, 563, 568, 569, 570, 571, 572, 573, 579, 580, 581, 585, 586, 590, 591, 592, 600, 601, 602, 603, 604, 605, 606, 607, 608, 609, 610, 611, 612, 616, 617, 618, 619, 621, 622, 623, 625, 626, 627, 628, 629, 630, 631, 632, 633, 634, 635, 636, 637, 640, 641, 642, 643, 648, 652, 655, 656], "summary": {"covered_lines": 290, "num_statements": 296, "percent_covered": 96.96969696969697, "percent_covered_display": "97", "missing_lines": 6, "excluded_lines": 3, "percent_statements_covered": 97.97297297297297, "percent_statements_covered_display": "98", "num_branches": 100, "num_partial_branches": 6, "covered_branches": 94, "missing_branches": 6, "percent_branches_covered": 94.0, "percent_branches_covered_display": "94"}, "missing_lines": [105, 320, 324, 389, 620, 624], "excluded_lines": [47, 49, 50], "start_line": 1, "executed_branches": [[94, 95], [94, 96], [100, 101], [100, 102], [102, 103], [102, 104], [104, 106], [106, 107], [106, 108], [112, 113], [112, 114], [114, 127], [114, 128], [144, 145], [144, 146], [171, 172], [171, 173], [174, 175], [174, 195], [178, 179], [178, 180], [183, 184], [183, 185], [196, 199], [196, 244], [250, 251], [250, 259], [251, 252], [251, 255], [255, 250], [255, 256], [301, 302], [301, 303], [304, -295], [304, 305], [319, 321], [322, 323], [322, 335], [323, 325], [331, 332], [331, 333], [335, 336], [335, 337], [364, 365], [364, 375], [381, 382], [381, 391], [388, 393], [393, 394], [393, 399], [416, 417], [416, 418], [424, 425], [424, 426], [427, 428], [427, 431], [447, 448], [447, 472], [527, 528], [527, 529], [556, 557], [556, 558], [568, 569], [568, 570], [573, 579], [573, 580], [581, 585], [581, 586], [590, 591], [590, 592], [601, 602], [601, 603], [606, 607], [606, 635], [607, 608], [607, 609], [610, 611], [610, 612], [616, 617], [616, 618], [619, 621], [623, 625], [625, 626], [625, 627], [629, 630], [629, 631], [632, 633], [632, 634], [635, 636], [635, 637], [640, 641], [640, 642], [642, 643], [642, 652]], "missing_branches": [[104, 105], [319, 320], [323, 324], [388, 389], [619, 620], [623, 624]]}}}, "src\\quant_data_kit\\data_lake.py": {"executed_lines": [3, 5, 6, 7, 8, 9, 10, 11, 12, 13, 14, 15, 16, 17, 18, 19, 20, 21, 23, 24, 25, 26, 28, 29, 30, 31, 48, 49, 57, 68, 71, 75, 76, 77, 78, 79, 80, 82, 83, 84, 85, 86, 87, 88, 91, 94, 95, 96, 97, 98, 99, 100, 101, 102, 105, 106, 107, 108, 109, 110, 111, 112, 113, 114, 115, 116, 117, 118, 119, 120, 121, 123, 124, 134, 135, 136, 137, 138, 139, 140, 141, 144, 145, 146, 147, 148, 149, 150, 151, 152, 153, 156, 157, 158, 159, 160, 161, 162, 163, 166, 167, 168, 169, 170, 171, 172, 173, 174, 175, 176, 177, 180, 181, 182, 183, 184, 185, 186, 189, 190, 191, 192, 193, 194, 195, 196, 197, 198, 199, 200, 201, 204, 205, 206, 207, 208, 211, 212, 213, 214, 215, 216, 219, 220, 229, 231, 232, 233, 234, 235, 236, 237, 238, 239, 240, 241, 242, 243, 244, 245, 246, 252, 253, 256, 257, 258, 259, 260, 261, 264, 265, 270, 271, 272, 275, 276, 279, 280, 281, 282, 287, 288, 291, 292, 293, 294, 295, 296, 299, 300, 302, 303, 306, 309, 310, 311, 312, 313, 314, 315, 317, 320, 322, 323, 324, 325, 326, 327, 328, 329, 330, 331, 332, 333, 334, 335, 336, 337, 338, 341, 342, 343, 346, 349, 350, 355, 356, 357, 358, 359, 362, 364, 365, 366, 367, 368, 369, 370, 371, 372, 373, 374, 375, 376, 377, 378, 379, 380, 381, 382, 384, 385, 388, 389, 390, 391, 392, 393, 394, 395, 398, 399, 407, 408, 409, 410, 411, 412, 413, 414, 415, 416, 417, 418, 419, 420, 422, 423, 426, 427, 428, 429, 432, 433, 434, 435, 436, 439, 449, 450, 451, 452, 453, 454, 455, 456, 457, 458, 459, 460, 464, 465, 466, 467, 468, 471, 472, 473, 474, 475, 476, 487, 496, 504, 505, 506, 509, 510, 527, 533, 542, 543, 554, 555, 566, 567, 578, 579, 588, 589, 595, 596, 604, 610, 611, 612, 613, 614, 615, 616, 617, 618, 619, 620, 621, 622, 625, 628, 629, 630, 631, 632, 633, 638, 641, 642, 643, 646, 647, 648, 649, 655, 656, 657, 658, 659, 660, 665, 670, 671, 672, 673, 676, 683, 684, 685, 686, 687, 688, 689, 690, 691, 692, 693, 695, 697, 698, 699, 700, 701, 702, 703, 704, 705, 708, 709, 710, 711, 712, 713, 714, 720, 721, 725, 728, 729, 730, 731, 732, 733, 736, 741, 742, 743, 744, 745, 747, 748, 754, 756, 757, 758, 759, 760, 761, 763, 764, 765, 766
[...]
00.0, "percent_covered_display": "100", "missing_lines": 0, "excluded_lines": 0, "percent_statements_covered": 100.0, "percent_statements_covered_display": "100", "num_branches": 2, "num_partial_branches": 0, "covered_branches": 2, "missing_branches": 0, "percent_branches_covered": 100.0, "percent_branches_covered_display": "100"}, "missing_lines": [], "excluded_lines": [], "start_line": 56, "executed_branches": [[77, 78], [77, 80]], "missing_branches": []}, "_bar": {"executed_lines": [111, 123, 124], "summary": {"covered_lines": 3, "num_statements": 3, "percent_covered": 100.0, "percent_covered_display": "100", "missing_lines": 0, "excluded_lines": 0, "percent_statements_covered": 100.0, "percent_statements_covered_display": "100", "num_branches": 0, "num_partial_branches": 0, "covered_branches": 0, "missing_branches": 0, "percent_branches_covered": 100.0, "percent_branches_covered_display": "100"}, "missing_lines": [], "excluded_lines": [], "start_line": 110, "executed_branches": [], "missing_branches": []}, "test_bar_contract_rejects_each_structural_violation": {"executed_lines": [128, 129, 138, 139, 140], "summary": {"covered_lines": 5, "num_statements": 5, "percent_covered": 100.0, "percent_covered_display": "100", "missing_lines": 0, "excluded_lines": 0, "percent_statements_covered": 100.0, "percent_statements_covered_display": "100", "num_branches": 2, "num_partial_branches": 0, "covered_branches": 2, "missing_branches": 0, "percent_branches_covered": 100.0, "percent_branches_covered_display": "100"}, "missing_lines": [], "excluded_lines": [], "start_line": 127, "executed_branches": [[138, -127], [138, 139]], "missing_branches": []}, "_snapshot": {"executed_lines": [144, 149, 150], "summary": {"covered_lines": 3, "num_statements": 3, "percent_covered": 100.0, "percent_covered_display": "100", "missing_lines": 0, "excluded_lines": 0, "percent_statements_covered": 100.0, "percent_statements_covered_display": "100", "num_branches": 0, "num_partial_branches": 0, "covered_branches": 0, "missing_branches": 0, "percent_branches_covered": 100.0, "percent_branches_covered_display": "100"}, "missing_lines": [], "excluded_lines": [], "start_line": 143, "executed_branches": [], "missing_branches": []}, "test_book_snapshot_and_delta_negative_contracts": {"executed_lines": [154, 173, 174, 175, 177, 185, 194, 195, 196], "summary": {"covered_lines": 9, "num_statements": 9, "percent_covered": 100.0, "percent_covered_display": "100", "missing_lines": 0, "excluded_lines": 0, "percent_statements_covered": 100.0, "percent_statements_covered_display": "100", "num_branches": 4, "num_partial_branches": 0, "covered_branches": 4, "missing_branches": 0, "percent_branches_covered": 100.0, "percent_branches_covered_display": "100"}, "missing_lines": [], "excluded_lines": [], "start_line": 153, "executed_branches": [[173, 174], [173, 177], [194, -153], [194, 195]], "missing_branches": []}, "test_funding_corporate_action_status_and_payload_branches": {"executed_lines": [200, 201, 202, 208, 209, 216, 221, 229, 230, 231, 232, 233, 235, 236, 237, 238, 239, 240], "summary": {"covered_lines": 18, "num_statements": 18, "percent_covered": 100.0, "percent_covered_display": "100", "missing_lines": 0, "excluded_lines": 0, "percent_statements_covered": 100.0, "percent_statements_covered_display": "100", "num_branches": 4, "num_partial_branches": 0, "covered_branches": 4, "missing_branches": 0, "percent_branches_covered": 100.0, "percent_branches_covered_display": "100"}, "missing_lines": [], "excluded_lines": [], "start_line": 199, "executed_branches": [[200, 201], [200, 208], [229, 230], [229, 232]], "missing_branches": []}, "instrument_spec": {"executed_lines": [244, 267, 268], "summary": {"covered_lines": 3, "num_statements": 3, "percent_covered": 100.0, "percent_covered_display": "100", "missing_lines": 0, "excluded_lines": 0, "percent_statements_covered": 100.0, "percent_statements_covered_display": "100", "num_branches": 0, "num_partial_branches": 0, "covered_branches": 0, "missing_branches": 0, "percent_branches_covered": 100.0, "percent_branches_covered_display": "100"}, "missing_lines": [], "excluded_lines": [], "start_line": 243, "executed_branches": [], "missing_branches": []}, "test_reference_contract_negative_branches_and_serializers": {"executed_lines": [272, 273, 274, 286, 287, 288, 290, 299, 300, 301, 302, 303, 305, 316, 317, 323, 324, 325, 326], "summary": {"covered_lines": 19, "num_statements": 19, "percent_covered": 100.0, "percent_covered_display": "100", "missing_lines": 0, "excluded_lines": 0, "percent_statements_covered": 100.0, "percent_statements_covered_display": "100", "num_branches": 4, "num_partial_branches": 0, "covered_branches": 4, "missing_branches": 0, "percent_branches_covered": 100.0, "percent_branches_covered_display": "100"}, "missing_lines": [], "excluded_lines": [], "start_line": 271, "executed_branches": [[286, 287], [286, 290], [317, 323], [317, 325]], "missing_branches": []}, "": {"executed_lines": [1, 3, 4, 5, 6, 8, 10, 32, 34, 35, 38, 42, 56, 110, 127, 143, 153, 199, 243, 271], "summary": {"covered_lines": 20, "num_statements": 20, "percent_covered": 100.0, "percent_covered_display": "100", "missing_lines": 0, "excluded_lines": 0, "percent_statements_covered": 100.0, "percent_statements_covered_display": "100", "num_branches": 0, "num_partial_branches": 0, "covered_branches": 0, "missing_branches": 0, "percent_branches_covered": 100.0, "percent_branches_covered_display": "100"}, "missing_lines": [], "excluded_lines": [], "start_line": 1, "executed_branches": [], "missing_branches": []}}, "classes": {"": {"executed_lines": [1, 3, 4, 5, 6, 8, 10, 32, 34, 35, 38, 39, 42, 43, 56, 57, 58, 59, 60, 65, 66, 71, 72, 77, 78, 79, 80, 81, 82, 83, 84, 85, 87, 88, 89, 90, 92, 93, 100, 101, 110, 111, 123, 124, 127, 128, 129, 138, 139, 140, 143, 144, 149, 150, 153, 154, 173, 174, 175, 177, 185, 194, 195, 196, 199, 200, 201, 202, 208, 209, 216, 221, 229, 230, 231, 232, 233, 235, 236, 237, 238, 239, 240, 243, 244, 267, 268, 271, 272, 273, 274, 286, 287, 288, 290, 299, 300, 301, 302, 303, 305, 316, 317, 323, 324, 325, 326], "summary": {"covered_lines": 107, "num_statements": 107, "percent_covered": 100.0, "percent_covered_display": "100", "missing_lines": 0, "excluded_lines": 0, "percent_statements_covered": 100.0, "percent_statements_covered_display": "100", "num_branches": 16, "num_partial_branches": 0, "covered_branches": 16, "missing_branches": 0, "percent_branches_covered": 100.0, "percent_branches_covered_display": "100"}, "missing_lines": [], "excluded_lines": [], "start_line": 1, "executed_branches": [[77, 78], [77, 80], [138, -127], [138, 139], [173, 174], [173, 177], [194, -153], [194, 195], [200, 201], [200, 208], [229, 230], [229, 232], [286, 287], [286, 290], [317, 323], [317, 325]], "missing_branches": []}}}, "tests\\test_v2_contracts.py": {"executed_lines": [1, 3, 4, 5, 6, 7, 9, 10, 12, 38, 39, 55, 56, 59, 60, 63, 64, 77, 78, 79, 80, 81, 82, 83, 84, 90, 91, 109, 110, 111, 112, 113, 116, 117, 127, 128, 129, 130, 133, 134, 140, 141, 148, 149, 150, 151, 152, 159, 160, 165, 166, 174, 175, 176, 186, 187, 193, 194, 195, 196, 197, 199, 200, 201, 202, 205, 206, 207, 208, 210, 211, 212, 213, 215, 216, 217, 218, 220, 229, 230, 231, 232, 234, 235, 236, 237, 238, 241, 242, 249, 259, 260, 261, 262, 265, 266, 267, 269, 270, 271, 272, 274, 275, 276, 277, 279, 280, 281, 282, 285, 286, 297, 298, 299, 300, 303, 304, 310, 311, 318, 323, 326, 327, 334, 344, 345, 346, 349, 350, 351, 352, 366, 367, 368, 369], "summary": {"covered_lines": 135, "num_statements": 135, "percent_covered": 100.0, "percent_covered_display": "100", "missing_lines": 0, "excluded_lines": 0, "percent_statements_covered": 100.0, "percent_statements_covered_display": "100", "num_branches": 6, "num_partial_branches": 0, "covered_branches": 6, "missing_branches": 0, "percent_branches_covered": 100.0, "percent_branches_covered_display": "100"}, "missing_lines": [], "excluded_lines": [], "executed_branches": [[286, 297], [286, 298], [318, -303], [318, 323], [367, -349], [367, 368]], "missing_branches": [], "functions": {"fp": {"executed_lines": [60], "summary": {"covered_lines": 1, "num_statements": 1, "percent_covered": 100.0, "percent_covered_display": "100", "missing_lines": 0, "excluded_lines": 0, "percent_statements_covered": 100.0, "percent_statements_covered_display": "100", "num_branches": 0, "num_partial_branches": 0, "covered_branches": 0, "missing_branches": 0, "percent_branches_covered": 100.0, "percent_branches_covered_display": "100"}, "missing_lines": [], "excluded_lines": [], "start_line": 59, "executed_branches": [], "missing_branches": []}, "event_base": {"executed_lines": [64], "summary": {"covered_lines": 1, "num_statements": 1, "percent_covered": 100.0, "percent_covered_display": "100", "missing_lines": 0, "excluded_lines": 0, "percent_statements_covered": 100.0, "percent_statements_covered_display": "100", "num_branches": 0, "num_partial_branches": 0, "covered_branches": 0, "missing_branches": 0, "percent_branches_covered": 100.0, "percent_branches_covered_display": "100"}, "missing_lines": [], "excluded_lines": [], "start_line": 63, "executed_branches": [], "missing_branches": []}, "test_fixed_point_is_exact_and_utc_is_strict": {"executed_lines": [78, 79, 80, 81, 82, 83, 84], "summary": {"covered_lines": 7, "num_statements": 7, "percent_covered": 100.0, "percent_covered_display": "100", "missing_lines": 0, "excluded_lines": 0, "percent_statements_covered": 100.0, "percent_statements_covered_display": "100", "num_branches": 0, "num_partial_branches": 0, "covered_branches": 0, "missing_branches": 0, "percent_branches_covered": 100.0, "percent_branches_covered_display": "100"}, "missing_lines": [], "excluded_lines": [], "start_line": 77, "executed_branches": [], "missing_branches": []}, "test_instrument_spec_matches_json_and_arrow_contracts": {"executed_lines": [91, 109, 110, 111, 112, 113], "summary": {"covered_lines": 6, "num_statements": 6, "percent_covered": 100.0, "percent_covered_display": "100", "missing_lines": 0, "excluded_lines": 0, "percent_statements_covered": 100.0, "percent_statements_covered_display": "100", "num_branches": 0, "num_partial_branches": 0, "covered_branches": 0, "missing_branches": 0, "percent_branches_covered": 100.0, "percent_branches_covered_display": "100"}, "missing_lines": [], "excluded_lines": [], "start_line": 90, "executed_branches": [], "missing_branches": []}, "test_market_clock_uses_explicit_trading_day": {"executed_lines": [117, 127, 128, 129, 130], "summary": {"covered_lines": 5, "num_statements": 5, "percent_covered": 100.0, "percent_covered_display": "100", "missing_lines": 0, "excluded_lines": 0, "percent_statements_covered": 100.0, "percent_statements_covered_display": "100", "num_branches": 0, "num_partial_branches": 0, "covered_branches": 0, "missing_branches": 0, "percent_branches_covered": 100.0, "percent_branches_covered_display": "100"}, "missing_lines": [], "excluded_lines": [], "start_line": 116, "executed_branches": [], "missing_branches": []}, "test_trade_and_quote_events_enforce_causal_time": {"executed_lines": [134, 140, 141, 148, 149, 150, 151, 152], "summary": {"covered_lines": 8, "num_statements": 8, "percent_covered": 100.0, "percent_covered_display": "100", "missing_lines": 0, "excluded_lines": 0, "percent_statements_covered": 100.0, "percent_statements_covered_display": "100", "num_branches": 0, "num_partial_branches": 0, "covered_branches": 0, "missing_branches": 0, "percent_branches_covered": 100.0, "percent_branches_covered_display": "100"}, "missing_lines": [], "excluded_lines": [], "start_line": 133, "executed_branches": [], "missing_branches": []}, "test_l2_snapshot_and_delta_are_strictly_sequenced": {"executed_lines": [160, 165, 166, 174, 175, 176], "summary": {"covered_lines": 6, "num_statements": 6, "percent_covered": 100.0, "percent_covered_display": "100", "missing_lines": 0, "excluded_lines": 0, "percent_statements_covered": 100.0, "percent_statements_covered_display": "100", "num_branches": 0, "num_partial_branches": 0, "covered_branches": 0, "missing_branches": 0, "percent_branches_covered": 100.0, "percent_branches_covered_display": "100"}, "missing_lines": [], "excluded_lines": [], "start_line": 159, "executed_branches": [], "missing_branches": []}, "test_public_json_validation_enforces_event_semantics": {"executed_lines": [187, 193, 194, 195, 196, 197, 199, 200, 201, 202], "summary": {"covered_lines": 10, "num_statements": 10, "percent_covered": 100.0, "percent_covered_display": "100", "missing_lines": 0, "excluded_lines": 0, "percent_statements_covered": 100.0, "percent_statements_covered_display": "100", "num_branches": 0, "num_partial_branches": 0, "covered_branches": 0, "missing_branches": 0, "percent_branches_covered": 100.0, "percent_branches_covered_display": "100"}, "missing_lines": [], "excluded_lines": [], "start_line": 186, "executed_branches": [], "missing_branches": []}, "test_public_stream_validation_rejects_duplicate_and_out_of_order_records": {"executed_lines": [206, 207, 208, 210, 211, 212, 213, 215, 216, 217, 218, 220, 229, 230, 231, 232, 234, 235, 236, 237, 238], "summary": {"covered_lines": 21, "num_statements": 21, "percent_covered": 100.0, "percent_covered_display": "100", "missing_lines": 0, "excluded_lines": 0, "percent_statements_covered": 100.0, "percent_statements_covered_display": "100", "num_branches": 0, "num_partial_branches": 0, "covered_branches": 0, "missing_branches": 0, "percent_branches_covered": 100.0, "percent_branches_covered_display": "100"}, "missing_lines": [], "excluded_lines": [], "start_line": 205, "executed_branches": [], "missing_branches": []}, "test_stream_validation_connects_l2_snapshot_to_first_delta": {"executed_lines": [242, 249, 259, 260, 261, 262], "summary": {"covered_lines": 6, "num_statements": 6, "percent_covered": 100.0, "percent_covered_display": "100", "missing_lines": 0, "excluded_lines": 0, "percent_statements_covered": 100.0, "percent_statements_covered_display": "100", "num_branches": 0, "num_partial_branches": 0, "covered_branches": 0, "missing_branches": 0, "percent_branches_covered": 100.0, "percent_branches_covered_display": "100"}, "missing_lines": [], "excluded_lines": [], "start_line": 241, "executed_branches": [], "missing_branches": []}, "test_reference_json_validation_matches_dataclass_semantics": {"executed_lines": [266, 267, 269, 270, 271, 272, 274, 275, 276, 277, 279, 280, 281, 282], "summary": {"covered_lines": 14, "num_statements": 14, "percent_covered": 100.0, "percent_covered_display": "100", "missing_lines": 0, "excluded_lines": 0, "percent_statements_covered": 100.0, "percent_statements_covered_display": "100", "num_branches": 0, "num_partial_branches": 0, "covered_branches": 0, "missing_branches": 0, "percent_branches_covered": 100.0, "percent_branches_covered_display": "100"}, "missing_lines": [], "excluded_lines": [], "start_line": 265, "executed_branches": [], "missing_branches": []}, "test_all_event_arrow_schemas_require_sequence_and_l2_lists_require_items": {"executed_lines": [286, 297, 298, 299, 300], "summary": {"covered_lines": 5, "num_statements": 5, "percent_covered": 100.0, "percent_covered_display": "100", "missing_lines": 0, "excluded_lines": 0, "percent_statements_covered": 100.0, "percent_statements_covered_display": "100", "num_branches": 2, "num_partial_branches": 0, "covered_branches": 2, "missing_branches": 0, "percent_branches_covered": 100.0, "percent_branches_covered_display": "100"}, "missing_lines": [], "excluded_lines": [], "start_line": 285, "executed_branches": [[286, 297], [286, 298]], "missing_branches": []}, "test_asset_specific_events_match_registered_schemas": {"executed_lines": [304, 310, 311, 318, 323], "summary": {"covered_lines": 5, "num_statements": 5, "percent_covered": 100.0, "percent_covered_display": "100", "missing_lines": 0, "excluded_lines": 0, "percent_statements_covered": 100.0, "percent_statements_covered_display": "100", "num_branches": 2, "num_partial_branches": 0, "covered_branches": 2, "missing_branches": 0, "percent_branches_covered": 100.0, "percent_branches_covered_display": "100"}, "missing_lines": [], "excluded_lines": [], "start_line": 303, "executed_branches": [[318, -303], [318, 323]], "missing_branches": []}, "test_bitemporal_join_never_uses_future_knowledge": {"executed_lines": [327, 334, 344, 345, 346], "summary": {"covered_lines": 5, "num_statements": 5, "percent_covered": 100.0, "percent_covered_display": "100", "missing_lines": 0, "excluded_lines": 0, "percent_statements_covered": 100.0, "percent_statements_covered_display": "100", "num_branches": 0, "num_partial_branches": 0, "covered_branches": 0, "missing_branches": 0, "percent_branches_covered": 100.0, "percent_branches_covered_display": "100"}, "missing_lines": [], "excluded_lines": [], "start_line": 326, "executed_branches": [], "missing_branches": []}, "test_all_frozen_v2_golden_records_match_json_and_arrow_field_contracts": {"executed_lines": [350, 351, 352, 366, 367, 368, 369], "summary": {"covered_lines": 7, "num_statements": 7, "percent_covered": 100.0, "percent_covered_display": "100", "missing_lines": 0, "excluded_lines": 0, "percent_statements_covered": 100.0, "percent_statements_covered_display": "100", "num_branches": 2, "num_partial_branches": 0, "covered_branches": 2, "missing_branches": 0, "percent_branches_covered": 100.0, "percent_branches_covered_display": "100"}, "missing_lines": [], "excluded_lines": [], "start_line": 349, "executed_branches": [[367, -349], [367, 368]], "missing_branches": []}, "": {"executed_lines": [1, 3, 4, 5, 6, 7, 9, 10, 12, 38, 39, 55, 56, 59, 63, 77, 90, 116, 133, 159, 186, 205, 241, 265, 285, 303, 326, 349], "summary": {"covered_lines": 28, "num_statements": 28, "percent_covered": 100.0, "percent_covered_display": "100", "missing_lines": 0, "excluded_lines": 0, "percent_statements_covered": 100.0, "percent_statements_covered_display": "100", "num_branches": 0, "num_partial_branches": 0, "covered_branches": 0, "missing_branches": 0, "percent_branches_covered": 100.0, "percent_branches_covered_display": "100"}, "missing_lines": [], "excluded_lines": [], "start_line": 1, "executed_branches": [], "missing_branches": []}}, "classes": {"": {"executed_lines": [1, 3, 4, 5, 6, 7, 9, 10, 12, 38, 39, 55, 56, 59, 60, 63, 64, 77, 78, 79, 80, 81, 82, 83, 84, 90, 91, 109, 110, 111, 112, 113, 116, 117, 127, 128, 129, 130, 133, 134, 140, 141, 148, 149, 150, 151, 152, 159, 160, 165, 166, 174, 175, 176, 186, 187, 193, 194, 195, 196, 197, 199, 200, 201, 202, 205, 206, 207, 208, 210, 211, 212, 213, 215, 216, 217, 218, 220, 229, 230, 231, 232, 234, 235, 236, 237, 238, 241, 242, 249, 259, 260, 261, 262, 265, 266, 267, 269, 270, 271, 272, 274, 275, 276, 277, 279, 280, 281, 282, 285, 286, 297, 298, 299, 300, 303, 304, 310, 311, 318, 323, 326, 327, 334, 344, 345, 346, 349, 350, 351, 352, 366, 367, 368, 369], "summary": {"covered_lines": 135, "num_statements": 135, "percent_covered": 100.0, "percent_covered_display": "100", "missing_lines": 0, "excluded_lines": 0, "percent_statements_covered": 100.0, "percent_statements_covered_display": "100", "num_branches": 6, "num_partial_branches": 0, "covered_branches": 6, "missing_branches": 0, "percent_branches_covered": 100.0, "percent_branches_covered_display": "100"}, "missing_lines": [], "excluded_lines": [], "start_line": 1, "executed_branches": [[286, 297], [286, 298], [318, -303], [318, 323], [367, -349], [367, 368]], "missing_branches": []}}}}, "totals": {"covered_lines": 5125, "num_statements": 5611, "percent_covered": 89.3910768783607, "percent_covered_display": "89", "missing_lines": 486, "excluded_lines": 10, "percent_statements_covered": 91.33844234539298, "percent_statements_covered_display": "91", "num_branches": 1270, "num_partial_branches": 142, "covered_branches": 1026, "missing_branches": 244, "percent_branches_covered": 80.78740157480316, "percent_branches_covered_display": "81"}}