{"meta": {"format": 3, "version": "7.16.0", "timestamp": "2026-08-29T21:37:03.988796", "branch_coverage": true, "show_contexts": false}, "files": {"src\\quant_data_kit\\__init__.py": {"executed_lines": [3, 4, 13, 14, 28, 35, 56, 65, 66, 73, 74, 91, 96, 104, 105, 117, 118, 124, 126], "summary": {"covered_lines": 19, "num_statements": 19, "percent_covered": 100.0, "percent_covered_display": "100", "missing_lines": 0, "excluded_lines": 0, "percent_statements_covered": 100.0, "percent_statements_covered_display": "100", "num_branches": 0, "num_partial_branches": 0, "covered_branches": 0, "missing_branches": 0, "percent_branches_covered": 100.0, "percent_branches_covered_display": "100"}, "missing_lines": [], "excluded_lines": [], "executed_branches": [], "missing_branches": [], "functions": {"": {"executed_lines": [3, 4, 13, 14, 28, 35, 56, 65, 66, 73, 74, 91, 96, 104, 105, 117, 118, 124, 126], "summary": {"covered_lines": 19, "num_statements": 19, "percent_covered": 100.0, "percent_covered_display": "100", "missing_lines": 0, "excluded_lines": 0, "percent_statements_covered": 100.0, "percent_statements_covered_display": "100", "num_branches": 0, "num_partial_branches": 0, "covered_branches": 0, "missing_branches": 0, "percent_branches_covered": 100.0, "percent_branches_covered_display": "100"}, "missing_lines": [], "excluded_lines": [], "start_line": 1, "executed_branches": [], "missing_branches": []}}, "classes": {"": {"executed_lines": [3, 4, 13, 14, 28, 35, 56, 65, 66, 73, 74, 91, 96, 104, 105, 117, 118, 124, 126], "summary": {"covered_lines": 19, "num_statements": 19, "percent_covered": 100.0, "percent_covered_display": "100", "missing_lines": 0, "excluded_lines": 0, "percent_statements_covered": 100.0, "percent_statements_covered_display": "100", "num_branches": 0, "num_partial_branches": 0, "covered_branches": 0, "missing_branches": 0, "percent_branches_covered": 100.0, "percent_branches_covered_display": "100"}, "missing_lines": [], "excluded_lines": [], "start_line": 1, "executed_branches": [], "missing_branches": []}}}, "src\\quant_data_kit\\_version.py": {"executed_lines": [3], "summary": {"covered_lines": 1, "num_statements": 1, "percent_covered": 100.0, "percent_covered_display": "100", "missing_lines": 0, "excluded_lines": 0, "percent_statements_covered": 100.0, "percent_statements_covered_display": "100", "num_branches": 0, "num_partial_branches": 0, "covered_branches": 0, "missing_branches": 0, "percent_branches_covered": 100.0, "percent_branches_covered_display": "100"}, "missing_lines": [], "excluded_lines": [], "executed_branches": [], "missing_branches": [], "functions": {"": {"executed_lines": [3], "summary": {"covered_lines": 1, "num_statements": 1, "percent_covered": 100.0, "percent_covered_display": "100", "missing_lines": 0, "excluded_lines": 0, "percent_statements_covered": 100.0, "percent_statements_covered_display": "100", "num_branches": 0, "num_partial_branches": 0, "covered_branches": 0, "missing_branches": 0, "percent_branches_covered": 100.0, "percent_branches_covered_display": "100"}, "missing_lines": [], "excluded_lines": [], "start_line": 1, "executed_branches": [], "missing_branches": []}}, "classes": {"": {"executed_lines": [3], "summary": {"covered_lines": 1, "num_statements": 1, "percent_covered": 100.0, "percent_covered_display": "100", "missing_lines": 0, "excluded_lines": 0, "percent_statements_covered": 100.0, "percent_statements_covered_display": "100", "num_branches": 0, "num_partial_branches": 0, "covered_branches": 0, "missing_branches": 0, "percent_branches_covered": 100.0, "percent_branches_covered_display": "100"}, "missing_lines": [], "excluded_lines": [], "start_line": 1, "executed_branches": [], "missing_branches": []}}}, "src\\quant_data_kit\\adapters_v2\\__init__.py": {"executed_lines": [3, 10, 11, 12, 14], "summary": {"covered_lines": 5, "num_statements": 5, "percent_covered": 100.0, "percent_covered_display": "100", "missing_lines": 0, "excluded_lines": 0, "percent_statements_covered": 100.0, "percent_statements_covered_display": "100", "num_branches": 0, "num_partial_branches": 0, "covered_branches": 0, "missing_branches": 0, "percent_branches_covered": 100.0, "percent_branches_covered_display": "100"}, "missing_lines": [], "excluded_lines": [], "executed_branches": [], "missing_branches": [], "functions": {"": {"executed_lines": [3, 10, 11, 12, 14], "summary": {"covered_lines": 5, "num_statements": 5, "percent_covered": 100.0, "percent_covered_display": "100", "missing_lines": 0, "excluded_lines": 0, "percent_statements_covered": 100.0, "percent_statements_covered_display": "100", "num_branches": 0, "num_partial_branches": 0, "covered_branches": 0, "missing_branches": 0, "percent_branches_covered": 100.0, "percent_branches_covered_display": "100"}, "missing_lines": [], "excluded_lines": [], "start_line": 1, "executed_branches": [], "missing_branches": []}}, "classes": {"": {"executed_lines": [3, 10, 11, 12, 14], "summary": {"covered_lines": 5, "num_statements": 5, "percent_covered": 100.0, "percent_covered_display": "100", "missing_lines": 0, "excluded_lines": 0, "percent_statements_covered": 100.0, "percent_statements_covered_display": "100", "num_branches": 0, "num_partial_branches": 0, "covered_branches": 0, "missing_branches": 0, "percent_branches_covered": 100.0, "percent_branches_covered_display": "100"}, "missing_lines": [], "excluded_lines": [], "start_line": 1, "executed_branches": [], "missing_branches": []}}}, "src\\quant_data_kit\\adapters_v2\\base.py": {"executed_lines": [3, 5, 6, 7, 8, 9, 10, 12, 13, 14, 16, 19, 20, 21, 22, 23, 26, 27, 28, 29, 30, 31, 33, 34, 35, 36, 37, 41, 42, 43, 44, 48, 49, 56, 57, 58, 59, 60, 61, 62, 63, 66, 67, 68, 69, 70, 71, 72, 73, 76, 77, 78, 79, 80, 81, 84, 95, 96, 97, 98, 99, 112, 115, 116, 117, 119, 120, 122, 123, 124, 125, 126, 127, 128, 129, 131, 132, 133, 134, 135, 136, 137, 138, 140, 142, 143, 144, 145, 146, 151, 153, 154, 156, 169, 170, 171, 172, 173, 177, 178, 179, 181, 189, 190, 191, 192, 197, 198, 199, 200, 201, 202, 203, 204, 205, 206, 207, 208, 209, 212, 216, 217, 218, 219], "summary": {"covered_lines": 124, "num_statements": 126, "percent_covered": 97.46835443037975, "percent_covered_display": "97", "missing_lines": 2, "excluded_lines": 6, "percent_statements_covered": 98.41269841269842, "percent_statements_covered_display": "98", "num_branches": 32, "num_partial_branches": 2, "covered_branches": 30, "missing_branches": 2, "percent_branches_covered": 93.75, "percent_branches_covered_display": "94"}, "missing_lines": [45, 193], "excluded_lines": [50, 51, 52, 53, 54, 55], "executed_branches": [[43, 44], [57, 58], [57, 59], [71, 72], [71, 73], [95, 96], [95, 97], [97, 98], [97, 99], [133, 134], [133, 135], [142, 143], [142, 144], [145, -140], [145, 146], [169, 170], [169, 171], [172, 173], [172, 177], [177, 178], [177, 179], [189, 190], [189, 191], [192, 197], [197, 198], [197, 199], [199, 200], [199, 201], [203, 204], [203, 207]], "missing_branches": [[43, 45], [192, 193]], "functions": {"AdapterContext.instrument": {"executed_lines": [34, 35, 36, 37], "summary": {"covered_lines": 4, "num_statements": 4, "percent_covered": 100.0, "percent_covered_display": "100", "missing_lines": 0, "excluded_lines": 0, "percent_statements_covered": 100.0, "percent_statements_covered_display": "100", "num_branches": 0, "num_partial_branches": 0, "covered_branches": 0, "missing_branches": 0, "percent_branches_covered": 100.0, "percent_branches_covered_display": "100"}, "missing_lines": [], "excluded_lines": [], "start_line": 33, "executed_branches": [], "missing_branches": []}, "AdapterContext.session_id": {"executed_lines": [42, 43, 44], "summary": {"covered_lines": 3, "num_statements": 4, "percent_covered": 66.66666666666667, "percent_covered_display": "67", "missing_lines": 1, "excluded_lines": 0, "percent_statements_covered": 75.0, "percent_statements_covered_display": "75", "num_branches": 2, "num_partial_branches": 1, "covered_branches": 1, "missing_branches": 1, "percent_branches_covered": 50.0, "percent_branches_covered_display": "50"}, "missing_lines": [45], "excluded_lines": [], "start_line": 41, "executed_branches": [[43, 44]], "missing_branches": [[43, 45]]}, "ProviderAdapter.transaction": {"executed_lines": [], "summary": {"covered_lines": 0, "num_statements": 0, "percent_covered": 100.0, "percent_covered_display": "100", "missing_lines": 0, "excluded_lines": 1, "percent_statements_covered": 100.0, "percent_statements_covered_display": "100", "num_branches": 0, "num_partial_branches": 0, "covered_branches": 0, "missing_branches": 0, "percent_branches_covered": 100.0, "percent_branches_covered_display": "100"}, "missing_lines": [], "excluded_lines": [51], "start_line": 51, "executed_branches": [], "missing_branches": []}, "ProviderAdapter.adapt": {"executed_lines": [], "summary": {"covered_lines": 0, "num_statements": 0, "percent_covered": 100.0, "percent_covered_display": "100", "missing_lines": 0, "excluded_lines": 1, "percent_statements_covered": 100.0, "percent_statements_covered_display": "100", "num_branches": 0, "num_partial_branches": 0, "covered_branches": 0, "missing_branches": 0, "percent_branches_covered": 100.0, "percent_branches_covered_display": "100"}, "missing_lines": [], "excluded_lines": [53], "start_line": 53, "executed_branches": [], "missing_branches": []}, "utc_from_milliseconds": {"executed_lines": [57, 58, 59, 60, 61, 62, 63], "summary": {"covered_lines": 7, "num_statements": 7, "percent_covered": 100.0, "percent_covered_display": "100", "missing_lines": 0, "excluded_lines": 0, "percent_statements_covered": 100.0, "percent_statements_covered_display": "100", "num_branches": 2, "num_partial_branches": 0, "covered_branches": 2, "missing_branches": 0, "percent_branches_covered": 100.0, "percent_branches_covered_display": "100"}, "missing_lines": [], "excluded_lines": [], "start_line": 56, "executed_branches": [[57, 58], [57, 59]], "missing_branches": []}, "utc_from_text": {"executed_lines": [67, 68, 69, 70, 71, 72, 73], "summary": {"covered_lines": 7, "num_statements": 7, "percent_covered": 100.0, "percent_covered_display": "100", "missing_lines": 0, "excluded_lines": 0, "percent_statements_covered": 100.0, "percent_statements_covered_display": "100", "num_branches": 2, "num_partial_branches": 0, "covered_branches": 2, "missing_branches": 0, "percent_branches_covered": 100.0, "percent_branches_covered_display": "100"}, "missing_lines": [], "excluded_lines": [], "start_line": 66, "executed_branches": [[71, 72], [71, 73]], "missing_branches": []}, "fixed": {"executed_lines": [77, 78, 79, 80, 81], "summary": {"covered_lines": 5, "num_statements": 5, "percent_covered": 100.0, "percent_covered_display": "100", "missing_lines": 0, "excluded_lines": 0, "percent_statements_covered": 100.0, "percent_statements_covered_display": "100", "num_branches": 0, "num_partial_branches": 0, "covered_branches": 0, "missing_branches": 0, "percent_branches_covered": 100.0, "percent_branches_covered_display": "100"}, "missing_lines": [], "excluded_lines": [], "start_line": 76, "executed_branches": [], "missing_branches": []}, "event_identity": {"executed_lines": [95, 96, 97, 98, 99], "summary": {"covered_lines": 5, "num_statements": 5, "percent_covered": 100.0, "percent_covered_display": "100", "missing_lines": 0, "excluded_lines": 0, "percent_statements_covered": 100.0, "percent_statements_covered_display": "100", "num_branches": 4, "num_partial_branches": 0, "covered_branches": 4, "missing_branches": 0, "percent_branches_covered": 100.0, "percent_branches_covered_display": "100"}, "missing_lines": [], "excluded_lines": [], "start_line": 84, "executed_branches": [[95, 96], [95, 97], [97, 98], [97, 99]], "missing_branches": []}, "BookSequenceNormalizer.__init__": {"executed_lines": [116, 117], "summary": {"covered_lines": 2, "num_statements": 2, "percent_covered": 100.0, "percent_covered_display": "100", "missing_lines": 0, "excluded_lines": 0, "percent_statements_covered": 100.0, "percent_statements_covered_display": "100", "num_branches": 0, "num_partial_branches": 0, "covered_branches": 0, "missing_branches": 0, "percent_branches_covered": 100.0, "percent_branches_covered_display": "100"}, "missing_lines": [], "excluded_lines": [], "start_line": 115, "executed_branches": [], "missing_branches": []}, "BookSequenceNormalizer.transaction": {"executed_lines": [122, 123, 124, 125, 126, 127, 128, 129], "summary": {"covered_lines": 8, "num_statements": 8, "percent_covered": 100.0, "percent_covered_display": "100", "missing_lines": 0, "excluded_lines": 0, "percent_statements_covered": 100.0, "percent_statements_covered_display": "100", "num_branches": 0, "num_partial_branches": 0, "covered_branches": 0, "missing_branches": 0, "percent_branches_covered": 100.0, "percent_branches_covered_display": "100"}, "missing_lines": [], "excluded_lines": [], "start_line": 120, "executed_branches": [], "missing_branches": []}, "BookSequenceNormalizer.snapshot": {"executed_lines": [132, 133, 134, 135, 136, 137, 138], "summary": {"covered_lines": 7, "num_statements": 7, "percent_covered": 100.0, "percent_covered_display": "100", "missing_lines": 0, "excluded_lines": 0, "percent_statements_covered": 100.0, "percent_statements_covered_display": "100", "num_branches": 2, "num_partial_branches": 0, "covered_branches": 2, "missing_branches": 0, "percent_branches_covered": 100.0, "percent_branches_covered_display": "100"}, "missing_lines": [], "excluded_lines": [], "start_line": 131, "executed_branches": [[133, 134], [133, 135]], "missing_branches": []}, "BookSequenceNormalizer.heartbeat": {"executed_lines": [142, 143, 144, 145, 146], "summary": {"covered_lines": 5, "num_statements": 5, "percent_covered": 100.0, "percent_covered_display": "100", "missing_lines": 0, "excluded_lines": 0, "percent_statements_covered": 100.0, "percent_statements_covered_display": "100", "num_branches": 4, "num_partial_branches": 0, "covered_branches": 4, "missing_branches": 0, "percent_branches_covered": 100.0, "percent_branches_covered_display": "100"}, "missing_lines": [], "excluded_lines": [], "start_line": 140, "executed_branches": [[142, 143], [142, 144], [145, -140], [145, 146]], "missing_branches": []}, "BookSequenceNormalizer.reset": {"executed_lines": [153, 154], "summary": {"covered_lines": 2, "num_statements": 2, "percent_covered": 100.0, "percent_covered_display": "100", "missing_lines": 0, "excluded_lines": 0, "percent_statements_covered": 100.0, "percent_statements_covered_display": "100", "num_branches": 0, "num_partial_branches": 0, "covered_branches": 0, "missing_branches": 0, "percent_branches_covered": 100.0, "percent_branches_covered_display": "100"}, "missing_lines": [], "excluded_lines": [], "start_line": 151, "executed_branches": [], "missing_branches": []}, "BookSequenceNormalizer.advance_without_levels": {"executed_lines": [169, 170, 171, 172, 173, 177, 178, 179], "summary": {"covered_lines": 8, "num_statements": 8, "percent_covered": 100.0, "percent_covered_display": "100", "missing_lines": 0, "excluded_lines": 0, "percent_statements_covered": 100.0, "percent_statements_covered_display": "100", "num_branches": 6, "num_partial_branches": 0, "covered_branches": 6, "missing_branches": 0, "percent_branches_covered": 100.0, "percent_branches_covered_display": "100"}, "missing_lines": [], "excluded_lines": [], "start_line": 156, "executed_branches": [[169, 170], [169, 171], [172, 173], [172, 177], [177, 178], [177, 179]], "missing_branches": []}, "BookSequenceNormalizer.delta": {"executed_lines": [189, 190, 191, 192, 197, 198, 199, 200, 201, 202, 203, 204, 205, 206, 207, 208, 209], "summary": {"covered_lines": 17, "num_statements": 18, "percent_covered": 92.85714285714286, "percent_covered_display": "93", "missing_lines": 1, "excluded_lines": 0, "percent_statements_covered": 94.44444444444444, "percent_statements_covered_display": "94", "num_branches": 10, "num_partial_branches": 1, "covered_branches": 9, "missing_branches": 1, "percent_branches_covered": 90.0, "percent_branches_covered_display": "90"}, "missing_lines": [193], "excluded_lines": [], "start_line": 181, "executed_branches": [[189, 190], [189, 191], [192, 197], [197, 198], [197, 199], [199, 200], [199, 201], [203, 204], [203, 207]], "missing_branches": [[192, 193]]}, "adapt_fixture_messages": {"executed_lines": [216, 217, 218, 219], "summary": {"covered_lines": 4, "num_statements": 4, "percent_covered": 100.0, "percent_covered_display": "100", "missing_lines": 0, "excluded_lines": 0, "percent_statements_covered": 100.0, "percent_statements_covered_display": "100", "num_branches": 0, "num_partial_branches": 0, "covered_branches": 0, "missing_branches": 0, "percent_branches_covered": 100.0, "percent_branches_covered_display": "100"}, "missing_lines": [], "excluded_lines": [], "start_line": 212, "executed_branches": [], "missing_branches": []}, "": {"executed_lines": [3, 5, 6, 7, 8, 9, 10, 12, 13, 14, 16, 19, 20, 21, 22, 23, 26, 27, 28, 29, 30, 31, 33, 41, 48, 49, 56, 66, 76, 84, 112, 115, 119, 120, 131, 140, 151, 156, 181, 212], "summary": {"covered_lines": 40, "num_statements": 40, "percent_covered": 100.0, "percent_covered_display": "100", "missing_lines": 0, "excluded_lines": 4, "percent_statements_covered": 100.0, "percent_statements_covered_display": "100", "num_branches": 0, "num_partial_branches": 0, "covered_branches": 0, "missing_branches": 0, "percent_branches_covered": 100.0, "percent_branches_covered_display": "100"}, "missing_lines": [], "excluded_lines": [50, 52, 54, 55], "start_line": 1, "executed_branches": [], "missing_branches": []}}, "classes": {"AdapterInstrument": {"executed_lines": [], "summary": {"covered_lines": 0, "num_statements": 0, "percent_covered": 100.0, "percent_covered_display": "100", "missing_lines": 0, "excluded_lines": 0, "percent_statements_covered": 100.0, "percent_statements_covered_display": "100", "num_branches": 0, "num_partial_branches": 0, "covered_branches": 0, "missing_branches": 0, "percent_branches_covered": 100.0, "percent_branches_covered_display": "100"}, "missing_lines": [], "excluded_lines": [], "start_line": 20, "executed_branches": [], "missing_branches": []}, "AdapterContext": {"executed_lines": [34, 35, 36, 37, 42, 43, 44], "summary": {"covered_lines": 7, "num_statements": 8, "percent_covered": 80.0, "percent_covered_display": "80", "missing_lines": 1, "excluded_lines": 0, "percent_statements_covered": 87.5, "percent_statements_covered_display": "88", "num_branches": 2, "num_partial_branches": 1, "covered_branches": 1, "missing_branches": 1, "percent_branches_covered": 50.0, "percent_branches_covered_display": "50"}, "missing_lines": [45], "excluded_lines": [], "start_line": 27, "executed_branches": [[43, 44]], "missing_branches": [[43, 45]]}, "ProviderAdapter": {"executed_lines": [], "summary": {"covered_lines": 0, "num_statements": 0, "percent_covered": 100.0, "percent_covered_display": "100", "missing_lines": 0, "excluded_lines": 2, "percent_statements_covered": 100.0, "percent_statements_covered_display": "100", "num_branches": 0, "num_partial_branches": 0, "covered_branches": 0, "missing_branches": 0, "percent_branches_covered": 100.0, "percent_branches_covered_display": "100"}, "missing_lines": [], "excluded_lines": [51, 53], "start_line": 48, "executed_branches": [], "missing_branches": []}, "BookSequenceNormalizer": {"executed_lines": [116, 117, 122, 123, 124, 125, 126, 127, 128, 129, 132, 133, 134, 135, 136, 137, 138, 142, 143, 144, 145, 146, 153, 154, 169, 170, 171, 172, 173, 177, 178, 179, 189, 190, 191, 192, 197, 198, 199, 200, 201, 202, 203, 204, 205, 206, 207, 208, 209], "summary": {"covered_lines": 49, "num_statements": 50, "percent_covered": 97.22222222222223, "percent_covered_display": "97", "missing_lines": 1, "excluded_lines": 0, "percent_statements_covered": 98.0, "percent_statements_covered_display": "98", "num_branches": 22, "num_partial_branches": 1, "covered_branches": 21, "missing_branches": 1, "percent_branches_covered": 95.45454545454545, "percent_branches_covered_display": "95"}, "missing_lines": [193], "excluded_lines": [], "start_line": 112, "executed_branches": [[133, 134], [133, 135], [142, 143], [142, 144], [145, -140], [145, 146], [169, 170], [169, 171], [172, 173], [172, 177], [177, 178], [177, 179], [189, 190], [189, 191], [192, 197], [197, 198], [197, 199], [199, 200], [199, 201], [203, 204], [203, 207]], "missing_branches": [[192, 193]]}, "": {"executed_lines": [3, 5, 6, 7, 8, 9, 10, 12, 13, 14, 16, 19, 20, 21, 22, 23, 26, 27, 28, 29, 30, 31, 33, 41, 48, 49, 56, 57, 58, 59, 60, 61, 62, 63, 66, 67, 68, 69, 70, 71, 72, 73, 76, 77, 78, 79, 80, 81, 84, 95, 96, 97, 98, 99, 112, 115, 119, 120, 131, 140, 151, 156, 181, 212, 216, 217, 218, 219], "summary": {"covered_lines": 68, "num_statements": 68, "percent_covered": 100.0, "percent_covered_display": "100", "missing_lines": 0, "excluded_lines": 4, "percent_statements_covered": 100.0, "percent_statements_covered_display": "100", "num_branches": 8, "num_partial_branches": 0, "covered_branches": 8, "missing_branches": 0, "percent_branches_covered": 100.0, "percent_branches_covered_display": "100"}, "missing_lines": [], "excluded_lines": [50, 52, 54, 55], "start_line": 1, "executed_branches": [[57, 58], [57, 59], [71, 72], [71, 73], [95, 96], [95, 97], [97, 98], [97, 99]], "missing_branches": []}}}, "src\\quant_data_kit\\adapters_v2\\binance.py": {"executed_lines": [3, 5, 6, 7, 9, 16, 17, 32, 33, 34, 39, 40, 41, 42, 43, 44, 46, 47, 48, 50, 51, 52, 53, 55, 56, 57, 58, 59, 60, 63, 64, 66, 67, 80, 81, 82, 96, 97, 98, 99, 100, 101, 125, 126, 127, 128, 129, 130, 131, 132, 135, 138, 139, 144, 145, 151, 152, 155, 156, 157, 174, 175, 176, 177, 190, 191, 192, 203, 204], "summary": {"covered_lines": 69, "num_statements": 70, "percent_covered": 97.82608695652173, "percent_covered_display": "98", "missing_lines": 1, "excluded_lines": 0, "percent_statements_covered": 98.57142857142857, "percent_statements_covered_display": "99", "num_branches": 22, "num_partial_branches": 1, "covered_branches": 21, "missing_branches": 1, "percent_branches_covered": 95.45454545454545, "percent_branches_covered_display": "95"}, "missing_lines": [65], "excluded_lines": [], "executed_branches": [[40, 41], [40, 42], [63, 64], [63, 81], [64, 66], [81, 82], [81, 97], [97, 98], [97, 126], [126, 127], [126, 176], [131, 132], [131, 135], [138, 139], [138, 145], [152, 155], [152, 175], [176, 177], [176, 191], [191, 192], [191, 204]], "missing_branches": [[64, 65]], "functions": {"BinanceFixtureAdapter.__init__": {"executed_lines": [40, 41, 42, 43, 44], "summary": {"covered_lines": 5, "num_statements": 5, "percent_covered": 100.0, "percent_covered_display": "100", "missing_lines": 0, "excluded_lines": 0, "percent_statements_covered": 100.0, "percent_statements_covered_display": "100", "num_branches": 2, "num_partial_branches": 0, "covered_branches": 2, "missing_branches": 0, "percent_branches_covered": 100.0, "percent_branches_covered_display": "100"}, "missing_lines": [], "excluded_lines": [], "start_line": 39, "executed_branches": [[40, 41], [40, 42]], "missing_branches": []}, "BinanceFixtureAdapter._event_id": {"executed_lines": [47, 48], "summary": {"covered_lines": 2, "num_statements": 2, "percent_covered": 100.0, "percent_covered_display": "100", "missing_lines": 0, "excluded_lines": 0, "percent_statements_covered": 100.0, "percent_statements_covered_display": "100", "num_branches": 0, "num_partial_branches": 0, "covered_branches": 0, "missing_branches": 0, "percent_branches_covered": 100.0, "percent_branches_covered_display": "100"}, "missing_lines": [], "excluded_lines": [], "start_line": 46, "executed_branches": [], "missing_branches": []}, "BinanceFixtureAdapter.transaction": {"executed_lines": [52, 53], "summary": {"covered_lines": 2, "num_statements": 2, "percent_covered": 100.0, "percent_covered_display": "100", "missing_lines": 0, "excluded_lines": 0, "percent_statements_covered": 100.0, "percent_statements_covered_display": "100", "num_branches": 0, "num_partial_branches": 0, "covered_branches": 0, "missing_branches": 0, "percent_branches_covered": 100.0, "percent_branches_covered_display": "100"}, "missing_lines": [], "excluded_lines": [], "start_line": 51, "executed_branches": [], "missing_branches": []}, "BinanceFixtureAdapter.adapt": {"executed_lines": [56, 57, 58, 59, 60, 63, 64, 66, 67, 80, 81, 82, 96, 97, 98, 99, 100, 101, 125, 126, 127, 128, 129, 130, 131, 132, 135, 138, 139, 144, 145, 151, 152, 155, 156, 157, 174, 175, 176, 177, 190, 191, 192, 203, 204], "summary": {"covered_lines": 45, "num_statements": 46, "percent_covered": 96.96969696969697, "percent_covered_display": "97", "missing_lines": 1, "excluded_lines": 0, "percent_statements_covered": 97.82608695652173, "percent_statements_covered_display": "98", "num_branches": 20, "num_partial_branches": 1, "covered_branches": 19, "missing_branches": 1, "percent_branches_covered": 95.0, "percent_branches_covered_display": "95"}, "missing_lines": [65], "excluded_lines": [], "start_line": 55, "executed_branches": [[63, 64], [63, 81], [64, 66], [81, 82], [81, 97], [97, 98], [97, 126], [126, 127], [126, 176], [131, 132], [131, 135], [138, 139], [138, 145], [152, 155], [152, 175], [176, 177], [176, 191], [191, 192], [191, 204]], "missing_branches": [[64, 65]]}, "": {"executed_lines": [3, 5, 6, 7, 9, 16, 17, 32, 33, 34, 39, 46, 50, 51, 55], "summary": {"covered_lines": 15, "num_statements": 15, "percent_covered": 100.0, "percent_covered_display": "100", "missing_lines": 0, "excluded_lines": 0, "percent_statements_covered": 100.0, "percent_statements_covered_display": "100", "num_branches": 0, "num_partial_branches": 0, "covered_branches": 0, "missing_branches": 0, "percent_branches_covered": 100.0, "percent_branches_covered_display": "100"}, "missing_lines": [], "excluded_lines": [], "start_line": 1, "executed_branches": [], "missing_branches": []}}, "classes": {"BinanceFixtureAdapter": {"executed_lines": [40, 41, 42, 43, 44, 47, 48, 52, 53, 56, 57, 58, 59, 60, 63, 64, 66, 67, 80, 81, 82, 96, 97, 98, 99, 100, 101, 125, 126, 127, 128, 129, 130, 131, 132, 135, 138, 139, 144, 145, 151, 152, 155, 156, 157, 174, 175, 176, 177, 190, 191, 192, 203, 204], "summary": {"covered_lines": 54, "num_statements": 55, "percent_covered": 97.40259740259741, "percent_covered_display": "97", "missing_lines": 1, "excluded_lines": 0, "percent_statements_covered": 98.18181818181819, "percent_statements_covered_display": "98", "num_branches": 22, "num_partial_branches": 1, "covered_branches": 21, "missing_branches": 1, "percent_branches_covered": 95.45454545454545, "percent_branches_covered_display": "95"}, "missing_lines": [65], "excluded_lines": [], "start_line": 32, "executed_branches": [[40, 41], [40, 42], [63, 64], [63, 81], [64, 66], [81, 82], [81, 97], [97, 98], [97, 126], [126, 127], [126, 176], [131, 132], [131, 135], [138, 139], [138, 145], [152, 155], [152, 175], [176, 177], [176, 191], [191, 192], [191, 204]], "missing_branches": [[64, 65]]}, "": {"executed_lines": [3, 5, 6, 7, 9, 16, 17, 32, 33, 34, 39, 46, 50, 51, 55], "summary": {"covered_lines": 15, "num_statements": 15, "percent_covered": 100.0, "percent_covered_display": "100", "missing_lines": 0, "excluded_lines": 0, "percent_statements_covered": 100.0, "percent_statements_covered_display": "100", "num_branches": 0, "num_partial_branches": 0, "covered_branches": 0, "missing_branches": 0, "percent_branches_covered": 100.0, "percent_branches_covered_display": "100"}, "missing_lines": [], "excluded_lines": [], "start_line": 1, "executed_branches": [], "missing_branches": []}}}, "src\\quant_data_kit\\adapters_v2\\cn_neutral.py": {"executed_lines": [3, 5, 6, 7, 8, 10, 17, 18, 28, 29, 31, 32, 33, 34, 35, 37, 38, 39, 40, 42, 43, 44, 45, 46, 47, 48, 49, 50, 51, 52, 53, 54, 55, 56, 70, 71, 72, 73, 74, 80, 81, 84, 85, 105, 106, 107, 109, 110, 111], "summary": {"covered_lines": 49, "num_statements": 49, "percent_covered": 100.0, "percent_covered_display": "100", "missing_lines": 0, "excluded_lines": 0, "percent_statements_covered": 100.0, "percent_statements_covered_display": "100", "num_branches": 10, "num_partial_branches": 0, "covered_branches": 10, "missing_branches": 0, "percent_branches_covered": 100.0, "percent_branches_covered_display": "100"}, "missing_lines": [], "excluded_lines": [], "executed_branches": [[32, 33], [32, 34], [43, 44], [43, 45], [52, 53], [52, 71], [71, 72], [71, 107], [81, 84], [81, 106]], "missing_branches": [], "functions": {"CNNeutralFixtureAdapter.__init__": {"executed_lines": [32, 33, 34, 35], "summary": {"covered_lines": 4, "num_statements": 4, "percent_covered": 100.0, "percent_covered_display": "100", "missing_lines": 0, "excluded_lines": 0, "percent_statements_covered": 100.0, "percent_statements_covered_display": "100", "num_branches": 2, "num_partial_branches": 0, "covered_branches": 2, "missing_branches": 0, "percent_branches_covered": 100.0, "percent_branches_covered_display": "100"}, "missing_lines": [], "excluded_lines": [], "start_line": 31, "executed_branches": [[32, 33], [32, 34]], "missing_branches": []}, "CNNeutralFixtureAdapter.transaction": {"executed_lines": [39, 40], "summary": {"covered_lines": 2, "num_statements": 2, "percent_covered": 100.0, "percent_covered_display": "100", "missing_lines": 0, "excluded_lines": 0, "percent_statements_covered": 100.0, "percent_statements_covered_display": "100", "num_branches": 0, "num_partial_branches": 0, "covered_branches": 0, "missing_branches": 0, "percent_branches_covered": 100.0, "percent_branches_covered_display": "100"}, "missing_lines": [], "excluded_lines": [], "start_line": 38, "executed_branches": [], "missing_branches": []}, "CNNeutralFixtureAdapter.adapt": {"executed_lines": [43, 44, 45, 46, 47, 48, 49, 50, 51, 52, 53, 54, 55, 56, 70, 71, 72, 73, 74, 80, 81, 84, 85, 105, 106, 107], "summary": {"covered_lines": 26, "num_statements": 26, "percent_covered": 100.0, "percent_covered_display": "100", "missing_lines": 0, "excluded_lines": 0, "percent_statements_covered": 100.0, "percent_statements_covered_display": "100", "num_branches": 8, "num_partial_branches": 0, "covered_branches": 8, "missing_branches": 0, "percent_branches_covered": 100.0, "percent_branches_covered_display": "100"}, "missing_lines": [], "excluded_lines": [], "start_line": 42, "executed_branches": [[43, 44], [43, 45], [52, 53], [52, 71], [71, 72], [71, 107], [81, 84], [81, 106]], "missing_branches": []}, "CNNeutralFixtureAdapter._level": {"executed_lines": [111], "summary": {"covered_lines": 1, "num_statements": 1, "percent_covered": 100.0, "percent_covered_display": "100", "missing_lines": 0, "excluded_lines": 0, "percent_statements_covered": 100.0, "percent_statements_covered_display": "100", "num_branches": 0, "num_partial_branches": 0, "covered_branches": 0, "missing_branches": 0, "percent_branches_covered": 100.0, "percent_branches_covered_display": "100"}, "missing_lines": [], "excluded_lines": [], "start_line": 110, "executed_branches": [], "missing_branches": []}, "": {"executed_lines": [3, 5, 6, 7, 8, 10, 17, 18, 28, 29, 31, 37, 38, 42, 109, 110], "summary": {"covered_lines": 16, "num_statements": 16, "percent_covered": 100.0, "percent_covered_display": "100", "missing_lines": 0, "excluded_lines": 0, "percent_statements_covered": 100.0, "percent_statements_covered_display": "100", "num_branches": 0, "num_partial_branches": 0, "covered_branches": 0, "missing_branches": 0, "percent_branches_covered": 100.0, "percent_branches_covered_display": "100"}, "missing_lines": [], "excluded_lines": [], "start_line": 1, "executed_branches": [], "missing_branches": []}}, "classes": {"CNNeutralFixtureAdapter": {"executed_lines": [32, 33, 34, 35, 39, 40, 43, 44, 45, 46, 47, 48, 49, 50, 51, 52, 53, 54, 55, 56, 70, 71, 72, 73, 74, 80, 81, 84, 85, 105, 106, 107, 111], "summary": {"covered_lines": 33, "num_statements": 33, "percent_covered": 100.0, "percent_covered_display": "100", "missing_lines": 0, "excluded_lines": 0, "percent_statements_covered": 100.0, "percent_statements_covered_display": "100", "num_branches": 10, "num_partial_branches": 0, "covered_branches": 10, "missing_branches": 0, "percent_branches_covered": 100.0, "percent_branches_covered_display": "100"}, "missing_lines": [], "excluded_lines": [], "start_line": 28, "executed_branches": [[32, 33], [32, 34], [43, 44], [43, 45], [52, 53], [52, 71], [71, 72], [71, 107], [81, 84], [81, 106]], "missing_branches": []}, "": {"executed_lines": [3, 5, 6, 7, 8, 10, 17, 18, 28, 29, 31, 37, 38, 42, 109, 110], "summary": {"covered_lines": 16, "num_statements": 16, "percent_covered": 100.0, "percent_covered_display": "100", "missing_lines": 0, "excluded_lines": 0, "percent_statements_covered": 100.0, "percent_statements_covered_display": "100", "num_branches": 0, "num_partial_branches": 0, "covered_branches": 0, "missing_branches": 0, "percent_branches_covered": 100.0, "percent_branches_covered_display": "100"}, "missing_lines": [], "excluded_lines": [], "start_line": 1, "executed_branches": [], "missing_branches": []}}}, "src\\quant_data_kit\\adapters_v2\\okx.py": {"executed_lines": [3, 5, 6, 7, 8, 9, 10, 12, 19, 20, 35, 36, 37, 43, 44, 45, 46, 47, 48, 49, 51, 52, 53, 54, 55, 56, 57, 58, 59, 60, 61, 62, 63, 64, 65, 66, 68, 69, 70, 71, 72, 73, 74, 75, 76, 77, 79, 80, 81, 83, 84, 86, 87, 88, 89, 91, 92, 93, 94, 96, 97, 98, 99, 100, 101, 102, 103, 104, 105, 106, 108, 109, 116, 117, 118, 119, 120, 121, 122, 124, 125, 126, 129, 130, 131, 134, 135, 137, 138, 139, 140, 141, 142, 145, 146, 147, 148, 163, 164, 165, 179, 180, 181, 182, 183, 184, 185, 186, 202, 203, 204, 205, 206, 207, 208, 209, 213, 214, 215, 216, 217, 218, 221, 222, 223, 224, 225, 228, 235, 241, 242, 245, 246, 261, 262, 263, 264, 277, 278, 279, 290, 291, 293, 294, 295, 296], "summary": {"covered_lines": 146, "num_statements": 152, "percent_covered": 95.09803921568627, "percent_covered_display": "95", "missing_lines": 6, "excluded_lines": 0, "percent_statements_covered": 96.05263157894737, "percent_statements_covered_display": "96", "num_branches": 52, "num_partial_branches": 4, "covered_branches": 48, "missing_branches": 4, "percent_branches_covered": 92.3076923076923, "percent_branches_covered_display": "92"}, "missing_lines": [123, 127, 132, 133, 229, 234], "excluded_lines": [], "executed_branches": [[44, 45], [44, 46], [62, 63], [62, 66], [76, 77], [76, 79], [80, 81], [80, 83], [101, 102], [101, 106], [102, 103], [104, 101], [104, 105], [116, 117], [116, 119], [119, 120], [119, 130], [122, 124], [124, 119], [124, 125], [126, 129], [134, -108], [134, 135], [145, 146], [145, 164], [146, 147], [146, 148], [164, 165], [164, 180], [180, 181], [180, 204], [204, 205], [204, 263], [207, 208], [207, 213], [214, 215], [214, 216], [216, 217], [216, 224], [217, 218], [217, 221], [228, 235], [242, 245], [242, 262], [263, 264], [263, 278], [278, 279], [278, 291]], "missing_branches": [[102, 104], [122, 123], [126, 127], [228, 229]], "functions": {"OKXFixtureAdapter.__init__": {"executed_lines": [44, 45, 46, 47, 48, 49], "summary": {"covered_lines": 6, "num_statements": 6, "percent_covered": 100.0, "percent_covered_display": "100", "missing_lines": 0, "excluded_lines": 0, "percent_statements_covered": 100.0, "percent_statements_covered_display": "100", "num_branches": 2, "num_partial_branches": 0, "covered_branches": 2, "missing_branches": 0, "percent_branches_covered": 100.0, "percent_branches_covered_display": "100"}, "missing_lines": [], "excluded_lines": [], "start_line": 43, "executed_branches": [[44, 45], [44, 46]], "missing_branches": []}, "OKXFixtureAdapter.transaction": {"executed_lines": [53, 54, 55, 56, 57, 58, 59, 60, 61, 62, 63, 64, 65, 66], "summary": {"covered_lines": 14, "num_statements": 14, "percent_covered": 100.0, "percent_covered_display": "100", "missing_lines": 0, "excluded_lines": 0, "percent_statements_covered": 100.0, "percent_statements_covered_display": "100", "num_branches": 2, "num_partial_branches": 0, "covered_branches": 2, "missing_branches": 0, "percent_branches_covered": 100.0, "percent_branches_covered_display": "100"}, "missing_lines": [], "excluded_lines": [], "start_line": 52, "executed_branches": [[62, 63], [62, 66]], "missing_branches": []}, "OKXFixtureAdapter._book_transaction": {"executed_lines": [70, 71, 72, 73, 74, 75, 76, 77, 79, 80, 81, 83, 84], "summary": {"covered_lines": 13, "num_statements": 13, "percent_covered": 100.0, "percent_covered_display": "100", "missing_lines": 0, "excluded_lines": 0, "percent_statements_covered": 100.0, "percent_statements_covered_display": "100", "num_branches": 4, "num_partial_branches": 0, "covered_branches": 4, "missing_branches": 0, "percent_branches_covered": 100.0, "percent_branches_covered_display": "100"}, "missing_lines": [], "excluded_lines": [], "start_line": 69, "executed_branches": [[76, 77], [76, 79], [80, 81], [80, 83]], "missing_branches": []}, "OKXFixtureAdapter._require_fresh_snapshot": {"executed_lines": [87, 88, 89], "summary": {"covered_lines": 3, "num_statements": 3, "percent_covered": 100.0, "percent_covered_display": "100", "missing_lines": 0, "excluded_lines": 0, "percent_statements_covered": 100.0, "percent_statements_covered_display": "100", "num_branches": 0, "num_partial_branches": 0, "covered_branches": 0, "missing_branches": 0, "percent_branches_covered": 100.0, "percent_branches_covered_display": "100"}, "missing_lines": [], "excluded_lines": [], "start_line": 86, "executed_branches": [], "missing_branches": []}, "OKXFixtureAdapter._signed_crc32": {"executed_lines": [93, 94], "summary": {"covered_lines": 2, "num_statements": 2, "percent_covered": 100.0, "percent_covered_display": "100", "missing_lines": 0, "excluded_lines": 0, "percent_statements_covered": 100.0, "percent_statements_covered_display": "100", "num_branches": 0, "num_partial_branches": 0, "covered_branches": 0, "missing_branches": 0, "percent_branches_covered": 100.0, "percent_branches_covered_display": "100"}, "missing_lines": [], "excluded_lines": [], "start_line": 92, "executed_branches": [], "missing_branches": []}, "OKXFixtureAdapter._checksum": {"executed_lines": [98, 99, 100, 101, 102, 103, 104, 105, 106], "summary": {"covered_lines": 9, "num_statements": 9, "percent_covered": 93.33333333333333, "percent_covered_display": "93", "missing_lines": 0, "excluded_lines": 0, "percent_statements_covered": 100.0, "percent_statements_covered_display": "100", "num_branches": 6, "num_partial_branches": 1, "covered_branches": 5, "missing_branches": 1, "percent_branches_covered": 83.33333333333333, "percent_branches_covered_display": "83"}, "missing_lines": [], "excluded_lines": [], "start_line": 97, "executed_branches": [[101, 102], [101, 106], [102, 103], [104, 101], [104, 105]], "missing_branches": [[102, 104]]}, "OKXFixtureAdapter._apply_book_message": {"executed_lines": [116, 117, 118, 119, 120, 121, 122, 124, 125, 126, 129, 130, 131, 134, 135], "summary": {"covered_lines": 15, "num_statements": 19, "percent_covered": 80.64516129032258, "percent_covered_display": "81", "missing_lines": 4, "excluded_lines": 0, "percent_statements_covered": 78.94736842105263, "percent_statements_covered_display": "79", "num_branches": 12, "num_partial_branches": 2, "covered_branches": 10, "missing_branches": 2, "percent_branches_covered": 83.33333333333333, "percent_branches_covered_display": "83"}, "missing_lines": [123, 127, 132, 133], "excluded_lines": [], "start_line": 109, "executed_branches": [[116, 117], [116, 119], [119, 120], [119, 130], [122, 124], [124, 119], [124, 125], [126, 129], [134, -108], [134, 135]], "missing_branches": [[122, 123], [126, 127]]}, "OKXFixtureAdapter.adapt": {"executed_lines": [138, 139, 140, 141, 142, 145, 146, 147, 148, 163, 164, 165, 179, 180, 181, 182, 183, 184, 185, 186, 202, 203, 204, 205, 206, 207, 208, 209, 213, 214, 215, 216, 217, 218, 221, 222, 223, 224, 225, 228, 235, 241, 242, 245, 246, 261, 262, 263, 264, 277, 278, 279, 290, 291], "summary": {"covered_lines": 54, "num_statements": 56, "percent_covered": 96.34146341463415, "percent_covered_display": "96", "missing_lines": 2, "excluded_lines": 0, "percent_statements_covered": 96.42857142857143, "percent_statements_covered_display": "96", "num_branches": 26, "num_partial_branches": 1, "covered_branches": 25, "missing_branches": 1, "percent_branches_covered": 96.15384615384616, "percent_branches_covered_display": "96"}, "missing_lines": [229, 234], "excluded_lines": [], "start_line": 137, "executed_branches": [[145, 146], [145, 164], [146, 147], [146, 148], [164, 165], [164, 180], [180, 181], [180, 204], [204, 205], [204, 263], [207, 208], [207, 213], [214, 215], [214, 216], [216, 217], [216, 224], [217, 218], [217, 221], [228, 235], [242, 245], [242, 262], [263, 264], [263, 278], [278, 279], [278, 291]], "missing_branches": [[228, 229]]}, "OKXFixtureAdapter._book_level": {"executed_lines": [295, 296], "summary": {"covered_lines": 2, "num_statements": 2, "percent_covered": 100.0, "percent_covered_display": "100", "missing_lines": 0, "excluded_lines": 0, "percent_statements_covered": 100.0, "percent_statements_covered_display": "100", "num_branches": 0, "num_partial_branches": 0, "covered_branches": 0, "missing_branches": 0, "percent_branches_covered": 100.0, "percent_branches_covered_display": "100"}, "missing_lines": [], "excluded_lines": [], "start_line": 294, "executed_branches": [], "missing_branches": []}, "": {"executed_lines": [3, 5, 6, 7, 8, 9, 10, 12, 19, 20, 35, 36, 37, 43, 51, 52, 68, 69, 86, 91, 92, 96, 97, 108, 109, 137, 293, 294], "summary": {"covered_lines": 28, "num_statements": 28, "percent_covered": 100.0, "percent_covered_display": "100", "missing_lines": 0, "excluded_lines": 0, "percent_statements_covered": 100.0, "percent_statements_covered_display": "100", "num_branches": 0, "num_partial_branches": 0, "covered_branches": 0, "missing_branches": 0, "percent_branches_covered": 100.0, "percent_branches_covered_display": "100"}, "missing_lines": [], "excluded_lines": [], "start_line": 1, "executed_branches": [], "missing_branches": []}}, "classes": {"OKXFixtureAdapter": {"executed_lines": [44, 45, 46, 47, 48, 49, 53, 54, 55, 56, 57, 58, 59, 60, 61, 62, 63, 64, 65, 66, 70, 71, 72, 73, 74, 75, 76, 77, 79, 80, 81, 83, 84, 87, 88, 89, 93, 94, 98, 99, 100, 101, 102, 103, 104, 105, 106, 116, 117, 118, 119, 120, 121, 122, 124, 125, 126, 129, 130, 131, 134, 135, 138, 139, 140, 141, 142, 145, 146, 147, 148, 163, 164, 165, 179, 180, 181, 182, 183, 184, 185, 186, 202, 203, 204, 205, 206, 207, 208, 209, 213, 214, 215, 216, 217, 218, 221, 222, 223, 224, 225, 228, 235, 241, 242, 245, 246, 261, 262, 263, 264, 277, 278, 279, 290, 291, 295, 296], "summary": {"covered_lines": 118, "num_statements": 124, "percent_covered": 94.31818181818181, "percent_covered_display": "94", "missing_lines": 6, "excluded_lines": 0, "percent_statements_covered": 95.16129032258064, "percent_statements_covered_display": "95", "num_branches": 52, "num_partial_branches": 4, "covered_branches": 48, "missing_branches": 4, "percent_branches_covered": 92.3076923076923, "percent_branches_covered_display": "92"}, "missing_lines": [123, 127, 132, 133, 229, 234], "excluded_lines": [], "start_line": 35, "executed_branches": [[44, 45], [44, 46], [62, 63], [62, 66], [76, 77], [76, 79], [80, 81], [80, 83], [101, 102], [101, 106], [102, 103], [104, 101], [104, 105], [116, 117], [116, 119], [119, 120], [119, 130], [122, 124], [124, 119], [124, 125], [126, 129], [134, -108], [134, 135], [145, 146], [145, 164], [146, 147], [146, 148], [164, 165], [164, 180], [180, 181], [180, 204], [204, 205], [204, 263], [207, 208], [207, 213], [214, 215], [214, 216], [216, 217], [216, 224], [217, 218], [217, 221], [228, 235], [242, 245], [242, 262], [263, 264], [263, 278], [278, 279], [278, 291]], "missing_branches": [[102, 104], [122, 123], [126, 127], [228, 229]]}, "": {"executed_lines": [3, 5, 6, 7, 8, 9, 10, 12, 19, 20, 35, 36, 37, 43, 51, 52, 68, 69, 86, 91, 92, 96, 97, 108, 109, 137, 293, 294], "summary": {"covered_lines": 28, "num_statements": 28, "percent_covered": 100.0, "percent_covered_display": "100", "missing_lines": 0, "excluded_lines": 0, "percent_statements_covered": 100.0, "percent_statements_covered_display": "100", "num_branches": 0, "num_partial_branches": 0, "covered_branches": 0, "missing_branches": 0, "percent_branches_covered": 100.0, "percent_branches_covered_display": "100"}, "missing_lines": [], "excluded_lines": [], "start_line": 1, "executed_branches": [], "missing_branches": []}}}, "src\\quant_data_kit\\calendar.py": {"executed_lines": [3, 5, 8, 20, 30], "summary": {"covered_lines": 5, "num_statements": 20, "percent_covered": 20.833333333333332, "percent_covered_display": "21", "missing_lines": 15, "excluded_lines": 0, "percent_statements_covered": 25.0, "percent_statements_covered_display": "25", "num_branches": 4, "num_partial_branches": 0, "covered_branches": 0, "missing_branches": 4, "percent_branches_covered": 0.0, "percent_branches_covered_display": "0"}, "missing_lines": [12, 13, 14, 15, 16, 17, 22, 24, 25, 26, 27, 31, 32, 33, 34], "excluded_lines": [], "executed_branches": [], "missing_branches": [[14, 15], [14, 16], [32, 33], [32, 34]], "functions": {"trading_days_between": {"executed_lines": [], "summary": {"covered_lines": 0, "num_statements": 6, "percent_covered": 0.0, "percent_covered_display": "0", "missing_lines": 6, "excluded_lines": 0, "percent_statements_covered": 0.0, "percent_statements_covered_display": "0", "num_branches": 2, "num_partial_branches": 0, "covered_branches": 0, "missing_branches": 2, "percent_branches_covered": 0.0, "percent_branches_covered_display": "0"}, "missing_lines": [12, 13, 14, 15, 16, 17], "excluded_lines": [], "start_line": 8, "executed_branches": [], "missing_branches": [[14, 15], [14, 16]]}, "load_sse_trade_dates": {"executed_lines": [], "summary": {"covered_lines": 0, "num_statements": 5, "percent_covered": 0.0, "percent_covered_display": "0", "missing_lines": 5, "excluded_lines": 0, "percent_statements_covered": 0.0, "percent_statements_covered_display": "0", "num_branches": 0, "num_partial_branches": 0, "covered_branches": 0, "missing_branches": 0, "percent_branches_covered": 100.0, "percent_branches_covered_display": "100"}, "missing_lines": [22, 24, 25, 26, 27], "excluded_lines": [], "start_line": 20, "executed_branches": [], "missing_branches": []}, "is_trading_day": {"executed_lines": [], "summary": {"covered_lines": 0, "num_statements": 4, "percent_covered": 0.0, "percent_covered_display": "0", "missing_lines": 4, "excluded_lines": 0, "percent_statements_covered": 0.0, "percent_statements_covered_display": "0", "num_branches": 2, "num_partial_branches": 0, "covered_branches": 0, "missing_branches": 2, "percent_branches_covered": 0.0, "percent_branches_covered_display": "0"}, "missing_lines": [31, 32, 33, 34], "excluded_lines": [], "start_line": 30, "executed_branches": [], "missing_branches": [[32, 33], [32, 34]]}, "": {"executed_lines": [3, 5, 8, 20, 30], "summary": {"covered_lines": 5, "num_statements": 5, "percent_covered": 100.0, "percent_covered_display": "100", "missing_lines": 0, "excluded_lines": 0, "percent_statements_covered": 100.0, "percent_statements_covered_display": "100", "num_branches": 0, "num_partial_branches": 0, "covered_branches": 0, "missing_branches": 0, "percent_branches_covered": 100.0, "percent_branches_covered_display": "100"}, "missing_lines": [], "excluded_lines": [], "start_line": 1, "executed_branches": [], "missing_branches": []}}, "classes": {"": {"executed_lines": [3, 5, 8, 20, 30], "summary": {"covered_lines": 5, "num_statements": 20, "percent_covered": 20.833333333333332, "percent_covered_display": "21", "missing_lines": 15, "excluded_lines": 0, "percent_statements_covered": 25.0, "percent_statements_covered_display": "25", "num_branches": 4, "num_partial_branches": 0, "covered_branches": 0, "missing_branches": 4, "percent_branches_covered": 0.0, "percent_branches_covered_display": "0"}, "missing_lines": [12, 13, 14, 15, 16, 17, 22, 24, 25, 26, 27, 31, 32, 33, 34], "excluded_lines": [], "start_line": 1, "executed_branches": [], "missing_branches": [[14, 15], [14, 16], [32, 33], [32, 34]]}}}, "src\\quant_data_kit\\capture_v2\\__init__.py": {"executed_lines": [3, 8, 9, 33, 48, 56], "summary": {"covered_lines": 6, "num_statements": 6, "percent_covered": 100.0, "percent_covered_display": "100", "missing_lines": 0, "excluded_lines": 0, "percent_statements_covered": 100.0, "percent_statements_covered_display": "100", "num_branches": 0, "num_partial_branches": 0, "covered_branches": 0, "missing_branches": 0, "percent_branches_covered": 100.0, "percent_branches_covered_display": "100"}, "missing_lines": [], "excluded_lines": [], "executed_branches": [], "missing_branches": [], "functions": {"": {"executed_lines": [3, 8, 9, 33, 48, 56], "summary": {"covered_lines": 6, "num_statements": 6, "percent_covered": 100.0, "percent_covered_display": "100", "missing_lines": 0, "excluded_lines": 0, "percent_statements_covered": 100.0, "percent_statements_covered_display": "100", "num_branches": 0, "num_partial_branches": 0, "covered_branches": 0, "missing_branches": 0, "percent_branches_covered": 100.0, "percent_branches_covered_display": "100"}, "missing_lines": [], "excluded_lines": [], "start_line": 1, "executed_branches": [], "missing_branches": []}}, "classes": {"": {"executed_lines": [3, 8, 9, 33, 48, 56], "summary": {"covered_lines": 6, "num_statements": 6, "percent_covered": 100.0, "percent_covered_display": "100", "missing_lines": 0, "excluded_lines": 0, "percent_statements_covered": 100.0, "percent_statements_covered_display": "100", "num_branches": 0, "num_partial_branches": 0, "covered_branches": 0, "missing_branches": 0, "percent_branches_covered": 100.0, "percent_branches_covered_display": "100"}, "missing_lines": [], "excluded_lines": [], "start_line": 1, "executed_branches": [], "missing_branches": []}}}, "src\\quant_data_kit\\capture_v2\\cli.py": {"executed_lines": [3, 5, 6, 7, 8, 9, 10, 12, 13, 22, 24, 34, 47, 50, 51, 52, 53, 54, 55, 58, 59, 60, 61, 64, 65, 66, 67, 68, 69, 70, 71, 72, 73, 74, 75, 76, 77, 78, 79, 80, 81, 82, 83, 84, 85, 95, 96, 99, 100, 101, 102, 103, 104, 105, 106, 107, 108, 109, 110, 111, 112, 113, 114, 115, 116, 117, 118, 121, 122, 126, 127, 133, 139, 144, 147, 148, 149, 150, 151, 152, 153, 154, 155, 156, 157, 159, 160, 161, 162, 163, 164, 165, 166, 169], "summary": {"covered_lines": 94, "num_statements": 95, "percent_covered": 98.49624060150376, "percent_covered_display": "98", "missing_lines": 1, "excluded_lines": 0, "percent_statements_covered": 98.94736842105263, "percent_statements_covered_display": "99", "num_branches": 38, "num_partial_branches": 1, "covered_branches": 37, "missing_branches": 1, "percent_branches_covered": 97.36842105263158, "percent_branches_covered_display": "97"}, "missing_lines": [170], "excluded_lines": [], "executed_branches": [[51, 52], [51, 59], [52, -50], [52, 53], [54, 55], [54, 58], [59, -50], [59, 60], [60, -50], [60, 61], [69, 70], [69, 71], [73, 74], [73, 75], [77, 78], [77, 79], [82, 83], [82, 84], [100, 101], [100, 102], [102, 103], [102, 104], [105, 106], [105, 118], [106, 107], [106, 108], [109, 110], [109, 111], [152, 153], [152, 154], [154, 155], [154, 159], [155, 156], [155, 157], [159, 160], [159, 161], [169, -1]], "missing_branches": [[169, 170]], "functions": {"_reject_credentials": {"executed_lines": [51, 52, 53, 54, 55, 58, 59, 60, 61], "summary": {"covered_lines": 9, "num_statements": 9, "percent_covered": 100.0, "percent_covered_display": "100", "missing_lines": 0, "excluded_lines": 0, "percent_statements_covered": 100.0, "percent_statements_covered_display": "100", "num_branches": 10, "num_partial_branches": 0, "covered_branches": 10, "missing_branches": 0, "percent_branches_covered": 100.0, "percent_branches_covered_display": "100"}, "missing_lines": [], "excluded_lines": [], "start_line": 50, "executed_branches": [[51, 52], [51, 59], [52, -50], [52, 53], [54, 55], [54, 58], [59, -50], [59, 60], [60, -50], [60, 61]], "missing_branches": []}, "load_capture_config": {"executed_lines": [65, 66, 67, 68, 69, 70, 71, 72, 73, 74, 75, 76, 77, 78, 79, 80, 81, 82, 83, 84, 85, 95, 96], "summary": {"covered_lines": 23, "num_statements": 23, "percent_covered": 100.0, "percent_covered_display": "100", "missing_lines": 0, "excluded_lines": 0, "percent_statements_covered": 100.0, "percent_statements_covered_display": "100", "num_branches": 8, "num_partial_branches": 0, "covered_branches": 8, "missing_branches": 0, "percent_branches_covered": 100.0, "percent_branches_covered_display": "100"}, "missing_lines": [], "excluded_lines": [], "start_line": 64, "executed_branches": [[69, 70], [69, 71], [73, 74], [73, 75], [77, 78], [77, 79], [82, 83], [82, 84]], "missing_branches": []}, "_streams": {"executed_lines": [100, 101, 102, 103, 104, 105, 106, 107, 108, 109, 110, 111, 112, 113, 114, 115, 116, 117, 118], "summary": {"covered_lines": 19, "num_statements": 19, "percent_covered": 100.0, "percent_covered_display": "100", "missing_lines": 0, "excluded_lines": 0, "percent_statements_covered": 100.0, "percent_statements_covered_display": "100", "num_branches": 10, "num_partial_branches": 0, "covered_branches": 10, "missing_branches": 0, "percent_branches_covered": 100.0, "percent_branches_covered_display": "100"}, "missing_lines": [], "excluded_lines": [], "start_line": 99, "executed_branches": [[100, 101], [100, 102], [102, 103], [102, 104], [105, 106], [105, 118], [106, 107], [106, 108], [109, 110], [109, 111]], "missing_branches": []}, "_parser": {"executed_lines": [122, 126, 127, 133, 139, 144], "summary": {"covered_lines": 6, "num_statements": 6, "percent_covered": 100.0, "percent_covered_display": "100", "missing_lines": 0, "excluded_lines": 0, "percent_statements_covered": 100.0, "percent_statements_covered_display": "100", "num_branches": 0, "num_partial_branches": 0, "covered_branches": 0, "missing_branches": 0, "percent_branches_covered": 100.0, "percent_branches_covered_display": "100"}, "missing_lines": [], "excluded_lines": [], "start_line": 121, "executed_branches": [], "missing_branches": []}, "main_capture": {"executed_lines": [148, 149, 150, 151, 152, 153, 154, 155, 156, 157, 159, 160, 161, 162, 163, 164, 165, 166], "summary": {"covered_lines": 18, "num_statements": 18, "percent_covered": 100.0, "percent_covered_display": "100", "missing_lines": 0, "excluded_lines": 0, "percent_statements_covered": 100.0, "percent_statements_covered_display": "100", "num_branches": 8, "num_partial_branches": 0, "covered_branches": 8, "missing_branches": 0, "percent_branches_covered": 100.0, "percent_branches_covered_display": "100"}, "missing_lines": [], "excluded_lines": [], "start_line": 147, "executed_branches": [[152, 153], [152, 154], [154, 155], [154, 159], [155, 156], [155, 157], [159, 160], [159, 161]], "missing_branches": []}, "": {"executed_lines": [3, 5, 6, 7, 8, 9, 10, 12, 13, 22, 24, 34, 47, 50, 64, 99, 121, 147, 169], "summary": {"covered_lines": 19, "num_statements": 20, "percent_covered": 90.9090909090909, "percent_covered_display": "91", "missing_lines": 1, "excluded_lines": 0, "percent_statements_covered": 95.0, "percent_statements_covered_display": "95", "num_branches": 2, "num_partial_branches": 1, "covered_branches": 1, "missing_branches": 1, "percent_branches_covered": 50.0, "percent_branches_covered_display": "50"}, "missing_lines": [170], "excluded_lines": [], "start_line": 1, "executed_branches": [[169, -1]], "missing_branches": [[169, 170]]}}, "classes": {"": {"executed_lines": [3, 5, 6, 7, 8, 9, 10, 12, 13, 22, 24, 34, 47, 50, 51, 52, 53, 54, 55, 58, 59, 60, 61, 64, 65, 66, 67, 68, 69, 70, 71, 72, 73, 74, 75, 76, 77, 78, 79, 80, 81, 82, 83, 84, 85, 95, 96, 99, 100, 101, 102, 103, 104, 105, 106, 107, 108, 109, 110, 111, 112, 113, 114, 115, 116, 117, 118, 121, 122, 126, 127, 133, 139, 144, 147, 148, 149, 150, 151, 152, 153, 154, 155, 156, 157, 159, 160, 161, 162, 163, 164, 165, 166, 169], "summary": {"covered_lines": 94, "num_statements": 95, "percent_covered": 98.49624060150376, "percent_covered_display": "98", "missing_lines": 1, "excluded_lines": 0, "percent_statements_covered": 98.94736842105263, "percent_statements_covered_display": "99", "num_branches": 38, "num_partial_branches": 1, "covered_branches": 37, "missing_branches": 1, "percent_branches_covered": 97.36842105263158, "percent_branches_covered_display": "97"}, "missing_lines": [170], "excluded_lines": [], "start_line": 1, "executed_branches": [[51, 52], [51, 59], [52, -50], [52, 53], [54, 55], [54, 58], [59, -50], [59, 60], [60, -50], [60, 61], [69, 70], [69, 71], [73, 74], [73, 75], [77, 78], [77, 79], [82, 83], [82, 84], [100, 101], [100, 102], [102, 103], [102, 104], [105, 106], [105, 118], [106, 107], [106, 108], [109, 110], [109, 111], [152, 153], [152, 154], [154, 155], [154, 159], [155, 156], [155, 157], [159, 160], [159, 161], [169, -1]], "missing_branches": [[169, 170]]}}}, "src\\quant_data_kit\\capture_v2\\collector.py": {"executed_lines": [3, 5, 6, 7, 8, 9, 10, 11, 12, 13, 14, 16, 17, 34, 42, 48, 55, 56, 58, 59, 62, 63, 64, 65, 66, 67, 68, 69, 70, 71, 72, 73, 74, 75, 76, 77, 78, 79, 80, 81, 82, 83, 86, 87, 88, 89, 90, 91, 92, 93, 94, 95, 96, 97, 98, 99, 100, 101, 104, 105, 106, 109, 110, 111, 112, 113, 116, 117, 118, 119, 120, 124, 125, 126, 127, 130, 131, 132, 133, 136, 139, 140, 156, 157, 158, 159, 160, 161, 162, 163, 164, 165, 166, 167, 168, 169, 170, 179, 187, 188, 189, 190, 191, 192, 193, 194, 195, 196, 198, 199, 200, 201, 204, 205, 206, 207, 208, 209, 210, 211, 213, 216, 217, 218, 219, 224, 230, 231, 236, 237, 238, 239, 240, 241, 242, 243, 244, 245, 246, 247, 248, 249, 252, 253, 254, 255, 256, 257, 258, 259, 262, 263, 265, 266, 270, 271, 272, 273, 274, 275, 277, 279, 281, 286, 287, 288, 289, 290, 291, 292, 296, 297, 298, 299, 300, 302, 303, 304, 308, 309, 311, 316, 317, 323, 324, 325, 326, 327, 328, 329, 330, 331, 332, 336, 337, 339, 340, 341, 342, 343, 358, 359, 360, 361, 362, 364, 371, 372, 373, 374, 377, 393, 394, 395, 396, 397, 398, 399, 401, 402, 403, 404, 405, 415, 416, 417, 418, 419, 420, 421, 422, 424, 425, 426, 427, 428, 429, 430, 431, 432, 434, 435, 436, 437, 440, 441, 443, 444, 445, 446, 448, 449, 450, 451, 483, 486, 500, 501, 502, 503, 504, 510, 517, 518, 519, 520, 521, 523, 524, 526, 527, 528, 529, 530, 531, 532, 534, 535, 536, 537, 538, 563, 572, 573, 574, 575, 576, 612, 628, 634, 639, 648, 658, 659, 673, 674, 675, 676, 677, 678, 679, 680, 681, 682, 686], "summary": {"covered_lines": 305, "num_statements": 327, "percent_covered": 92.87598944591029, "percent_covered_display": "93", "missing_lines": 22, "excluded_lines": 0, "percent_statements_covered": 93.27217125382263, "percent_statements_covered_display": "93", "num_branches": 52, "num_partial_branches": 5, "covered_branches": 47, "missing_branches": 5, "percent_branches_covered": 90.38461538461539, "percent_branches_covered_display": "90"}, "missing_lines": [107, 108, 134, 135, 202, 203, 212, 214, 215, 225, 229, 301, 375, 376, 533, 577, 578, 579, 604, 683, 684, 685], "excluded_lines": [], "executed_branches": [[109, 110], [109, 111], [111, 112], [111, 113], [118, 119], [118, 124], [130, 131], [130, 132], [200, 201], [201, 204], [206, 207], [224, 230], [230, 231], [230, 237], [245, 246], [245, 248], [253, 254], [253, 262], [274, 275], [274, 277], [300, 302], [304, -281], [304, 308], [327, 328], [327, 330], [332, -311], [332, 336], [394, 395], [394, 396], [397, -393], [397, 398], [402, 403], [402, 404], [416, -415], [416, 417], [418, 419], [418, 420], [421, 416], [421, 422], [425, 426], [425, 427], [428, 429], [428, 431], [435, 436], [435, 437], [444, 445], [444, 446]], "missing_branches": [[200, 253], [201, 202], [206, 212], [224, 225], [300, 301]], "functions": {"_json_object": {"executed_lines": [105, 106, 109, 110, 111, 112, 113], "summary": {"covered_lines": 7, "num_statements": 9, "percent_covered": 84.61538461538461, "percent_covered_display": "85", "missing_lines": 2, "excluded_lines": 0, "percent_statements_covered": 77.77777777777777, "percent_statements_covered_display": "78", "num_branches": 4, "num_partial_branches": 0, "covered_branches": 4, "missing_branches": 0, "percent_branches_covered": 100.0, "percent_branches_covered_display": "100"}, "missing_lines": [107, 108], "excluded_lines": [], "start_line": 104, "executed_branches": [[109, 110], [109, 111], [111, 112], [111, 113]], "missing_branches": []}, "_frame_metadata": {"executed_lines": [117, 118, 119, 120, 124, 125, 126, 127, 130, 131, 132, 133, 136], "summary": {"covered_lines": 13, "num_statements": 15, "percent_covered": 89.47368421052632, "percent_covered_display": "89", "missing_lines": 2, "excluded_lines": 0, "percent_statements_covered": 86.66666666666667, "percent_statements_covered_display": "87", "num_branches": 4, "num_partial_branches": 0, "covered_branches": 4, "missing_branches": 0, "percent_branches_covered": 100.0, "percent_branches_covered_display": "100"}, "missing_lines": [134, 135], "excluded_lines": [], "start_line": 116, "executed_branches": [[118, 119], [118, 124], [130, 131], [130, 132]], "missing_branches": []}, "CaptureStreamRunner.__init__": {"executed_lines": [156, 157, 158, 159, 160, 161, 162, 163, 164, 165, 166, 167, 168, 169, 170, 179, 187, 188, 189, 190, 191, 192, 193, 194, 195, 196], "summary": {"covered_lines": 26, "num_statements": 26, "percent_covered": 100.0, "percent_covered_display": "100", "missing_lines": 0, "excluded_lines": 0, "percent_statements_covered": 100.0, "percent_statements_covered_display": "100", "num_branches": 0, "num_partial_branches": 0, "covered_branches": 0, "missing_branches": 0, "percent_branches_covered": 100.0, "percent_branches_covered_display": "100"}, "missing_lines": [], "excluded_lines": [], "start_line": 140, "executed_branches": [], "missing_branches": []}, "CaptureStreamRunner.run": {"executed_lines": [199, 200, 201, 204, 205, 206, 207, 208, 209, 210, 211, 213, 216, 217, 218, 219, 224, 230, 231, 236, 237, 238, 239, 240, 241, 242, 243, 244, 245, 246, 247, 248, 249, 252, 253, 254, 255, 256, 257, 258, 259, 262, 263], "summary": {"covered_lines": 43, "num_statements": 50, "percent_covered": 82.8125, "percent_covered_display": "83", "missing_lines": 7, "excluded_lines": 0, "percent_statements_covered": 86.0, "percent_statements_covered_display": "86", "num_branches": 14, "num_partial_branches": 4, "covered_branches": 10, "missing_branches": 4, "percent_branches_covered": 71.42857142857143, "percent_branches_covered_display": "71"}, "missing_lines": [202, 203, 212, 214, 215, 225, 229], "excluded_lines": [], "start_line": 198, "executed_branches": [[200, 201], [201, 204], [206, 207], [224, 230], [230, 231], [230, 237], [245, 246], [245, 248], [253, 254], [253, 262]], "missing_branches": [[200, 253], [201, 202], [206, 212], [224, 225]]}, "CaptureStreamRunner._run_connection": {"executed_lines": [266, 270, 271, 272, 273, 274, 275, 277, 279], "summary": {"covered_lines": 9, "num_statements": 9, "percent_covered": 100.0, "percent_covered_display": "100", "missing_lines": 0, "excluded_lines": 0, "percent_statements_covered": 100.0, "percent_statements_covered_display": "100", "num_branches": 2, "num_partial_branches": 0, "covered_branches": 2, "missing_branches": 0, "percent_branches_covered": 100.0, "percent_branches_covered_display": "100"}, "missing_lines": [], "excluded_lines": [], "start_line": 265, "executed_branches": [[274, 275], [274, 277]], "missing_branches": []}, "CaptureStreamRunner._run_binance": {"executed_lines": [286, 287, 288, 289, 290, 291, 292, 296, 297, 298, 299, 300, 302, 303, 304, 308, 309], "summary": {"covered_lines": 17, "num_statements": 18, "percent_covered": 90.9090909090909, "percent_covered_display": "91", "missing_lines": 1, "excluded_lines": 0, "percent_statements_covered": 94.44444444444444, "percent_statements_covered_display": "94", "num_branches": 4, "num_partial_branches": 1, "covered_branches": 3, "missing_branches": 1, "percent_branches_covered": 75.0, "percent_branches_covered_display": "75"}, "missing_lines": [301], "excluded_lines": [], "start_line": 281, "executed_branches": [[300, 302], [304, -281], [304, 308]], "missing_branches": [[300, 301]]}, "CaptureStreamRunner._run_okx": {"executed_lines": [316, 317, 323, 324, 325, 326, 327, 328, 329, 330, 331, 332, 336, 337], "summary": {"covered_lines": 14, "num_statements": 14, "percent_covered": 100.0, "percent_covered_display": "100", "missing_lines": 0, "excluded_lines": 0, "percent_statements_covered": 100.0, "percent_statements_covered_display": "100", "num_branches": 4, "num_partial_branches": 0, "covered_branches": 4, "missing_branches": 0, "percent_branches_covered": 100.0, "percent_branches_covered_display": "100"}, "missing_lines": [], "excluded_lines": [], "start_line": 311, "executed_branches": [[327, 328], [327, 330], [332, -311], [332, 336]], "missing_branches": []}, "CaptureStreamRunner._receive_frame": {"executed_lines": [340, 341, 342, 343, 358, 359, 360, 361, 362], "summary": {"covered_lines": 9, "num_statements": 9, "percent_covered": 100.0, "percent_covered_display": "100", "missing_lines": 0, "excluded_lines": 0, "percent_statements_covered": 100.0, "percent_statements_covered_display": "100", "num_branches": 0, "num_partial_branches": 0, "covered_branches": 0, "missing_branches": 0, "percent_branches_covered": 100.0, "percent_branches_covered_display": "100"}, "missing_lines": [], "excluded_lines": [], "start_line": 339, "executed_branches": [], "missing_branches": []}, "CaptureStreamRunner._https_frame": {"executed_lines": [371, 372, 373, 374, 377], "summary": {"covered_lines": 5, "num_statements": 7, "percent_covered": 71.42857142857143, "percent_covered_display": "71", "missing_lines": 2, "excluded_lines": 0, "percent_statements_covered": 71.42857142857143, "percent_statements_covered_display": "71", "num_branches": 0, "num_partial_branches": 0, "covered_branches": 0, "missing_branches": 0, "percent_branches_covered": 100.0, "percent_branches_covered_display": "100"}, "missing_lines": [375, 376], "excluded_lines": [], "start_line": 364, "executed_branches": [], "missing_branches": []}, "CaptureStreamRunner._apply_outcome": {"executed_lines": [394, 395, 396, 397, 398, 399], "summary": {"covered_lines": 6, "num_statements": 6, "percent_covered": 100.0, "percent_covered_display": "100", "missing_lines": 0, "excluded_lines": 0, "percent_statements_covered": 100.0, "percent_statements_covered_display": "100", "num_branches": 4, "num_partial_branches": 0, "covered_branches": 4, "missing_branches": 0, "percent_branches_covered": 100.0, "percent_branches_covered_display": "100"}, "missing_lines": [], "excluded_lines": [], "start_line": 393, "executed_branches": [[394, 395], [394, 396], [397, -393], [397, 398]], "missing_branches": []}, "CaptureStreamRunner._new_epoch": {"executed_lines": [402, 403, 404, 405], "summary": {"covered_lines": 4, "num_statements": 4, "percent_covered": 100.0, "percent_covered_display": "100", "missing_lines": 0, "excluded_lines": 0, "percent_statements_covered": 100.0, "percent_statements_covered_display": "100", "num_branches": 2, "num_partial_branches": 0, "covered_branches": 2, "missing_branches": 0, "percent_branches_covered": 100.0, "percent_branches_covered_display": "100"}, "missing_lines": [], "excluded_lines": [], "start_line": 401, "executed_branches": [[402, 403], [402, 404]], "missing_branches": []}, "CaptureStreamRunner._drain_segments": {"executed_lines": [416, 417, 418, 419, 420, 421, 422], "summary": {"covered_lines": 7, "num_statements": 7, "percent_covered": 100.0, "percent_covered_display": "100", "missing_lines": 0, "excluded_lines": 0, "percent_statements_covered": 100.0, "percent_statements_covered_display": "100", "num_branches": 6, "num_partial_branches": 0, "covered_branches": 6, "missing_branches": 0, "percent_branches_covered": 100.0, "percent_branches_covered_display": "100"}, "missing_lines": [], "excluded_lines": [], "start_line": 415, "executed_branches": [[416, -415], [416, 417], [418, 419], [418, 420], [421, 416], [421, 422]], "missing_branches": []}, "CaptureStreamRunner._finalize_epoch": {"executed_lines": [425, 426, 427, 428, 429, 430, 431, 432], "summary": {"covered_lines": 8, "num_statements": 8, "percent_covered": 100.0, "percent_covered_display": "100", "missing_lines": 0, "excluded_lines": 0, "percent_statements_covered": 100.0, "percent_statements_covered_display": "100", "num_branches": 4, "num_partial_branches": 0, "covered_branches": 4, "missing_branches": 0, "percent_branches_covered": 100.0, "percent_branches_covered_display": "100"}, "missing_lines": [], "excluded_lines": [], "start_line": 424, "executed_branches": [[425, 426], [425, 427], [428, 429], [428, 431]], "missing_branches": []}, "CaptureStreamRunner._pause": {"executed_lines": [435, 436, 437, 440, 441], "summary": {"covered_lines": 5, "num_statements": 5, "percent_covered": 100.0, "percent_covered_display": "100", "missing_lines": 0, "excluded_lines": 0, "percent_statements_covered": 100.0, "percent_statements_covered_display": "100", "num_branches": 2, "num_partial_branches": 0, "covered_branches": 2, "missing_branches": 0, "percent_branches_covered": 100.0, "percent_branches_covered_display": "100"}, "missing_lines": [], "excluded_lines": [], "start_line": 434, "executed_branches": [[435, 436], [435, 437]], "missing_branches": []}, "CaptureStreamRunner._alert": {"executed_lines": [444, 445, 446], "summary": {"covered_lines": 3, "num_statements": 3, "percent_covered": 100.0, "percent_covered_display": "100", "missing_lines": 0, "excluded_lines": 0, "percent_statements_covered": 100.0, "percent_statements_covered_display": "100", "num_branches": 2, "num_partial_branches": 0, "covered_branches": 2, "missing_branches": 0, "percent_branches_covered": 100.0, "percent_branches_covered_display": "100"}, "missing_lines": [], "excluded_lines": [], "start_line": 443, "executed_branches": [[444, 445], [444, 446]], "missing_branches": []}, "CaptureStreamRunner._report": {"executed_lines": [449, 450, 451], "summary": {"covered_lines": 3, "num_statements": 3, "percent_covered": 100.0, "percent_covered_display": "100", "missing_lines": 0, "excluded_lines": 0, "percent_statements_covered": 100.0, "percent_statements_covered_display": "100", "num_branches": 0, "num_partial_branches": 0, "covered_branches": 0, "missing_branches": 0, "percent_branches_covered": 100.0, "percent_branches_covered_display": "100"}, "missing_lines": [], "excluded_lines": [], "start_line": 448, "executed_branches": [], "missing_branches": []}, "CryptoL2CaptureCoordinator.__init__": {"executed_lines": [500, 501, 502, 503, 504, 510, 517, 518, 519, 520, 521], "summary": {"covered_lines": 11, "num_statements": 11, "percent_covered": 100.0, "percent_covered_display": "100", "missing_lines": 0, "excluded_lines": 0, "percent_statements_covered": 100.0, "percent_statements_covered_display": "100", "num_branches": 0, "num_partial_branches": 0, "covered_branches": 0, "missing_branches": 0, "percent_branches_covered": 100.0, "percent_branches_covered_display": "100"}, "missing_lines": [], "excluded_lines": [], "start_line": 486, "executed_branches": [], "missing_branches": []}, "CryptoL2CaptureCoordinator.preflight": {"executed_lines": [524], "summary": {"covered_lines": 1, "num_statements": 1, "percent_covered": 100.0, "percent_covered_display": "100", "missing_lines": 0, "excluded_lines": 0, "percent_statements_covered": 100.0, "percent_statements_covered_display": "100", "num_branches": 0, "num_partial_branches": 0, "covered_branches": 0, "missing_branches": 0, "percent_branches_covered": 100.0, "percent_branches_covered_display": "100"}, "missing_lines": [], "excluded_lines": [], "start_line": 523, "executed_branches": [], "missing_branches": []}, "CryptoL2CaptureCoordinator.preflight_only": {"executed_lines": [527, 528, 529, 530, 531, 532, 534, 535, 536, 537, 538, 563], "summary": {"covered_lines": 12, "num_statements": 13, "percent_covered": 92.3076923076923, "percent_covered_display": "92", "missing_lines": 1, "excluded_lines": 0, "percent_statements_covered": 92.3076923076923, "percent_statements_covered_display": "92", "num_branches": 0, "num_partial_branches": 0, "covered_branches": 0, "missing_branches": 0, "percent_branches_covered": 100.0, "percent_branches_covered_display": "100"}, "missing_lines": [533], "excluded_lines": [], "start_line": 526, "executed_branches": [], "missing_branches": []}, "CryptoL2CaptureCoordinator.run": {"executed_lines": [573, 574, 575, 576, 612, 628, 634, 639], "summary": {"covered_lines": 8, "num_statements": 12, "percent_covered": 66.66666666666667, "percent_covered_display": "67", "missing_lines": 4, "excluded_lines": 0, "percent_statements_covered": 66.66666666666667, "percent_statements_covered_display": "67", "num_branches": 0, "num_partial_branches": 0, "covered_branches": 0, "missing_branches": 0, "percent_branches_covered": 100.0, "percent_branches_covered_display": "100"}, "missing_lines": [577, 578, 579, 604], "excluded_lines": [], "start_line": 572, "executed_branches": [], "missing_branches": []}, "CryptoL2CaptureCoordinator._write_report": {"executed_lines": [658, 659, 673, 674, 675, 676, 677, 678, 679, 680, 681, 682, 686], "summary": {"covered_lines": 13, "num_statements": 16, "percent_covered": 81.25, "percent_covered_display": "81", "missing_lines": 3, "excluded_lines": 0, "percent_statements_covered": 81.25, "percent_statements_covered_display": "81", "num_branches": 0, "num_partial_branches": 0, "covered_branches": 0, "missing_branches": 0, "percent_branches_covered": 100.0, "percent_branches_covered_display": "100"}, "missing_lines": [683, 684, 685], "excluded_lines": [], "start_line": 648, "executed_branches": [], "missing_branches": []}, "": {"executed_lines": [3, 5, 6, 7, 8, 9, 10, 11, 12, 13, 14, 16, 17, 34, 42, 48, 55, 56, 58, 59, 62, 63, 64, 65, 66, 67, 68, 69, 70, 71, 72, 73, 74, 75, 76, 77, 78, 79, 80, 81, 82, 83, 86, 87, 88, 89, 90, 91, 92, 93, 94, 95, 96, 97, 98, 99, 100, 101, 104, 116, 139, 140, 198, 265, 281, 311, 339, 364, 393, 401, 415, 424, 434, 443, 448, 483, 486, 523, 526, 572, 648], "summary": {"covered_lines": 81, "num_statements": 81, "percent_covered": 100.0, "percent_covered_display": "100", "missing_lines": 0, "excluded_lines": 0, "percent_statements_covered": 100.0, "percent_statements_covered_display": "100", "num_branches": 0, "num_partial_branches": 0, "covered_branches": 0, "missing_branches": 0, "percent_branches_covered": 100.0, "percent_branches_covered_display": "100"}, "missing_lines": [], "excluded_lines": [], "start_line": 1, "executed_branches": [], "missing_branches": []}}, "classes": {"CaptureStreamReport": {"executed_lines": [], "summary": {"covered_lines": 0, "num_statements": 0, "percent_covered": 100.0, "percent_covered_display": "100", "missing_lines": 0, "excluded_lines": 0, "percent_statements_covered": 100.0, "percent_statements_covered_display": "100", "num_branches": 0, "num_partial_branches": 0, "covered_branches": 0, "missing_branches": 0, "percent_branches_covered": 100.0, "percent_branches_covered_display": "100"}, "missing_lines": [], "excluded_lines": [], "start_line": 63, "executed_branches": [], "missing_branches": []}, "CaptureRunReport": {"executed_lines": [], "summary": {"covered_lines": 0, "num_statements": 0, "percent_covered": 100.0, "percent_covered_display": "100", "missing_lines": 0, "excluded_lines": 0, "percent_statements_covered": 100.0, "percent_statements_covered_display": "100", "num_branches": 0, "num_partial_branches": 0, "covered_branches": 0, "missing_branches": 0, "percent_branches_covered": 100.0, "percent_branches_covered_display": "100"}, "missing_lines": [], "excluded_lines": [], "start_line": 87, "executed_branches": [], "missing_branches": []}, "CaptureStreamRunner": {"executed_lines": [156, 157, 158, 159, 160, 161, 162, 163, 164, 165, 166, 167, 168, 169, 170, 179, 187, 188, 189, 190, 191, 192, 193, 194, 195, 196, 199, 200, 201, 204, 205, 206, 207, 208, 209, 210, 211, 213, 216, 217, 218, 219, 224, 230, 231, 236, 237, 238, 239, 240, 241, 242, 243, 244, 245, 246, 247, 248, 249, 252, 253, 254, 255, 256, 257, 258, 259, 262, 263, 266, 270, 271, 272, 273, 274, 275, 277, 279, 286, 287, 288, 289, 290, 291, 292, 296, 297, 298, 299, 300, 302, 303, 304, 308, 309, 316, 317, 323, 324, 325, 326, 327, 328, 329, 330, 331, 332, 336, 337, 340, 341, 342, 343, 358, 359, 360, 361, 362, 371, 372, 373, 374, 377, 394, 395, 396, 397, 398, 399, 402, 403, 404, 405, 416, 417, 418, 419, 420, 421, 422, 425, 426, 427, 428, 429, 430, 431, 432, 435, 436, 437, 440, 441, 444, 445, 446, 449, 450, 451], "summary": {"covered_lines": 159, "num_statements": 169, "percent_covered": 92.95774647887323, "percent_covered_display": "93", "missing_lines": 10, "excluded_lines": 0, "percent_statements_covered": 94.0828402366864, "percent_statements_covered_display": "94", "num_branches": 44, "num_partial_branches": 5, "covered_branches": 39, "missing_branches": 5, "percent_branches_covered": 88.63636363636364, "percent_branches_covered_display": "89"}, "missing_lines": [202, 203, 212, 214, 215, 225, 229, 301, 375, 376], "excluded_lines": [], "start_line": 139, "executed_branches": [[200, 201], [201, 204], [206, 207], [224, 230], [230, 231], [230, 237], [245, 246], [245, 248], [253, 254], [253, 262], [274, 275], [274, 277], [300, 302], [304, -281], [304, 308], [327, 328], [327, 330], [332, -311], [332, 336], [394, 395], [394, 396], [397, -393], [397, 398], [402, 403], [402, 404], [416, -415], [416, 417], [418, 419], [418, 420], [421, 416], [421, 422], [425, 426], [425, 427], [428, 429], [428, 431], [435, 436], [435, 437], [444, 445], [444, 446]], "missing_branches": [[200, 253], [201, 202], [206, 212], [224, 225], [300, 301]]}, "CryptoL2CaptureCoordinator": {"executed_lines": [500, 501, 502, 503, 504, 510, 517, 518, 519, 520, 521, 524, 527, 528, 529, 530, 531, 532, 534, 535, 536, 537, 538, 563, 573, 574, 575, 576, 612, 628, 634, 639, 658, 659, 673, 674, 675, 676, 677, 678, 679, 680, 681, 682, 686], "summary": {"covered_lines": 45, "num_statements": 53, "percent_covered": 84.90566037735849, "percent_covered_display": "85", "missing_lines": 8, "excluded_lines": 0, "percent_statements_covered": 84.90566037735849, "percent_statements_covered_display": "85", "num_branches": 0, "num_partial_branches": 0, "covered_branches": 0, "missing_branches": 0, "percent_branches_covered": 100.0, "percent_branches_covered_display": "100"}, "missing_lines": [533, 577, 578, 579, 604, 683, 684, 685], "excluded_lines": [], "start_line": 483, "executed_branches": [], "missing_branches": []}, "": {"executed_lines": [3, 5, 6, 7, 8, 9, 10, 11, 12, 13, 14, 16, 17, 34, 42, 48, 55, 56, 58, 59, 62, 63, 64, 65, 66, 67, 68, 69, 70, 71, 72, 73, 74, 75, 76, 77, 78, 79, 80, 81, 82, 83, 86, 87, 88, 89, 90, 91, 92, 93, 94, 95, 96, 97, 98, 99, 100, 101, 104, 105, 106, 109, 110, 111, 112, 113, 116, 117, 118, 119, 120, 124, 125, 126, 127, 130, 131, 132, 133, 136, 139, 140, 198, 265, 281, 311, 339, 364, 393, 401, 415, 424, 434, 443, 448, 483, 486, 523, 526, 572, 648], "summary": {"covered_lines": 101, "num_statements": 105, "percent_covered": 96.46017699115045, "percent_covered_display": "96", "missing_lines": 4, "excluded_lines": 0, "percent_statements_covered": 96.19047619047619, "percent_statements_covered_display": "96", "num_branches": 8, "num_partial_branches": 0, "covered_branches": 8, "missing_branches": 0, "percent_branches_covered": 100.0, "percent_branches_covered_display": "100"}, "missing_lines": [107, 108, 134, 135], "excluded_lines": [], "start_line": 1, "executed_branches": [[109, 110], [109, 111], [111, 112], [111, 113], [118, 119], [118, 124], [130, 131], [130, 132]], "missing_branches": []}}}, "src\\quant_data_kit\\capture_v2\\epoch.py": {"executed_lines": [3, 5, 6, 7, 8, 9, 10, 11, 12, 14, 15, 16, 22, 24, 25, 28, 29, 30, 31, 32, 33, 36, 37, 38, 
[...]
s_covered": 100.0, "percent_branches_covered_display": "100"}, "missing_lines": [], "excluded_lines": [], "start_line": 349, "executed_branches": [[367, -349], [367, 368]], "missing_branches": []}, "": {"executed_lines": [1, 3, 4, 5, 6, 7, 9, 10, 12, 38, 39, 55, 56, 59, 63, 77, 90, 116, 133, 159, 186, 205, 241, 265, 285, 303, 326, 349], "summary": {"covered_lines": 28, "num_statements": 28, "percent_covered": 100.0, "percent_covered_display": "100", "missing_lines": 0, "excluded_lines": 0, "percent_statements_covered": 100.0, "percent_statements_covered_display": "100", "num_branches": 0, "num_partial_branches": 0, "covered_branches": 0, "missing_branches": 0, "percent_branches_covered": 100.0, "percent_branches_covered_display": "100"}, "missing_lines": [], "excluded_lines": [], "start_line": 1, "executed_branches": [], "missing_branches": []}}, "classes": {"": {"executed_lines": [1, 3, 4, 5, 6, 7, 9, 10, 12, 38, 39, 55, 56, 59, 60, 63, 64, 77, 78, 79, 80, 81, 82, 83, 84, 90, 91, 109, 110, 111, 112, 113, 116, 117, 127, 128, 129, 130, 133, 134, 140, 141, 148, 149, 150, 151, 152, 159, 160, 165, 166, 174, 175, 176, 186, 187, 193, 194, 195, 196, 197, 199, 200, 201, 202, 205, 206, 207, 208, 210, 211, 212, 213, 215, 216, 217, 218, 220, 229, 230, 231, 232, 234, 235, 236, 237, 238, 241, 242, 249, 259, 260, 261, 262, 265, 266, 267, 269, 270, 271, 272, 274, 275, 276, 277, 279, 280, 281, 282, 285, 286, 297, 298, 299, 300, 303, 304, 310, 311, 318, 323, 326, 327, 334, 344, 345, 346, 349, 350, 351, 352, 366, 367, 368, 369], "summary": {"covered_lines": 135, "num_statements": 135, "percent_covered": 100.0, "percent_covered_display": "100", "missing_lines": 0, "excluded_lines": 0, "percent_statements_covered": 100.0, "percent_statements_covered_display": "100", "num_branches": 6, "num_partial_branches": 0, "covered_branches": 6, "missing_branches": 0, "percent_branches_covered": 100.0, "percent_branches_covered_display": "100"}, "missing_lines": [], "excluded_lines": [], "start_line": 1, "executed_branches": [[286, 297], [286, 298], [318, -303], [318, 323], [367, -349], [367, 368]], "missing_branches": []}}}, "tools\\benchmark_normalized_l2.py": {"executed_lines": [3, 5, 6, 7, 8, 9, 10, 11, 12, 13, 14, 15, 16, 17, 18, 19, 20, 21, 22, 23, 24, 26, 27, 28, 29, 31, 32, 38, 44, 45, 46, 47, 48, 49, 50, 51, 52, 55, 57, 59, 85, 86, 105, 106, 109, 111, 113, 115, 116, 117, 118, 119, 120, 121, 123, 124, 125, 126, 127, 128, 129, 130, 131, 132, 133, 138, 145, 155, 172, 178, 179, 180, 181, 182, 183, 184, 186, 187, 188, 190, 191, 192, 194, 195, 196, 197, 200, 201, 202, 217, 222, 225, 229, 231, 232, 235, 236, 237, 239, 240, 241, 243, 244, 245, 247, 248, 251, 252, 253, 260, 262, 269, 270, 273, 274, 280, 281, 282, 284, 285, 286, 289, 290, 301, 340, 347, 348, 349, 358, 359, 360, 368, 370, 371, 372, 380, 388, 390, 391, 392, 393, 414, 427, 429, 431, 432, 433, 434, 435, 436, 440, 449, 453, 454, 455, 458, 464, 465, 466, 472, 531, 534, 557, 596], "summary": {"covered_lines": 164, "num_statements": 215, "percent_covered": 73.51778656126483, "percent_covered_display": "74", "missing_lines": 51, "excluded_lines": 0, "percent_statements_covered": 76.27906976744185, "percent_statements_covered_display": "76", "num_branches": 38, "num_partial_branches": 10, "covered_branches": 22, "missing_branches": 16, "percent_branches_covered": 57.89473684210526, "percent_branches_covered_display": "58"}, "missing_lines": [58, 112, 114, 283, 308, 309, 329, 330, 331, 335, 336, 337, 369, 389, 428, 430, 467, 468, 469, 470, 471, 535, 536, 537, 538, 539, 540, 541, 542, 543, 544, 545, 546, 549, 554, 558, 559, 560, 565, 566, 573, 574, 575, 576, 588, 589, 590, 591, 592, 593, 597], "excluded_lines": [], "executed_branches": [[57, 59], [85, -55], [85, 86], [111, 113], [113, 115], [128, -109], [128, 129], [187, -186], [187, 188], [229, 231], [229, 244], [247, -200], [247, 248], [281, 282], [281, 286], [282, 284], [368, 370], [388, 390], [427, 429], [429, 431], [466, 472], [596, -1]], "missing_branches": [[57, 58], [111, 112], [113, 114], [282, 283], [330, 331], [330, 335], [368, 369], [388, 389], [427, 428], [429, 430], [466, 467], [468, 469], [468, 470], [565, 566], [565, 576], [596, 597]], "functions": {"synthetic_l2_events": {"executed_lines": [57, 59, 85, 86], "summary": {"covered_lines": 4, "num_statements": 5, "percent_covered": 77.77777777777777, "percent_covered_display": "78", "missing_lines": 1, "excluded_lines": 0, "percent_statements_covered": 80.0, "percent_statements_covered_display": "80", "num_branches": 4, "num_partial_branches": 1, "covered_branches": 3, "missing_branches": 1, "percent_branches_covered": 75.0, "percent_branches_covered_display": "75"}, "missing_lines": [58], "excluded_lines": [], "start_line": 55, "executed_branches": [[57, 59], [85, -55], [85, 86]], "missing_branches": [[57, 58]]}, "_repeat": {"executed_lines": [106], "summary": {"covered_lines": 1, "num_statements": 1, "percent_covered": 100.0, "percent_covered_display": "100", "missing_lines": 0, "excluded_lines": 0, "percent_statements_covered": 100.0, "percent_statements_covered_display": "100", "num_branches": 0, "num_partial_branches": 0, "covered_branches": 0, "missing_branches": 0, "percent_branches_covered": 100.0, "percent_branches_covered_display": "100"}, "missing_lines": [], "excluded_lines": [], "start_line": 105, "executed_branches": [], "missing_branches": []}, "synthetic_l2_batches": {"executed_lines": [111, 113, 115, 116, 117, 118, 119, 120, 121, 123, 124, 125, 126, 127, 128, 129, 130, 131, 132, 133, 138, 145, 155, 172], "summary": {"covered_lines": 24, "num_statements": 26, "percent_covered": 87.5, "percent_covered_display": "88", "missing_lines": 2, "excluded_lines": 0, "percent_statements_covered": 92.3076923076923, "percent_statements_covered_display": "92", "num_branches": 6, "num_partial_branches": 2, "covered_branches": 4, "missing_branches": 2, "percent_branches_covered": 66.66666666666667, "percent_branches_covered_display": "67"}, "missing_lines": [112, 114], "excluded_lines": [], "start_line": 109, "executed_branches": [[111, 113], [113, 115], [128, -109], [128, 129]], "missing_branches": [[111, 112], [113, 114]]}, "_PeakRssSampler.__init__": {"executed_lines": [180, 181, 182, 183, 184], "summary": {"covered_lines": 5, "num_statements": 5, "percent_covered": 100.0, "percent_covered_display": "100", "missing_lines": 0, "excluded_lines": 0, "percent_statements_covered": 100.0, "percent_statements_covered_display": "100", "num_branches": 0, "num_partial_branches": 0, "covered_branches": 0, "missing_branches": 0, "percent_branches_covered": 100.0, "percent_branches_covered_display": "100"}, "missing_lines": [], "excluded_lines": [], "start_line": 179, "executed_branches": [], "missing_branches": []}, "_PeakRssSampler._sample": {"executed_lines": [187, 188], "summary": {"covered_lines": 2, "num_statements": 2, "percent_covered": 100.0, "percent_covered_display": "100", "missing_lines": 0, "excluded_lines": 0, "percent_statements_covered": 100.0, "percent_statements_covered_display": "100", "num_branches": 2, "num_partial_branches": 0, "covered_branches": 2, "missing_branches": 0, "percent_branches_covered": 100.0, "percent_branches_covered_display": "100"}, "missing_lines": [], "excluded_lines": [], "start_line": 186, "executed_branches": [[187, -186], [187, 188]], "missing_branches": []}, "_PeakRssSampler.__enter__": {"executed_lines": [191, 192], "summary": {"covered_lines": 2, "num_statements": 2, "percent_covered": 100.0, "percent_covered_display": "100", "missing_lines": 0, "excluded_lines": 0, "percent_statements_covered": 100.0, "percent_statements_covered_display": "100", "num_branches": 0, "num_partial_branches": 0, "covered_branches": 0, "missing_branches": 0, "percent_branches_covered": 100.0, "percent_branches_covered_display": "100"}, "missing_lines": [], "excluded_lines": [], "start_line": 190, "executed_branches": [], "missing_branches": []}, "_PeakRssSampler.__exit__": {"executed_lines": [195, 196, 197], "summary": {"covered_lines": 3, "num_statements": 3, "percent_covered": 100.0, "percent_covered_display": "100", "missing_lines": 0, "excluded_lines": 0, "percent_statements_covered": 100.0, "percent_statements_covered_display": "100", "num_branches": 0, "num_partial_branches": 0, "covered_branches": 0, "missing_branches": 0, "percent_branches_covered": 100.0, "percent_branches_covered_display": "100"}, "missing_lines": [], "excluded_lines": [], "start_line": 194, "executed_branches": [], "missing_branches": []}, "_profile_storage_stages": {"executed_lines": [202, 217, 222, 225, 229, 231, 232, 243, 244, 245, 247, 248], "summary": {"covered_lines": 12, "num_statements": 12, "percent_covered": 100.0, "percent_covered_display": "100", "missing_lines": 0, "excluded_lines": 0, "percent_statements_covered": 100.0, "percent_statements_covered_display": "100", "num_branches": 4, "num_partial_branches": 0, "covered_branches": 4, "missing_branches": 0, "percent_branches_covered": 100.0, "percent_branches_covered_display": "100"}, "missing_lines": [], "excluded_lines": [], "start_line": 201, "executed_branches": [[229, 231], [229, 244], [247, -200], [247, 248]], "missing_branches": []}, "_profile_storage_stages.measured": {"executed_lines": [235, 236, 237, 239, 240, 241], "summary": {"covered_lines": 6, "num_statements": 6, "percent_covered": 100.0, "percent_covered_display": "100", "missing_lines": 0, "excluded_lines": 0, "percent_statements_covered": 100.0, "percent_statements_covered_display": "100", "num_branches": 0, "num_partial_branches": 0, "covered_branches": 0, "missing_branches": 0, "percent_branches_covered": 100.0, "percent_branches_covered_display": "100"}, "missing_lines": [], "excluded_lines": [], "start_line": 232, "executed_branches": [], "missing_branches": []}, "_git_identity": {"executed_lines": [252, 262], "summary": {"covered_lines": 2, "num_statements": 2, "percent_covered": 100.0, "percent_covered_display": "100", "missing_lines": 0, "excluded_lines": 0, "percent_statements_covered": 100.0, "percent_statements_covered_display": "100", "num_branches": 0, "num_partial_branches": 0, "covered_branches": 0, "missing_branches": 0, "percent_branches_covered": 100.0, "percent_branches_covered_display": "100"}, "missing_lines": [], "excluded_lines": [], "start_line": 251, "executed_branches": [], "missing_branches": []}, "_git_identity.git": {"executed_lines": [253, 260], "summary": {"covered_lines": 2, "num_statements": 2, "percent_covered": 100.0, "percent_covered_display": "100", "missing_lines": 0, "excluded_lines": 0, "percent_statements_covered": 100.0, "percent_statements_covered_display": "100", "num_branches": 0, "num_partial_branches": 0, "covered_branches": 0, "missing_branches": 0, "percent_branches_covered": 100.0, "percent_branches_covered_display": "100"}, "missing_lines": [], "excluded_lines": [], "start_line": 252, "executed_branches": [], "missing_branches": []}, "_tree_bytes": {"executed_lines": [270], "summary": {"covered_lines": 1, "num_statements": 1, "percent_covered": 100.0, "percent_covered_display": "100", "missing_lines": 0, "excluded_lines": 0, "percent_statements_covered": 100.0, "percent_statements_covered_display": "100", "num_branches": 0, "num_partial_branches": 0, "covered_branches": 0, "missing_branches": 0, "percent_branches_covered": 100.0, "percent_branches_covered_display": "100"}, "missing_lines": [], "excluded_lines": [], "start_line": 269, "executed_branches": [], "missing_branches": []}, "_disk_roots": {"executed_lines": [274, 280, 281, 282, 284, 285, 286], "summary": {"covered_lines": 7, "num_statements": 8, "percent_covered": 83.33333333333333, "percent_covered_display": "83", "missing_lines": 1, "excluded_lines": 0, "percent_statements_covered": 87.5, "percent_statements_covered_display": "88", "num_branches": 4, "num_partial_branches": 1, "covered_branches": 3, "missing_branches": 1, "percent_branches_covered": 75.0, "percent_branches_covered_display": "75"}, "missing_lines": [283], "excluded_lines": [], "start_line": 273, "executed_branches": [[281, 282], [281, 286], [282, 284]], "missing_branches": [[282, 283]]}, "_disk_usage": {"executed_lines": [290], "summary": {"covered_lines": 1, "num_statements": 1, "percent_covered": 100.0, "percent_covered_display": "100", "missing_lines": 0, "excluded_lines": 0, "percent_statements_covered": 100.0, "percent_statements_covered_display": "100", "num_branches": 0, "num_partial_branches": 0, "covered_branches": 0, "missing_branches": 0, "percent_branches_covered": 100.0, "percent_branches_covered_display": "100"}, "missing_lines": [], "excluded_lines": [], "start_line": 289, "executed_branches": [], "missing_branches": []}, "_run_once_independent": {"executed_lines": [], "summary": {"covered_lines": 0, "num_statements": 8, "percent_covered": 0.0, "percent_covered_display": "0", "missing_lines": 8, "excluded_lines": 0, "percent_statements_covered": 0.0, "percent_statements_covered_display": "0", "num_branches": 2, "num_partial_branches": 0, "covered_branches": 0, "missing_branches": 2, "percent_branches_covered": 0.0, "percent_branches_covered_display": "0"}, "missing_lines": [308, 309, 329, 330, 331, 335, 336, 337], "excluded_lines": [], "start_line": 301, "executed_branches": [], "missing_branches": [[330, 331], [330, 335]]}, "_run_once": {"executed_lines": [347, 348, 349, 358, 359, 360, 368, 370, 371, 372, 380, 388, 390, 391, 392, 393], "summary": {"covered_lines": 16, "num_statements": 18, "percent_covered": 81.81818181818181, "percent_covered_display": "82", "missing_lines": 2, "excluded_lines": 0, "percent_statements_covered": 88.88888888888889, "percent_statements_covered_display": "89", "num_branches": 4, "num_partial_branches": 2, "covered_branches": 2, "missing_branches": 2, "percent_branches_covered": 50.0, "percent_branches_covered_display": "50"}, "missing_lines": [369, 389], "excluded_lines": [], "start_line": 340, "executed_branches": [[368, 370], [388, 390]], "missing_branches": [[368, 369], [388, 389]]}, "run_benchmark": {"executed_lines": [427, 429, 431, 432, 433, 434, 435, 436, 440, 449, 453, 454, 455, 458, 464, 465, 466, 472, 531], "summary": {"covered_lines": 19, "num_statements": 26, "percent_covered": 64.70588235294117, "percent_covered_display": "65", "missing_lines": 7, "excluded_lines": 0, "percent_statements_covered": 73.07692307692308, "percent_statements_covered_display": "73", "num_branches": 8, "num_partial_branches": 3, "covered_branches": 3, "missing_branches": 5, "percent_branches_covered": 37.5, "percent_branches_covered_display": "38"}, "missing_lines": [428, 430, 467, 468, 469, 470, 471], "excluded_lines": [], "start_line": 414, "executed_branches": [[427, 429], [429, 431], [466, 472]], "missing_branches": [[427, 428], [429, 430], [466, 467], [468, 469], [468, 470]]}, "_parser": {"executed_lines": [], "summary": {"covered_lines": 0, "num_statements": 14, "percent_covered": 0.0, "percent_covered_display": "0", "missing_lines": 14, "excluded_lines": 0, "percent_statements_covered": 0.0, "percent_statements_covered_display": "0", "num_branches": 0, "num_partial_branches": 0, "covered_branches": 0, "missing_branches": 0, "percent_branches_covered": 100.0, "percent_branches_covered_display": "100"}, "missing_lines": [535, 536, 537, 538, 539, 540, 541, 542, 543, 544, 545, 546, 549, 554], "excluded_lines": [], "start_line": 534, "executed_branches": [], "missing_branches": []}, "main": {"executed_lines": [], "summary": {"covered_lines": 0, "num_statements": 15, "percent_covered": 0.0, "percent_covered_display": "0", "missing_lines": 15, "excluded_lines": 0, "percent_statements_covered": 0.0, "percent_statements_covered_display": "0", "num_branches": 2, "num_partial_branches": 0, "covered_branches": 0, "missing_branches": 2, "percent_branches_covered": 0.0, "percent_branches_covered_display": "0"}, "missing_lines": [558, 559, 560, 565, 566, 573, 574, 575, 576, 588, 589, 590, 591, 592, 593], "excluded_lines": [], "start_line": 557, "executed_branches": [], "missing_branches": [[565, 566], [565, 576]]}, "": {"executed_lines": [3, 5, 6, 7, 8, 9, 10, 11, 12, 13, 14, 15, 16, 17, 18, 19, 20, 21, 22, 23, 24, 26, 27, 28, 29, 31, 32, 38, 44, 45, 46, 47, 48, 49, 50, 51, 52, 55, 105, 109, 178, 179, 186, 190, 194, 200, 201, 251, 269, 273, 289, 301, 340, 414, 534, 557, 596], "summary": {"covered_lines": 57, "num_statements": 58, "percent_covered": 96.66666666666667, "percent_covered_display": "97", "missing_lines": 1, "excluded_lines": 0, "percent_statements_covered": 98.27586206896552, "percent_statements_covered_display": "98", "num_branches": 2, "num_partial_branches": 1, "covered_branches": 1, "missing_branches": 1, "percent_branches_covered": 50.0, "percent_branches_covered_display": "50"}, "missing_lines": [597], "excluded_lines": [], "start_line": 1, "executed_branches": [[596, -1]], "missing_branches": [[596, 597]]}}, "classes": {"_PeakRssSampler": {"executed_lines": [180, 181, 182, 183, 184, 187, 188, 191, 192, 195, 196, 197], "summary": {"covered_lines": 12, "num_statements": 12, "percent_covered": 100.0, "percent_covered_display": "100", "missing_lines": 0, "excluded_lines": 0, "percent_statements_covered": 100.0, "percent_statements_covered_display": "100", "num_branches": 2, "num_partial_branches": 0, "covered_branches": 2, "missing_branches": 0, "percent_branches_covered": 100.0, "percent_branches_covered_display": "100"}, "missing_lines": [], "excluded_lines": [], "start_line": 178, "executed_branches": [[187, -186], [187, 188]], "missing_branches": []}, "": {"executed_lines": [3, 5, 6, 7, 8, 9, 10, 11, 12, 13, 14, 15, 16, 17, 18, 19, 20, 21, 22, 23, 24, 26, 27, 28, 29, 31, 32, 38, 44, 45, 46, 47, 48, 49, 50, 51, 52, 55, 57, 59, 85, 86, 105, 106, 109, 111, 113, 115, 116, 117, 118, 119, 120, 121, 123, 124, 125, 126, 127, 128, 129, 130, 131, 132, 133, 138, 145, 155, 172, 178, 179, 186, 190, 194, 200, 201, 202, 217, 222, 225, 229, 231, 232, 235, 236, 237, 239, 240, 241, 243, 244, 245, 247, 248, 251, 252, 253, 260, 262, 269, 270, 273, 274, 280, 281, 282, 284, 285, 286, 289, 290, 301, 340, 347, 348, 349, 358, 359, 360, 368, 370, 371, 372, 380, 388, 390, 391, 392, 393, 414, 427, 429, 431, 432, 433, 434, 435, 436, 440, 449, 453, 454, 455, 458, 464, 465, 466, 472, 531, 534, 557, 596], "summary": {"covered_lines": 152, "num_statements": 203, "percent_covered": 71.96652719665272, "percent_covered_display": "72", "missing_lines": 51, "excluded_lines": 0, "percent_statements_covered": 74.8768472906404, "percent_statements_covered_display": "75", "num_branches": 36, "num_partial_branches": 10, "covered_branches": 20, "missing_branches": 16, "percent_branches_covered": 55.55555555555556, "percent_branches_covered_display": "56"}, "missing_lines": [58, 112, 114, 283, 308, 309, 329, 330, 331, 335, 336, 337, 369, 389, 428, 430, 467, 468, 469, 470, 471, 535, 536, 537, 538, 539, 540, 541, 542, 543, 544, 545, 546, 549, 554, 558, 559, 560, 565, 566, 573, 574, 575, 576, 588, 589, 590, 591, 592, 593, 597], "excluded_lines": [], "start_line": 1, "executed_branches": [[57, 59], [85, -55], [85, 86], [111, 113], [113, 115], [128, -109], [128, 129], [229, 231], [229, 244], [247, -200], [247, 248], [281, 282], [281, 286], [282, 284], [368, 370], [388, 390], [427, 429], [429, 431], [466, 472], [596, -1]], "missing_branches": [[57, 58], [111, 112], [113, 114], [282, 283], [330, 331], [330, 335], [368, 369], [388, 389], [427, 428], [429, 430], [466, 467], [468, 469], [468, 470], [565, 566], [565, 576], [596, 597]]}}}}, "totals": {"covered_lines": 10253, "num_statements": 10916, "percent_covered": 92.520042353653, "percent_covered_display": "93", "missing_lines": 663, "excluded_lines": 34, "percent_statements_covered": 93.9263466471235, "percent_statements_covered_display": "94", "num_branches": 2306, "num_partial_branches": 206, "covered_branches": 1980, "missing_branches": 326, "percent_branches_covered": 85.86296617519514, "percent_branches_covered_display": "86"}}